#
# There is insufficient memory for the Java Runtime Environment to continue.
# Native memory allocation (mmap) failed to map 65536 bytes for Failed to commit metaspace.
# Possible reasons:
#   The system is out of physical RAM or swap space
#   The process is running with CompressedOops enabled, and the Java Heap may be blocking the growth of the native heap
# Possible solutions:
#   Reduce memory load on the system
#   Increase physical memory or swap space
#   Check if swap backing store is full
#   Decrease Java heap size (-Xmx/-Xms)
#   Decrease number of Java threads
#   Decrease Java thread stack sizes (-Xss)
#   Set larger code cache with -XX:ReservedCodeCacheSize=
#   JVM is running with Unscaled Compressed Oops mode in which the Java heap is
#     placed in the first 4GB address space. The Java Heap base address is the
#     maximum limit for the native heap growth. Please use -XX:HeapBaseMinAddress
#     to set the Java Heap base and to place the Java Heap above 4GB virtual address.
# This output file may be truncated or incomplete.
#
#  Out of Memory Error (virtualSpaceNode.cpp:110), pid=2320, tid=22612
#
# JRE version: OpenJDK Runtime Environment Temurin-17.0.6+10 (17.0.6+10) (build 17.0.6+10)
# Java VM: OpenJDK 64-Bit Server VM Temurin-17.0.6+10 (17.0.6+10, mixed mode, tiered, compressed oops, compressed class ptrs, parallel gc, windows-amd64)
# No core dump will be written. Minidumps are not enabled by default on client versions of Windows
#

---------------  S U M M A R Y ------------

Command Line: --add-modules=ALL-SYSTEM --add-opens=java.base/java.util=ALL-UNNAMED --add-opens=java.base/java.lang=ALL-UNNAMED --add-opens=java.base/sun.nio.fs=ALL-UNNAMED -Declipse.application=org.eclipse.jdt.ls.core.id1 -Dosgi.bundles.defaultStartLevel=4 -Declipse.product=org.eclipse.jdt.ls.core.product -Djava.import.generatesMetadataFilesAtProjectRoot=false -Dfile.encoding=utf8 -XX:+UseParallelGC -XX:GCTimeRatio=4 -XX:AdaptiveSizePolicyWeight=90 -Dsun.zip.disableMemoryMapping=true -Xmx1G -Xms100m -Xlog:disable -javaagent:c:\Users\prera\.vscode\extensions\redhat.java-1.17.0-win32-x64\lombok\lombok-1.18.24.jar c:\Users\prera\.vscode\extensions\redhat.java-1.17.0-win32-x64\server\plugins\org.eclipse.equinox.launcher_1.6.400.v20210924-0641.jar -configuration c:\Users\prera\AppData\Roaming\Code\User\globalStorage\redhat.java\1.17.0\config_ss_win -data c:\Users\prera\AppData\Roaming\Code\User\workspaceStorage\17cf255be1d5e9daf9b49459649ceef1\redhat.java\ss_ws

Host: AMD Ryzen 7 5800H with Radeon Graphics         , 16 cores, 15G,  Windows 11 , 64 bit Build 22621 (10.0.22621.1485)
Time: Sat Apr 15 10:56:34 2023 India Standard Time elapsed time: 3.448242 seconds (0d 0h 0m 3s)

---------------  T H R E A D  ---------------

Current thread (0x000001eca36e3670):  JavaThread "Framework stop - Equinox Container: c351a857-969a-490b-b884-841a3693ac34" [_thread_in_vm, id=22612, stack(0x000000c72ec00000,0x000000c72ed00000)]

Stack: [0x000000c72ec00000,0x000000c72ed00000]
Native frames: (J=compiled Java code, j=interpreted, Vv=VM code, C=native code)
V  [jvm.dll+0x67741a]
V  [jvm.dll+0x834434]
V  [jvm.dll+0x835bde]
V  [jvm.dll+0x836243]
V  [jvm.dll+0x2457b5]
V  [jvm.dll+0x8304cb]
V  [jvm.dll+0x61bca6]
V  [jvm.dll+0x61bd0a]
V  [jvm.dll+0x61e52a]
V  [jvm.dll+0x61c646]
V  [jvm.dll+0x23b2a0]
V  [jvm.dll+0x1eae0d]
V  [jvm.dll+0x1e0841]
V  [jvm.dll+0x53c6d0]
V  [jvm.dll+0x1f1017]
V  [jvm.dll+0x7aea1b]
V  [jvm.dll+0x7afdc2]
V  [jvm.dll+0x412dc5]
C  [java.dll+0x1a55]

Java frames: (J=compiled Java code, j=interpreted, Vv=VM code)
J 883  java.lang.ClassLoader.findBootstrapClass(Ljava/lang/String;)Ljava/lang/Class; java.base@17.0.6 (0 bytes) @ 0x000001ec95818df2 [0x000001ec95818da0+0x0000000000000052]
J 886 c1 jdk.internal.loader.ClassLoaders$BootClassLoader.loadClassOrNull(Ljava/lang/String;Z)Ljava/lang/Class; java.base@17.0.6 (10 bytes) @ 0x000001ec8dd946cc [0x000001ec8dd94560+0x000000000000016c]
J 856 c1 jdk.internal.loader.BuiltinClassLoader.loadClassOrNull(Ljava/lang/String;Z)Ljava/lang/Class; java.base@17.0.6 (143 bytes) @ 0x000001ec8dd85db4 [0x000001ec8dd85340+0x0000000000000a74]
J 864 c1 jdk.internal.loader.BuiltinClassLoader.loadClass(Ljava/lang/String;Z)Ljava/lang/Class; java.base@17.0.6 (22 bytes) @ 0x000001ec8dd88ac4 [0x000001ec8dd889c0+0x0000000000000104]
J 934 c1 java.lang.ClassLoader.loadClass(Ljava/lang/String;Z)Ljava/lang/Class; java.base@17.0.6 (121 bytes) @ 0x000001ec8ddb2634 [0x000001ec8ddb22c0+0x0000000000000374]
J 841 c1 java.lang.ClassLoader.loadClass(Ljava/lang/String;)Ljava/lang/Class; java.base@17.0.6 (7 bytes) @ 0x000001ec8dd80abc [0x000001ec8dd809c0+0x00000000000000fc]
j  org.eclipse.osgi.internal.loader.SystemBundleLoader.findLocalClass(Ljava/lang/String;)Ljava/lang/Class;+5
J 2053 c1 org.eclipse.osgi.internal.loader.sources.SingleSourcePackage.loadClass(Ljava/lang/String;)Ljava/lang/Class; (9 bytes) @ 0x000001ec8dfff73c [0x000001ec8dfff640+0x00000000000000fc]
J 1701 c1 org.eclipse.osgi.internal.loader.BundleLoader.findClass0(Ljava/lang/String;ZZ)Ljava/lang/Class; (466 bytes) @ 0x000001ec8df2febc [0x000001ec8df2e5a0+0x000000000000191c]
J 1700 c1 org.eclipse.osgi.internal.loader.BundleLoader.findClass(Ljava/lang/String;)Ljava/lang/Class; (8 bytes) @ 0x000001ec8df2c09c [0x000001ec8df2c020+0x000000000000007c]
J 1702 c1 org.eclipse.osgi.internal.loader.ModuleClassLoader.loadClass(Ljava/lang/String;Z)Ljava/lang/Class; (36 bytes) @ 0x000001ec8df2cabc [0x000001ec8df2c8a0+0x000000000000021c]
J 841 c1 java.lang.ClassLoader.loadClass(Ljava/lang/String;)Ljava/lang/Class; java.base@17.0.6 (7 bytes) @ 0x000001ec8dd80abc [0x000001ec8dd809c0+0x00000000000000fc]
v  ~StubRoutines::call_stub
j  org.eclipse.equinox.internal.security.auth.AuthPlugin.stop(Lorg/osgi/framework/BundleContext;)V+6
j  org.eclipse.osgi.internal.framework.BundleContextImpl$3.run()Ljava/lang/Void;+23
j  org.eclipse.osgi.internal.framework.BundleContextImpl$3.run()Ljava/lang/Object;+1
J 1282 c1 java.security.AccessController.executePrivileged(Ljava/security/PrivilegedExceptionAction;Ljava/security/AccessControlContext;Ljava/lang/Class;)Ljava/lang/Object; java.base@17.0.6 (65 bytes) @ 0x000001ec8de623b4 [0x000001ec8de62260+0x0000000000000154]
j  java.security.AccessController.doPrivileged(Ljava/security/PrivilegedExceptionAction;)Ljava/lang/Object;+9 java.base@17.0.6
j  org.eclipse.osgi.internal.framework.BundleContextImpl.stop()V+14
j  org.eclipse.osgi.internal.framework.EquinoxBundle.stopWorker0()V+10
j  org.eclipse.osgi.internal.framework.EquinoxBundle$EquinoxModule.stopWorker()V+4
j  org.eclipse.osgi.container.Module.doStop()Lorg/eclipse/osgi/container/ModuleContainerAdaptor$ModuleEvent;+15
j  org.eclipse.osgi.container.Module.stop([Lorg/eclipse/osgi/container/Module$StopOptions;)V+70
j  org.eclipse.osgi.container.ModuleContainer$ContainerStartLevel.decStartLevel(ILjava/util/List;)V+123
j  org.eclipse.osgi.container.ModuleContainer$ContainerStartLevel.doContainerStartLevel(Lorg/eclipse/osgi/container/Module;I[Lorg/osgi/framework/FrameworkListener;)V+518
j  org.eclipse.osgi.container.SystemModule.stopWorker()V+23
j  org.eclipse.osgi.internal.framework.EquinoxBundle$SystemBundle$EquinoxSystemModule.stopWorker()V+1
j  org.eclipse.osgi.container.Module.doStop()Lorg/eclipse/osgi/container/ModuleContainerAdaptor$ModuleEvent;+15
j  org.eclipse.osgi.container.Module.stop([Lorg/eclipse/osgi/container/Module$StopOptions;)V+70
j  org.eclipse.osgi.container.SystemModule.stop([Lorg/eclipse/osgi/container/Module$StopOptions;)V+31
j  org.eclipse.osgi.internal.framework.EquinoxBundle$SystemBundle$EquinoxSystemModule$1.run()V+8
j  java.lang.Thread.run()V+11 java.base@17.0.6
v  ~StubRoutines::call_stub

---------------  P R O C E S S  ---------------

Threads class SMR info:
_java_thread_list=0x000001eca6c8a5b0, length=26, elements={
0x000001ec8af9b050, 0x000001ec8b05d210, 0x000001ec8b05e980, 0x000001ec9ee1bd50,
0x000001ec9ee1c710, 0x000001ec9ee1da60, 0x000001eca0a0d340, 0x000001eca0a0ff40,
0x000001eca0a10500, 0x000001eca0a10b00, 0x000001ec8afffed0, 0x000001eca0b8f300,
0x000001eca0cd8bd0, 0x000001eca0cd90e0, 0x000001eca290dd90, 0x000001eca316c040,
0x000001eca35339d0, 0x000001eca3585cb0, 0x000001eca344a690, 0x000001eca32f3b50,
0x000001eca3410ec0, 0x000001eca3765e20, 0x000001eca36e4e80, 0x000001eca3585130,
0x000001eca36e1990, 0x000001eca36e3670
}

Java Threads: ( => current thread )
  0x000001ec8af9b050 JavaThread "main" [_thread_blocked, id=11240, stack(0x000000c72c500000,0x000000c72c600000)]
  0x000001ec8b05d210 JavaThread "Reference Handler" daemon [_thread_blocked, id=26756, stack(0x000000c72c800000,0x000000c72c900000)]
  0x000001ec8b05e980 JavaThread "Finalizer" daemon [_thread_blocked, id=6768, stack(0x000000c72c900000,0x000000c72ca00000)]
  0x000001ec9ee1bd50 JavaThread "Signal Dispatcher" daemon [_thread_blocked, id=25792, stack(0x000000c72ca00000,0x000000c72cb00000)]
  0x000001ec9ee1c710 JavaThread "Attach Listener" daemon [_thread_blocked, id=27036, stack(0x000000c72cb00000,0x000000c72cc00000)]
  0x000001ec9ee1da60 JavaThread "Service Thread" daemon [_thread_blocked, id=27448, stack(0x000000c72cc00000,0x000000c72cd00000)]
  0x000001eca0a0d340 JavaThread "Monitor Deflation Thread" daemon [_thread_blocked, id=27092, stack(0x000000c72cd00000,0x000000c72ce00000)]
  0x000001eca0a0ff40 JavaThread "C2 CompilerThread0" daemon [_thread_blocked, id=24052, stack(0x000000c72ce00000,0x000000c72cf00000)]
  0x000001eca0a10500 JavaThread "C1 CompilerThread0" daemon [_thread_blocked, id=27164, stack(0x000000c72cf00000,0x000000c72d000000)]
  0x000001eca0a10b00 JavaThread "Sweeper thread" daemon [_thread_blocked, id=13396, stack(0x000000c72d000000,0x000000c72d100000)]
  0x000001ec8afffed0 JavaThread "Common-Cleaner" daemon [_thread_blocked, id=26280, stack(0x000000c72d100000,0x000000c72d200000)]
  0x000001eca0b8f300 JavaThread "C1 CompilerThread1" daemon [_thread_blocked, id=27496, stack(0x000000c72d200000,0x000000c72d300000)]
  0x000001eca0cd8bd0 JavaThread "C1 CompilerThread2" daemon [_thread_blocked, id=21692, stack(0x000000c72d400000,0x000000c72d500000)]
  0x000001eca0cd90e0 JavaThread "C1 CompilerThread3" daemon [_thread_blocked, id=26232, stack(0x000000c72d500000,0x000000c72d600000)]
  0x000001eca290dd90 JavaThread "Notification Thread" daemon [_thread_blocked, id=26120, stack(0x000000c72d600000,0x000000c72d700000)]
  0x000001eca316c040 JavaThread "Active Thread: Equinox Container: c351a857-969a-490b-b884-841a3693ac34" [_thread_blocked, id=21688, stack(0x000000c72e000000,0x000000c72e100000)]
  0x000001eca35339d0 JavaThread "Framework Event Dispatcher: Equinox Container: c351a857-969a-490b-b884-841a3693ac34" daemon [_thread_blocked, id=25404, stack(0x000000c72e100000,0x000000c72e200000)]
  0x000001eca3585cb0 JavaThread "Start Level: Equinox Container: c351a857-969a-490b-b884-841a3693ac34" daemon [_thread_blocked, id=26128, stack(0x000000c72e200000,0x000000c72e300000)]
  0x000001eca344a690 JavaThread "SCR Component Actor" daemon [_thread_blocked, id=10672, stack(0x000000c72e300000,0x000000c72e400000)]
  0x000001eca32f3b50 JavaThread "SCR Component Registry" daemon [_thread_blocked, id=14316, stack(0x000000c72da00000,0x000000c72db00000)]
  0x000001eca3410ec0 JavaThread "Worker-JM" [_thread_blocked, id=7284, stack(0x000000c72e600000,0x000000c72e700000)]
  0x000001eca3765e20 JavaThread "Worker-0" [_thread_blocked, id=23204, stack(0x000000c72ea00000,0x000000c72eb00000)]
  0x000001eca36e4e80 JavaThread "Worker-1" [_thread_blocked, id=27256, stack(0x000000c72eb00000,0x000000c72ec00000)]
  0x000001eca3585130 JavaThread "C2 CompilerThread1" daemon [_thread_blocked, id=1592, stack(0x000000c72d300000,0x000000c72d400000)]
  0x000001eca36e1990 JavaThread "JNA Cleaner" daemon [_thread_blocked, id=26456, stack(0x000000c72ed00000,0x000000c72ee00000)]
=>0x000001eca36e3670 JavaThread "Framework stop - Equinox Container: c351a857-969a-490b-b884-841a3693ac34" [_thread_in_vm, id=22612, stack(0x000000c72ec00000,0x000000c72ed00000)]

Other Threads:
  0x000001ec9ee0f370 VMThread "VM Thread" [stack: 0x000000c72c700000,0x000000c72c800000] [id=19512]
  0x000001eca2912d10 WatcherThread [stack: 0x000000c72d700000,0x000000c72d800000] [id=25340]
  0x000001ec8afb2430 GCTaskThread "GC Thread#0" [stack: 0x000000c72c600000,0x000000c72c700000] [id=6740]
  0x000001eca2e88450 GCTaskThread "GC Thread#1" [stack: 0x000000c72db00000,0x000000c72dc00000] [id=2520]
  0x000001eca2e4e790 GCTaskThread "GC Thread#2" [stack: 0x000000c72dc00000,0x000000c72dd00000] [id=26976]
  0x000001eca2e4ea40 GCTaskThread "GC Thread#3" [stack: 0x000000c72dd00000,0x000000c72de00000] [id=27136]
  0x000001eca2e4ecf0 GCTaskThread "GC Thread#4" [stack: 0x000000c72de00000,0x000000c72df00000] [id=25724]
  0x000001eca2e4efa0 GCTaskThread "GC Thread#5" [stack: 0x000000c72df00000,0x000000c72e000000] [id=26928]
  0x000001eca348e770 GCTaskThread "GC Thread#6" [stack: 0x000000c72e400000,0x000000c72e500000] [id=7548]
  0x000001eca348d750 GCTaskThread "GC Thread#7" [stack: 0x000000c72e500000,0x000000c72e600000] [id=4912]
  0x000001eca348da00 GCTaskThread "GC Thread#8" [stack: 0x000000c72d900000,0x000000c72da00000] [id=27380]
  0x000001eca348dcb0 GCTaskThread "GC Thread#9" [stack: 0x000000c72e700000,0x000000c72e800000] [id=21136]
  0x000001eca348df60 GCTaskThread "GC Thread#10" [stack: 0x000000c72e800000,0x000000c72e900000] [id=16732]
  0x000001eca348d1f0 GCTaskThread "GC Thread#11" [stack: 0x000000c72e900000,0x000000c72ea00000] [id=27028]
  0x000001eca348d4a0 GCTaskThread "GC Thread#12" [stack: 0x000000c72d800000,0x000000c72d900000] [id=23928]

Threads with active compile tasks:

VM state: not at safepoint (normal execution)

VM Mutex/Monitor currently owned by a thread:  ([mutex/lock_event])
[0x000001ec8af980e0] Metaspace_lock - owner thread: 0x000001eca36e3670

Heap address: 0x00000000c0000000, size: 1024 MB, Compressed Oops mode: 32-bit

CDS archive(s) not mapped
Compressed class space mapped at: 0x0000000100000000-0x0000000140000000, reserved size: 1073741824
Narrow klass base: 0x0000000000000000, Narrow klass shift: 3, Narrow klass range: 0x140000000

GC Precious Log:
 CPUs: 16 total, 16 available
 Memory: 15713M
 Large Page Support: Disabled
 NUMA Support: Disabled
 Compressed Oops: Enabled (32-bit)
 Alignments: Space 512K, Generation 512K, Heap 2M
 Heap Min Capacity: 100M
 Heap Initial Capacity: 100M
 Heap Max Capacity: 1G
 Pre-touch: Disabled
 Parallel Workers: 13

Heap:
 PSYoungGen      total 26112K, used 18552K [0x00000000eab00000, 0x00000000ec780000, 0x0000000100000000)
  eden space 24576K, 69% used [0x00000000eab00000,0x00000000ebbc6328,0x00000000ec300000)
  from space 1536K, 89% used [0x00000000ec600000,0x00000000ec757d98,0x00000000ec780000)
  to   space 1536K, 0% used [0x00000000ec480000,0x00000000ec480000,0x00000000ec600000)
 ParOldGen       total 68608K, used 6914K [0x00000000c0000000, 0x00000000c4300000, 0x00000000eab00000)
  object space 68608K, 10% used [0x00000000c0000000,0x00000000c06c0ae0,0x00000000c4300000)
 Metaspace       used 30721K, committed 31360K, reserved 1081344K
  class space    used 3019K, committed 3328K, reserved 1048576K

Card table byte_map: [0x000001ec8a940000,0x000001ec8ab50000] _byte_map_base: 0x000001ec8a340000

Marking Bits: (ParMarkBitMap*) 0x00007ff8194b3e70
 Begin Bits: [0x000001ec9cc20000, 0x000001ec9dc20000)
 End Bits:   [0x000001ec9dc20000, 0x000001ec9ec20000)

Polling page: 0x000001ec88f70000

Metaspace:

Usage:
  Non-class:     27.05 MB used.
      Class:      2.95 MB used.
       Both:     30.00 MB used.

Virtual space:
  Non-class space:       32.00 MB reserved,      27.38 MB ( 86%) committed,  4 nodes.
      Class space:        1.00 GB reserved,       3.25 MB ( <1%) committed,  1 nodes.
             Both:        1.03 GB reserved,      30.62 MB (  3%) committed. 

Chunk freelists:
   Non-Class:  3.79 MB
       Class:  806.00 KB
        Both:  4.57 MB

MaxMetaspaceSize: unlimited
CompressedClassSpaceSize: 1.00 GB
Initial GC threshold: 21.00 MB
Current GC threshold: 35.00 MB
CDS: off
MetaspaceReclaimPolicy: balanced
 - commit_granule_bytes: 65536.
 - commit_granule_words: 8192.
 - virtual_space_node_default_size: 1048576.
 - enlarge_chunks_in_place: 1.
 - new_chunks_are_fully_committed: 0.
 - uncommit_free_chunks: 1.
 - use_allocation_guard: 0.
 - handle_deallocations: 1.


Internal statistics:

num_allocs_failed_limit: 3.
num_arena_births: 264.
num_arena_deaths: 14.
num_vsnodes_births: 5.
num_vsnodes_deaths: 0.
num_space_committed: 490.
num_space_uncommitted: 0.
num_chunks_returned_to_freelist: 17.
num_chunks_taken_from_freelist: 1122.
num_chunk_merges: 4.
num_chunk_splits: 730.
num_chunks_enlarged: 505.
num_purges: 2.
num_inconsistent_stats: 0.

CodeHeap 'non-profiled nmethods': size=119168Kb used=1207Kb max_used=1207Kb free=117960Kb
 bounds [0x000001ec957c0000, 0x000001ec95a30000, 0x000001ec9cc20000]
CodeHeap 'profiled nmethods': size=119104Kb used=5642Kb max_used=5642Kb free=113461Kb
 bounds [0x000001ec8dc20000, 0x000001ec8e1b0000, 0x000001ec95070000]
CodeHeap 'non-nmethods': size=7488Kb used=2941Kb max_used=2975Kb free=4546Kb
 bounds [0x000001ec95070000, 0x000001ec95360000, 0x000001ec957c0000]
 total_blobs=3402 nmethods=2834 adapters=479
 compilation: enabled
              stopped_count=0, restarted_count=0
 full_count=0

Compilation events (20 events):
Event: 3.438 Thread 0x000001eca0cd8bd0 nmethod 2821 0x000001ec8e198e90 code [0x000001ec8e1990e0, 0x000001ec8e199968]
Event: 3.439 Thread 0x000001eca0cd90e0 nmethod 2827 0x000001ec8e199c90 code [0x000001ec8e199e20, 0x000001ec8e199f38]
Event: 3.439 Thread 0x000001eca0cd90e0 2828       3       org.apache.felix.scr.impl.logger.ScrLogManager$ScrLoggerFacade::log (25 bytes)
Event: 3.439 Thread 0x000001eca0cd8bd0 2829       3       jdk.internal.reflect.ReflectionFactory::copyMethod (11 bytes)
Event: 3.439 Thread 0x000001eca0b8f300 2830       3       java.lang.reflect.ReflectAccess::copyMethod (5 bytes)
Event: 3.439 Thread 0x000001eca0cd90e0 nmethod 2828 0x000001ec8e19a010 code [0x000001ec8e19a1e0, 0x000001ec8e19a4a8]
Event: 3.439 Thread 0x000001eca0cd90e0 2831       3       java.lang.reflect.Method::copy (84 bytes)
Event: 3.439 Thread 0x000001eca0b8f300 nmethod 2830 0x000001ec8e19a610 code [0x000001ec8e19a7c0, 0x000001ec8e19a908]
Event: 3.440 Thread 0x000001eca0cd8bd0 nmethod 2829 0x000001ec8e19aa10 code [0x000001ec8e19abc0, 0x000001ec8e19ada8]
Event: 3.440 Thread 0x000001eca0b8f300 2832       3       java.lang.reflect.Method::<init> (68 bytes)
Event: 3.440 Thread 0x000001eca0a0ff40 2833       4       java.util.concurrent.locks.ReentrantLock::lock (8 bytes)
Event: 3.440 Thread 0x000001eca0cd90e0 nmethod 2831 0x000001ec8e19af10 code [0x000001ec8e19b0c0, 0x000001ec8e19b418]
Event: 3.440 Thread 0x000001eca0b8f300 nmethod 2832 0x000001ec8e19b510 code [0x000001ec8e19b6c0, 0x000001ec8e19b9d8]
Event: 3.441 Thread 0x000001eca0a0ff40 nmethod 2833 0x000001ec958eba90 code [0x000001ec958ebc20, 0x000001ec958ebd58]
Event: 3.442 Thread 0x000001eca3585130 nmethod 2803% 0x000001ec958ebe90 code [0x000001ec958ec080, 0x000001ec958ed1f8]
Event: 3.444 Thread 0x000001eca0a10500 nmethod 2825 0x000001ec8e19bb10 code [0x000001ec8e19c440, 0x000001ec8e1a0118]
Event: 3.444 Thread 0x000001eca0cd90e0 2834       3       org.eclipse.osgi.framework.eventmgr.CopyOnWriteIdentityMap::empty (4 bytes)
Event: 3.445 Thread 0x000001eca0cd90e0 nmethod 2834 0x000001ec8e1a2110 code [0x000001ec8e1a22a0, 0x000001ec8e1a2398]
Event: 3.445 Thread 0x000001eca0a10500 2835       3       org.eclipse.osgi.framework.eventmgr.CopyOnWriteIdentityMap::<init> (12 bytes)
Event: 3.445 Thread 0x000001eca0a10500 nmethod 2835 0x000001ec8e1a2410 code [0x000001ec8e1a25c0, 0x000001ec8e1a27b8]

GC Heap History (14 events):
Event: 0.785 GC heap before
{Heap before GC invocations=1 (full 0):
 PSYoungGen      total 29696K, used 25600K [0x00000000eab00000, 0x00000000ecc00000, 0x0000000100000000)
  eden space 25600K, 100% used [0x00000000eab00000,0x00000000ec400000,0x00000000ec400000)
  from space 4096K, 0% used [0x00000000ec800000,0x00000000ec800000,0x00000000ecc00000)
  to   space 4096K, 0% used [0x00000000ec400000,0x00000000ec400000,0x00000000ec800000)
 ParOldGen       total 68608K, used 0K [0x00000000c0000000, 0x00000000c4300000, 0x00000000eab00000)
  object space 68608K, 0% used [0x00000000c0000000,0x00000000c0000000,0x00000000c4300000)
 Metaspace       used 10744K, committed 10880K, reserved 1064960K
  class space    used 1055K, committed 1088K, reserved 1048576K
}
Event: 0.799 GC heap after
{Heap after GC invocations=1 (full 0):
 PSYoungGen      total 29696K, used 3048K [0x00000000eab00000, 0x00000000ecc00000, 0x0000000100000000)
  eden space 25600K, 0% used [0x00000000eab00000,0x00000000eab00000,0x00000000ec400000)
  from space 4096K, 74% used [0x00000000ec400000,0x00000000ec6fa228,0x00000000ec800000)
  to   space 4096K, 0% used [0x00000000ec800000,0x00000000ec800000,0x00000000ecc00000)
 ParOldGen       total 68608K, used 16K [0x00000000c0000000, 0x00000000c4300000, 0x00000000eab00000)
  object space 68608K, 0% used [0x00000000c0000000,0x00000000c0004000,0x00000000c4300000)
 Metaspace       used 10744K, committed 10880K, reserved 1064960K
  class space    used 1055K, committed 1088K, reserved 1048576K
}
Event: 1.355 GC heap before
{Heap before GC invocations=2 (full 0):
 PSYoungGen      total 29696K, used 28648K [0x00000000eab00000, 0x00000000ecc00000, 0x0000000100000000)
  eden space 25600K, 100% used [0x00000000eab00000,0x00000000ec400000,0x00000000ec400000)
  from space 4096K, 74% used [0x00000000ec400000,0x00000000ec6fa228,0x00000000ec800000)
  to   space 4096K, 0% used [0x00000000ec800000,0x00000000ec800000,0x00000000ecc00000)
 ParOldGen       total 68608K, used 16K [0x00000000c0000000, 0x00000000c4300000, 0x00000000eab00000)
  object space 68608K, 0% used [0x00000000c0000000,0x00000000c0004000,0x00000000c4300000)
 Metaspace       used 14850K, committed 15168K, reserved 1064960K
  class space    used 1499K, committed 1664K, reserved 1048576K
}
Event: 1.366 GC heap after
{Heap after GC invocations=2 (full 0):
 PSYoungGen      total 29696K, used 4087K [0x00000000eab00000, 0x00000000ecc00000, 0x0000000100000000)
  eden space 25600K, 0% used [0x00000000eab00000,0x00000000eab00000,0x00000000ec400000)
  from space 4096K, 99% used [0x00000000ec800000,0x00000000ecbfdec8,0x00000000ecc00000)
  to   space 4096K, 0% used [0x00000000ec400000,0x00000000ec400000,0x00000000ec800000)
 ParOldGen       total 68608K, used 680K [0x00000000c0000000, 0x00000000c4300000, 0x00000000eab00000)
  object space 68608K, 0% used [0x00000000c0000000,0x00000000c00aa350,0x00000000c4300000)
 Metaspace       used 14850K, committed 15168K, reserved 1064960K
  class space    used 1499K, committed 1664K, reserved 1048576K
}
Event: 1.847 GC heap before
{Heap before GC invocations=3 (full 0):
 PSYoungGen      total 29696K, used 29687K [0x00000000eab00000, 0x00000000ecc00000, 0x0000000100000000)
  eden space 25600K, 100% used [0x00000000eab00000,0x00000000ec400000,0x00000000ec400000)
  from space 4096K, 99% used [0x00000000ec800000,0x00000000ecbfdec8,0x00000000ecc00000)
  to   space 4096K, 0% used [0x00000000ec400000,0x00000000ec400000,0x00000000ec800000)
 ParOldGen       total 68608K, used 680K [0x00000000c0000000, 0x00000000c4300000, 0x00000000eab00000)
  object space 68608K, 0% used [0x00000000c0000000,0x00000000c00aa350,0x00000000c4300000)
 Metaspace       used 20020K, committed 20352K, reserved 1073152K
  class space    used 2026K, committed 2176K, reserved 1048576K
}
Event: 1.857 GC heap after
{Heap after GC invocations=3 (full 0):
 PSYoungGen      total 29696K, used 4079K [0x00000000eab00000, 0x00000000ecc00000, 0x0000000100000000)
  eden space 25600K, 0% used [0x00000000eab00000,0x00000000eab00000,0x00000000ec400000)
  from space 4096K, 99% used [0x00000000ec400000,0x00000000ec7fbd98,0x00000000ec800000)
  to   space 4096K, 0% used [0x00000000ec800000,0x00000000ec800000,0x00000000ecc00000)
 ParOldGen       total 68608K, used 2767K [0x00000000c0000000, 0x00000000c4300000, 0x00000000eab00000)
  object space 68608K, 4% used [0x00000000c0000000,0x00000000c02b3f70,0x00000000c4300000)
 Metaspace       used 20020K, committed 20352K, reserved 1073152K
  class space    used 2026K, committed 2176K, reserved 1048576K
}
Event: 2.008 GC heap before
{Heap before GC invocations=4 (full 0):
 PSYoungGen      total 29696K, used 10697K [0x00000000eab00000, 0x00000000ecc00000, 0x0000000100000000)
  eden space 25600K, 25% used [0x00000000eab00000,0x00000000eb176890,0x00000000ec400000)
  from space 4096K, 99% used [0x00000000ec400000,0x00000000ec7fbd98,0x00000000ec800000)
  to   space 4096K, 0% used [0x00000000ec800000,0x00000000ec800000,0x00000000ecc00000)
 ParOldGen       total 68608K, used 2767K [0x00000000c0000000, 0x00000000c4300000, 0x00000000eab00000)
  object space 68608K, 4% used [0x00000000c0000000,0x00000000c02b3f70,0x00000000c4300000)
 Metaspace       used 21090K, committed 21504K, reserved 1073152K
  class space    used 2148K, committed 2368K, reserved 1048576K
}
Event: 2.011 GC heap after
{Heap after GC invocations=4 (full 0):
 PSYoungGen      total 29696K, used 4085K [0x00000000eab00000, 0x00000000ecc00000, 0x0000000100000000)
  eden space 25600K, 0% used [0x00000000eab00000,0x00000000eab00000,0x00000000ec400000)
  from space 4096K, 99% used [0x00000000ec800000,0x00000000ecbfd5c8,0x00000000ecc00000)
  to   space 4096K, 0% used [0x00000000ec400000,0x00000000ec400000,0x00000000ec800000)
 ParOldGen       total 68608K, used 2983K [0x00000000c0000000, 0x00000000c4300000, 0x00000000eab00000)
  object space 68608K, 4% used [0x00000000c0000000,0x00000000c02e9f70,0x00000000c4300000)
 Metaspace       used 21090K, committed 21504K, reserved 1073152K
  class space    used 2148K, committed 2368K, reserved 1048576K
}
Event: 2.011 GC heap before
{Heap before GC invocations=5 (full 1):
 PSYoungGen      total 29696K, used 4085K [0x00000000eab00000, 0x00000000ecc00000, 0x0000000100000000)
  eden space 25600K, 0% used [0x00000000eab00000,0x00000000eab00000,0x00000000ec400000)
  from space 4096K, 99% used [0x00000000ec800000,0x00000000ecbfd5c8,0x00000000ecc00000)
  to   space 4096K, 0% used [0x00000000ec400000,0x00000000ec400000,0x00000000ec800000)
 ParOldGen       total 68608K, used 2983K [0x00000000c0000000, 0x00000000c4300000, 0x00000000eab00000)
  object space 68608K, 4% used [0x00000000c0000000,0x00000000c02e9f70,0x00000000c4300000)
 Metaspace       used 21090K, committed 21504K, reserved 1073152K
  class space    used 2148K, committed 2368K, reserved 1048576K
}
Event: 2.034 GC heap after
{Heap after GC invocations=5 (full 1):
 PSYoungGen      total 29696K, used 0K [0x00000000eab00000, 0x00000000ecc00000, 0x0000000100000000)
  eden space 25600K, 0% used [0x00000000eab00000,0x00000000eab00000,0x00000000ec400000)
  from space 4096K, 0% used [0x00000000ec800000,0x00000000ec800000,0x00000000ecc00000)
  to   space 4096K, 0% used [0x00000000ec400000,0x00000000ec400000,0x00000000ec800000)
 ParOldGen       total 68608K, used 6898K [0x00000000c0000000, 0x00000000c4300000, 0x00000000eab00000)
  object space 68608K, 10% used [0x00000000c0000000,0x00000000c06bcae0,0x00000000c4300000)
 Metaspace       used 21077K, committed 21504K, reserved 1073152K
  class space    used 2144K, committed 2368K, reserved 1048576K
}
Event: 2.258 GC heap before
{Heap before GC invocations=6 (full 1):
 PSYoungGen      total 29696K, used 25600K [0x00000000eab00000, 0x00000000ecc00000, 0x0000000100000000)
  eden space 25600K, 100% used [0x00000000eab00000,0x00000000ec400000,0x00000000ec400000)
  from space 4096K, 0% used [0x00000000ec800000,0x00000000ec800000,0x00000000ecc00000)
  to   space 4096K, 0% used [0x00000000ec400000,0x00000000ec400000,0x00000000ec800000)
 ParOldGen       total 68608K, used 6898K [0x00000000c0000000, 0x00000000c4300000, 0x00000000eab00000)
  object space 68608K, 10% used [0x00000000c0000000,0x00000000c06bcae0,0x00000000c4300000)
 Metaspace       used 24641K, committed 25088K, reserved 1073152K
  class space    used 2407K, committed 2624K, reserved 1048576K
}
Event: 2.259 GC heap after
{Heap after GC invocations=6 (full 1):
 PSYoungGen      total 26112K, used 696K [0x00000000eab00000, 0x00000000ec880000, 0x0000000100000000)
  eden space 25088K, 0% used [0x00000000eab00000,0x00000000eab00000,0x00000000ec380000)
  from space 1024K, 67% used [0x00000000ec400000,0x00000000ec4ae0e0,0x00000000ec500000)
  to   space 2560K, 0% used [0x00000000ec600000,0x00000000ec600000,0x00000000ec880000)
 ParOldGen       total 68608K, used 6906K [0x00000000c0000000, 0x00000000c4300000, 0x00000000eab00000)
  object space 68608K, 10% used [0x00000000c0000000,0x00000000c06beae0,0x00000000c4300000)
 Metaspace       used 24641K, committed 25088K, reserved 1073152K
  class space    used 2407K, committed 2624K, reserved 1048576K
}
Event: 2.494 GC heap before
{Heap before GC invocations=7 (full 1):
 PSYoungGen      total 26112K, used 25784K [0x00000000eab00000, 0x00000000ec880000, 0x0000000100000000)
  eden space 25088K, 100% used [0x00000000eab00000,0x00000000ec380000,0x00000000ec380000)
  from space 1024K, 67% used [0x00000000ec400000,0x00000000ec4ae0e0,0x00000000ec500000)
  to   space 2560K, 0% used [0x00000000ec600000,0x00000000ec600000,0x00000000ec880000)
 ParOldGen       total 68608K, used 6906K [0x00000000c0000000, 0x00000000c4300000, 0x00000000eab00000)
  object space 68608K, 10% used [0x00000000c0000000,0x00000000c06beae0,0x00000000c4300000)
 Metaspace       used 27537K, committed 28032K, reserved 1081344K
  class space    used 2649K, committed 2880K, reserved 1048576K
}
Event: 2.495 GC heap after
{Heap after GC invocations=7 (full 1):
 PSYoungGen      total 26112K, used 1375K [0x00000000eab00000, 0x00000000ec780000, 0x0000000100000000)
  eden space 24576K, 0% used [0x00000000eab00000,0x00000000eab00000,0x00000000ec300000)
  from space 1536K, 89% used [0x00000000ec600000,0x00000000ec757d98,0x00000000ec780000)
  to   space 1536K, 0% used [0x00000000ec480000,0x00000000ec480000,0x00000000ec600000)
 ParOldGen       total 68608K, used 6914K [0x00000000c0000000, 0x00000000c4300000, 0x00000000eab00000)
  object space 68608K, 10% used [0x00000000c0000000,0x00000000c06c0ae0,0x00000000c4300000)
 Metaspace       used 27537K, committed 28032K, reserved 1081344K
  class space    used 2649K, committed 2880K, reserved 1048576K
}

Dll operation events (10 events):
Event: 0.012 Loaded shared library c:\Users\prera\.vscode\extensions\redhat.java-1.17.0-win32-x64\jre\17.0.6-win32-x86_64\bin\java.dll
Event: 0.162 Loaded shared library c:\Users\prera\.vscode\extensions\redhat.java-1.17.0-win32-x64\jre\17.0.6-win32-x86_64\bin\zip.dll
Event: 0.165 Loaded shared library C:\Users\prera\.vscode\extensions\redhat.java-1.17.0-win32-x64\jre\17.0.6-win32-x86_64\bin\instrument.dll
Event: 0.181 Loaded shared library C:\Users\prera\.vscode\extensions\redhat.java-1.17.0-win32-x64\jre\17.0.6-win32-x86_64\bin\net.dll
Event: 0.183 Loaded shared library C:\Users\prera\.vscode\extensions\redhat.java-1.17.0-win32-x64\jre\17.0.6-win32-x86_64\bin\nio.dll
Event: 0.189 Loaded shared library C:\Users\prera\.vscode\extensions\redhat.java-1.17.0-win32-x64\jre\17.0.6-win32-x86_64\bin\zip.dll
Event: 0.205 Loaded shared library C:\Users\prera\.vscode\extensions\redhat.java-1.17.0-win32-x64\jre\17.0.6-win32-x86_64\bin\jimage.dll
Event: 0.251 Loaded shared library c:\Users\prera\.vscode\extensions\redhat.java-1.17.0-win32-x64\jre\17.0.6-win32-x86_64\bin\verify.dll
Event: 1.247 Loaded shared library C:\Users\prera\AppData\Roaming\Code\User\globalStorage\redhat.java\1.17.0\config_ss_win\org.eclipse.equinox.launcher\org.eclipse.equinox.launcher.win32.win32.x86_64_1.2.700.v20221108-1024\eclipse_11801.dll
Event: 3.300 Loaded shared library C:\Users\prera\AppData\Local\Temp\jna-106931218\jna13066130544182136228.dll

Deoptimization events (20 events):
Event: 3.334 Thread 0x000001eca3585cb0 Uncommon trap: trap_request=0xffffff76 fr.pc=0x000001ec958dc3fc relative=0x00000000000005bc
Event: 3.334 Thread 0x000001eca3585cb0 Uncommon trap: reason=predicate action=maybe_recompile pc=0x000001ec958dc3fc method=java.util.TreeMap.getEntryUsingComparator(Ljava/lang/Object;)Ljava/util/TreeMap$Entry; @ 19 c2
Event: 3.334 Thread 0x000001eca3585cb0 DEOPT PACKING pc=0x000001ec958dc3fc sp=0x000000c72e2fc930
Event: 3.334 Thread 0x000001eca3585cb0 DEOPT UNPACKING pc=0x000001ec950c66a3 sp=0x000000c72e2fc850 mode 2
Event: 3.372 Thread 0x000001ec8af9b050 Uncommon trap: trap_request=0xffffff76 fr.pc=0x000001ec958d737c relative=0x00000000000005bc
Event: 3.372 Thread 0x000001ec8af9b050 Uncommon trap: reason=predicate action=maybe_recompile pc=0x000001ec958d737c method=java.util.TreeMap.getEntryUsingComparator(Ljava/lang/Object;)Ljava/util/TreeMap$Entry; @ 19 c2
Event: 3.372 Thread 0x000001ec8af9b050 DEOPT PACKING pc=0x000001ec958d737c sp=0x000000c72c5fe320
Event: 3.372 Thread 0x000001ec8af9b050 DEOPT UNPACKING pc=0x000001ec950c66a3 sp=0x000000c72c5fe2d0 mode 2
Event: 3.430 Thread 0x000001eca36e3670 Uncommon trap: trap_request=0xffffff45 fr.pc=0x000001ec957f0f48 relative=0x0000000000000488
Event: 3.430 Thread 0x000001eca36e3670 Uncommon trap: reason=unstable_if action=reinterpret pc=0x000001ec957f0f48 method=java.util.HashMap$HashIterator.<init>(Ljava/util/HashMap;)V @ 45 c2
Event: 3.430 Thread 0x000001eca36e3670 DEOPT PACKING pc=0x000001ec957f0f48 sp=0x000000c72ecfe6b0
Event: 3.430 Thread 0x000001eca36e3670 DEOPT UNPACKING pc=0x000001ec950c66a3 sp=0x000000c72ecfe520 mode 2
Event: 3.434 Thread 0x000001eca36e3670 Uncommon trap: trap_request=0xffffff45 fr.pc=0x000001ec957e8790 relative=0x00000000000002f0
Event: 3.434 Thread 0x000001eca36e3670 Uncommon trap: reason=unstable_if action=reinterpret pc=0x000001ec957e8790 method=java.util.HashMap$HashIterator.<init>(Ljava/util/HashMap;)V @ 45 c2
Event: 3.434 Thread 0x000001eca36e3670 DEOPT PACKING pc=0x000001ec957e8790 sp=0x000000c72ecfe200
Event: 3.434 Thread 0x000001eca36e3670 DEOPT UNPACKING pc=0x000001ec950c66a3 sp=0x000000c72ecfe0d0 mode 2
Event: 3.439 Thread 0x000001eca36e3670 Uncommon trap: trap_request=0xffffff45 fr.pc=0x000001ec957dfd2c relative=0x000000000000028c
Event: 3.439 Thread 0x000001eca36e3670 Uncommon trap: reason=unstable_if action=reinterpret pc=0x000001ec957dfd2c method=java.util.HashMap$HashIterator.<init>(Ljava/util/HashMap;)V @ 45 c2
Event: 3.439 Thread 0x000001eca36e3670 DEOPT PACKING pc=0x000001ec957dfd2c sp=0x000000c72ecfde60
Event: 3.439 Thread 0x000001eca36e3670 DEOPT UNPACKING pc=0x000001ec950c66a3 sp=0x000000c72ecfddf8 mode 2

Classes unloaded (7 events):
Event: 2.014 Thread 0x000001ec9ee0f370 Unloading class 0x0000000100212400 'java/lang/invoke/LambdaForm$MH+0x0000000100212400'
Event: 2.014 Thread 0x000001ec9ee0f370 Unloading class 0x0000000100212000 'java/lang/invoke/LambdaForm$MH+0x0000000100212000'
Event: 2.014 Thread 0x000001ec9ee0f370 Unloading class 0x0000000100211c00 'java/lang/invoke/LambdaForm$MH+0x0000000100211c00'
Event: 2.014 Thread 0x000001ec9ee0f370 Unloading class 0x0000000100211800 'java/lang/invoke/LambdaForm$MH+0x0000000100211800'
Event: 2.014 Thread 0x000001ec9ee0f370 Unloading class 0x0000000100211000 'java/lang/invoke/LambdaForm$BMH+0x0000000100211000'
Event: 2.014 Thread 0x000001ec9ee0f370 Unloading class 0x0000000100210c00 'java/lang/invoke/LambdaForm$DMH+0x0000000100210c00'
Event: 2.014 Thread 0x000001ec9ee0f370 Unloading class 0x000000010020e000 'java/lang/invoke/LambdaForm$DMH+0x000000010020e000'

Classes redefined (0 events):
No events

Internal exceptions (20 events):
Event: 2.449 Thread 0x000001eca3585cb0 Exception <a 'java/lang/ClassNotFoundException'{0x00000000ec1136c0}: com/sun/org/apache/xerces/internal/impl/msg/spi/DOMMessagesProvider> (0x00000000ec1136c0) 
thrown [s\src\hotspot\share\classfile\systemDictionary.cpp, line 256]
Event: 2.451 Thread 0x000001eca3585cb0 Implicit null exception at 0x000001ec9588c478 to 0x000001ec9588d0ec
Event: 2.452 Thread 0x000001eca3585cb0 Exception <a 'java/lang/ClassNotFoundException'{0x00000000ec13a2c0}: com/sun/org/apache/xerces/internal/impl/msg/spi/XMLSerializerMessagesProvider> (0x00000000ec13a2c0) 
thrown [s\src\hotspot\share\classfile\systemDictionary.cpp, line 256]
Event: 2.453 Thread 0x000001eca3585cb0 Exception <a 'java/lang/ClassNotFoundException'{0x00000000ec147548}: com/sun/org/apache/xerces/internal/impl/msg/spi/XMLMessagesProvider> (0x00000000ec147548) 
thrown [s\src\hotspot\share\classfile\systemDictionary.cpp, line 256]
Event: 2.467 Thread 0x000001eca3585cb0 Exception <a 'java/lang/NoSuchMethodError'{0x00000000ec20d0b0}: 'void java.lang.invoke.DirectMethodHandle$Holder.invokeVirtual(java.lang.Object, java.lang.Object)'> (0x00000000ec20d0b0) 
thrown [s\src\hotspot\share\interpreter\linkResolver.cpp, line 759]
Event: 3.010 Thread 0x000001eca3585cb0 Exception <a 'java/lang/NoSuchMethodError'{0x00000000eabe1eb0}: 'java.lang.Object java.lang.invoke.DirectMethodHandle$Holder.invokeStaticInit(java.lang.Object, int, int, int, int)'> (0x00000000eabe1eb0) 
thrown [s\src\hotspot\share\interpreter\linkResolver.cpp, line 759]
Event: 3.062 Thread 0x000001eca3585cb0 Exception <a 'java/lang/NoSuchMethodError'{0x00000000eacd3af0}: 'java.lang.Object java.lang.invoke.DirectMethodHandle$Holder.invokeStaticInit(java.lang.Object, java.lang.Object, int, int, int, int)'> (0x00000000eacd3af0) 
thrown [s\src\hotspot\share\interpreter\linkResolver.cpp, line 759]
Event: 3.120 Thread 0x000001eca3585cb0 Exception <a 'java/lang/ClassNotFoundException'{0x00000000eb05c910}: com/sun/org/apache/xml/internal/serializer/spi/XMLEntitiesProvider> (0x00000000eb05c910) 
thrown [s\src\hotspot\share\classfile\systemDictionary.cpp, line 256]
Event: 3.209 Thread 0x000001eca3585cb0 Exception <a 'java/io/FileNotFoundException'{0x00000000eb3b9438}> (0x00000000eb3b9438) 
thrown [s\src\hotspot\share\prims\jni.cpp, line 516]
Event: 3.328 Thread 0x000001eca3585cb0 Exception <a 'java/lang/UnsatisfiedLinkError'{0x00000000eb719968}: The specified procedure could not be found.
> (0x00000000eb719968) 
thrown [s\src\hotspot\share\prims\jni.cpp, line 535]
Event: 3.333 Thread 0x000001eca3585cb0 Exception <a 'java/io/FileNotFoundException'{0x00000000eb73c8b8}> (0x00000000eb73c8b8) 
thrown [s\src\hotspot\share\prims\jni.cpp, line 516]
Event: 3.340 Thread 0x000001eca3585cb0 Exception <a 'java/io/FileNotFoundException'{0x00000000eb7aee60}> (0x00000000eb7aee60) 
thrown [s\src\hotspot\share\prims\jni.cpp, line 516]
Event: 3.352 Thread 0x000001eca3585cb0 Exception <a 'java/lang/UnsatisfiedLinkError'{0x00000000eb83b468}: The specified procedure could not be found.
> (0x00000000eb83b468) 
thrown [s\src\hotspot\share\prims\jni.cpp, line 535]
Event: 3.391 Thread 0x000001ec8af9b050 Exception <a 'java/lang/NoSuchMethodError'{0x00000000eba140e8}: 'java.lang.Object java.lang.invoke.DirectMethodHandle$Holder.invokeStatic(java.lang.Object, java.lang.Object, long, java.lang.Object)'> (0x00000000eba140e8) 
thrown [s\src\hotspot\share\interpreter\linkResolver.cpp, line 759]
Event: 3.391 Thread 0x000001ec8af9b050 Exception <a 'java/lang/NoSuchMethodError'{0x00000000eba17b80}: 'java.lang.Object java.lang.invoke.DirectMethodHandle$Holder.invokeStaticInit(java.lang.Object, java.lang.Object, long, java.lang.Object)'> (0x00000000eba17b80) 
thrown [s\src\hotspot\share\interpreter\linkResolver.cpp, line 759]
Event: 3.392 Thread 0x000001ec8af9b050 Exception <a 'java/lang/NoSuchMethodError'{0x00000000eba1e190}: 'java.lang.Object java.lang.invoke.DirectMethodHandle$Holder.newInvokeSpecial(java.lang.Object, java.lang.Object, long)'> (0x00000000eba1e190) 
thrown [s\src\hotspot\share\interpreter\linkResolver.cpp, line 759]
Event: 3.393 Thread 0x000001ec8af9b050 Exception <a 'java/lang/NoSuchMethodError'{0x00000000eba21bd0}: 'java.lang.Object java.lang.invoke.Invokers$Holder.linkToTargetMethod(java.lang.Object, long, java.lang.Object)'> (0x00000000eba21bd0) 
thrown [s\src\hotspot\share\interpreter\linkResolver.cpp, line 759]
Event: 3.396 Thread 0x000001ec8af9b050 Exception <a 'java/lang/RuntimeException'{0x00000000eba24cc0}: snapshot not available> (0x00000000eba24cc0) 
thrown [s\src\hotspot\share\prims\jni.cpp, line 535]
Event: 3.437 Thread 0x000001eca36e3670 Exception <a 'java/lang/NoSuchMethodError'{0x00000000ebb82a58}: 'void java.lang.invoke.DirectMethodHandle$Holder.invokeStatic(java.lang.Object, java.lang.Object, java.lang.Object, java.lang.Object)'> (0x00000000ebb82a58) 
thrown [s\src\hotspot\share\interpreter\linkResolver.cpp, line 759]
Event: 3.441 Thread 0x000001eca36e3670 Exception <a 'java/lang/NoSuchMethodError'{0x00000000ebb978c0}: 'void java.lang.invoke.DirectMethodHandle$Holder.invokeStaticInit(java.lang.Object, java.lang.Object, java.lang.Object)'> (0x00000000ebb978c0) 
thrown [s\src\hotspot\share\interpreter\linkResolver.cpp, line 759]

VM Operations (20 events):
Event: 1.758 Executing VM operation: HandshakeAllThreads
Event: 1.758 Executing VM operation: HandshakeAllThreads done
Event: 1.847 Executing VM operation: ParallelGCFailedAllocation
Event: 1.857 Executing VM operation: ParallelGCFailedAllocation done
Event: 2.008 Executing VM operation: CollectForMetadataAllocation
Event: 2.034 Executing VM operation: CollectForMetadataAllocation done
Event: 2.035 Executing VM operation: HandshakeAllThreads
Event: 2.036 Executing VM operation: HandshakeAllThreads done
Event: 2.258 Executing VM operation: ParallelGCFailedAllocation
Event: 2.259 Executing VM operation: ParallelGCFailedAllocation done
Event: 2.491 Executing VM operation: HandshakeAllThreads
Event: 2.491 Executing VM operation: HandshakeAllThreads done
Event: 2.494 Executing VM operation: ParallelGCFailedAllocation
Event: 2.495 Executing VM operation: ParallelGCFailedAllocation done
Event: 3.143 Executing VM operation: HandshakeAllThreads
Event: 3.143 Executing VM operation: HandshakeAllThreads done
Event: 3.314 Executing VM operation: HandshakeAllThreads
Event: 3.314 Executing VM operation: HandshakeAllThreads done
Event: 3.368 Executing VM operation: HandshakeAllThreads
Event: 3.368 Executing VM operation: HandshakeAllThreads done

Events (20 events):
Event: 3.340 loading class javax/crypto/spec/PBEKeySpec
Event: 3.340 loading class javax/crypto/spec/PBEKeySpec done
Event: 3.347 loading class java/lang/annotation/Documented
Event: 3.347 loading class java/lang/annotation/Documented done
Event: 3.349 loading class java/lang/Class$AnnotationData
Event: 3.350 loading class java/lang/Class$AnnotationData done
Event: 3.350 loading class jdk/internal/reflect/UnsafeBooleanFieldAccessorImpl
Event: 3.351 loading class jdk/internal/reflect/UnsafeBooleanFieldAccessorImpl done
Event: 3.372 loading class java/util/concurrent/Executors$DefaultThreadFactory
Event: 3.372 loading class java/util/concurrent/Executors$DefaultThreadFactory done
Event: 3.388 loading class java/lang/ProcessHandle
Event: 3.389 loading class java/lang/ProcessHandle done
Event: 3.389 loading class java/lang/ProcessHandleImpl
Event: 3.390 loading class java/lang/ProcessHandleImpl done
Event: 3.412 loading class java/lang/Throwable$WrappedPrintWriter
Event: 3.412 loading class java/lang/Throwable$PrintStreamOrWriter
Event: 3.413 loading class java/lang/Throwable$PrintStreamOrWriter done
Event: 3.413 loading class java/lang/Throwable$WrappedPrintWriter done
Event: 3.417 Thread 0x000001eca36e3670 Thread added: 0x000001eca36e3670
Event: 3.446 loading class javax/security/auth/login/Configuration


Dynamic libraries:
0x00007ff63eb10000 - 0x00007ff63eb1e000 	c:\Users\prera\.vscode\extensions\redhat.java-1.17.0-win32-x64\jre\17.0.6-win32-x86_64\bin\java.exe
0x00007ff8d25d0000 - 0x00007ff8d27e4000 	C:\WINDOWS\SYSTEM32\ntdll.dll
0x00007ff8d1720000 - 0x00007ff8d17e2000 	C:\WINDOWS\System32\KERNEL32.DLL
0x00007ff8cfe30000 - 0x00007ff8d01cc000 	C:\WINDOWS\System32\KERNELBASE.dll
0x00007ff8d0240000 - 0x00007ff8d0351000 	C:\WINDOWS\System32\ucrtbase.dll
0x00007ff8bec40000 - 0x00007ff8bec59000 	c:\Users\prera\.vscode\extensions\redhat.java-1.17.0-win32-x64\jre\17.0.6-win32-x86_64\bin\VCRUNTIME140.dll
0x00007ff8bec70000 - 0x00007ff8bec87000 	c:\Users\prera\.vscode\extensions\redhat.java-1.17.0-win32-x64\jre\17.0.6-win32-x86_64\bin\jli.dll
0x00007ff8d17f0000 - 0x00007ff8d199b000 	C:\WINDOWS\System32\USER32.dll
0x00007ff8cfad0000 - 0x00007ff8cfaf6000 	C:\WINDOWS\System32\win32u.dll
0x00007ff8b6da0000 - 0x00007ff8b702e000 	C:\WINDOWS\WinSxS\amd64_microsoft.windows.common-controls_6595b64144ccf1df_6.0.22621.608_none_a9444ca7c10bb01d\COMCTL32.dll
0x00007ff8d1550000 - 0x00007ff8d1579000 	C:\WINDOWS\System32\GDI32.dll
0x00007ff8d24e0000 - 0x00007ff8d2587000 	C:\WINDOWS\System32\msvcrt.dll
0x00007ff8cfd10000 - 0x00007ff8cfe23000 	C:\WINDOWS\System32\gdi32full.dll
0x00007ff8cfc70000 - 0x00007ff8cfd0a000 	C:\WINDOWS\System32\msvcp_win.dll
0x00007ff8d16d0000 - 0x00007ff8d1701000 	C:\WINDOWS\System32\IMM32.DLL
0x00007ff8bec30000 - 0x00007ff8bec3c000 	c:\Users\prera\.vscode\extensions\redhat.java-1.17.0-win32-x64\jre\17.0.6-win32-x86_64\bin\vcruntime140_1.dll
0x00007ff8a7350000 - 0x00007ff8a73e1000 	c:\Users\prera\.vscode\extensions\redhat.java-1.17.0-win32-x64\jre\17.0.6-win32-x86_64\bin\msvcp140.dll
0x00007ff818930000 - 0x00007ff819577000 	c:\Users\prera\.vscode\extensions\redhat.java-1.17.0-win32-x64\jre\17.0.6-win32-x86_64\bin\server\jvm.dll
0x00007ff8d1580000 - 0x00007ff8d162e000 	C:\WINDOWS\System32\ADVAPI32.dll
0x00007ff8d19a0000 - 0x00007ff8d1a44000 	C:\WINDOWS\System32\sechost.dll
0x00007ff8d03e0000 - 0x00007ff8d04f7000 	C:\WINDOWS\System32\RPCRT4.dll
0x00007ff8c95c0000 - 0x00007ff8c95f4000 	C:\WINDOWS\SYSTEM32\WINMM.dll
0x00007ff8c8d60000 - 0x00007ff8c8d6a000 	C:\WINDOWS\SYSTEM32\VERSION.dll
0x00007ff8bebf0000 - 0x00007ff8bebf9000 	C:\WINDOWS\SYSTEM32\WSOCK32.dll
0x00007ff8d0550000 - 0x00007ff8d05c1000 	C:\WINDOWS\System32\WS2_32.dll
0x00007ff8ce990000 - 0x00007ff8ce9a8000 	C:\WINDOWS\SYSTEM32\kernel.appcore.dll
0x00007ff8bebe0000 - 0x00007ff8bebea000 	c:\Users\prera\.vscode\extensions\redhat.java-1.17.0-win32-x64\jre\17.0.6-win32-x86_64\bin\jimage.dll
0x00007ff8c0850000 - 0x00007ff8c0a7e000 	C:\WINDOWS\SYSTEM32\DBGHELP.DLL
0x00007ff8d0e00000 - 0x00007ff8d1189000 	C:\WINDOWS\System32\combase.dll
0x00007ff8d0630000 - 0x00007ff8d0707000 	C:\WINDOWS\System32\OLEAUT32.dll
0x00007ff8bf4d0000 - 0x00007ff8bf502000 	C:\WINDOWS\SYSTEM32\dbgcore.DLL
0x00007ff8d0360000 - 0x00007ff8d03db000 	C:\WINDOWS\System32\bcryptPrimitives.dll
0x00007ff8bebd0000 - 0x00007ff8bebde000 	c:\Users\prera\.vscode\extensions\redhat.java-1.17.0-win32-x64\jre\17.0.6-win32-x86_64\bin\instrument.dll
0x00007ff8beba0000 - 0x00007ff8bebc5000 	c:\Users\prera\.vscode\extensions\redhat.java-1.17.0-win32-x64\jre\17.0.6-win32-x86_64\bin\java.dll
0x00007ff8be850000 - 0x00007ff8be868000 	c:\Users\prera\.vscode\extensions\redhat.java-1.17.0-win32-x64\jre\17.0.6-win32-x86_64\bin\zip.dll
0x00007ff8d1b80000 - 0x00007ff8d2370000 	C:\WINDOWS\System32\SHELL32.dll
0x00007ff8cd9d0000 - 0x00007ff8ce29d000 	C:\WINDOWS\SYSTEM32\windows.storage.dll
0x00007ff8cd890000 - 0x00007ff8cd9ce000 	C:\WINDOWS\SYSTEM32\wintypes.dll
0x00007ff8d1190000 - 0x00007ff8d1281000 	C:\WINDOWS\System32\SHCORE.dll
0x00007ff8d0d60000 - 0x00007ff8d0dbe000 	C:\WINDOWS\System32\shlwapi.dll
0x00007ff8cf940000 - 0x00007ff8cf961000 	C:\WINDOWS\SYSTEM32\profapi.dll
0x00007ff8bd8e0000 - 0x00007ff8bd8f9000 	C:\Users\prera\.vscode\extensions\redhat.java-1.17.0-win32-x64\jre\17.0.6-win32-x86_64\bin\net.dll
0x00007ff8c9010000 - 0x00007ff8c9147000 	C:\WINDOWS\SYSTEM32\WINHTTP.dll
0x00007ff8cee90000 - 0x00007ff8ceef9000 	C:\WINDOWS\system32\mswsock.dll
0x00007ff8b8400000 - 0x00007ff8b8415000 	C:\Users\prera\.vscode\extensions\redhat.java-1.17.0-win32-x64\jre\17.0.6-win32-x86_64\bin\nio.dll
0x00007ff8beac0000 - 0x00007ff8bead0000 	c:\Users\prera\.vscode\extensions\redhat.java-1.17.0-win32-x64\jre\17.0.6-win32-x86_64\bin\verify.dll
0x00007ff8b83c0000 - 0x00007ff8b83fe000 	C:\Users\prera\AppData\Roaming\Code\User\globalStorage\redhat.java\1.17.0\config_ss_win\org.eclipse.equinox.launcher\org.eclipse.equinox.launcher.win32.win32.x86_64_1.2.700.v20221108-1024\eclipse_11801.dll
0x00007ff8d13b0000 - 0x00007ff8d154c000 	C:\WINDOWS\System32\ole32.dll
0x00007ff8cf0c0000 - 0x00007ff8cf0db000 	C:\WINDOWS\SYSTEM32\CRYPTSP.dll
0x00007ff8ce9b0000 - 0x00007ff8ce9e5000 	C:\WINDOWS\system32\rsaenh.dll
0x00007ff8cef50000 - 0x00007ff8cef78000 	C:\WINDOWS\SYSTEM32\USERENV.dll
0x00007ff8cf360000 - 0x00007ff8cf388000 	C:\WINDOWS\SYSTEM32\bcrypt.dll
0x00007ff8cf0e0000 - 0x00007ff8cf0ec000 	C:\WINDOWS\SYSTEM32\CRYPTBASE.dll
0x00007ff8ce530000 - 0x00007ff8ce55d000 	C:\WINDOWS\SYSTEM32\IPHLPAPI.DLL
0x00007ff8d0d50000 - 0x00007ff8d0d59000 	C:\WINDOWS\System32\NSI.dll
0x00007ff8c8eb0000 - 0x00007ff8c8ec9000 	C:\WINDOWS\SYSTEM32\dhcpcsvc6.DLL
0x00007ff8c8e90000 - 0x00007ff8c8eaf000 	C:\WINDOWS\SYSTEM32\dhcpcsvc.DLL
0x00007ff8ce560000 - 0x00007ff8ce653000 	C:\WINDOWS\SYSTEM32\DNSAPI.dll
0x00007ff8b8330000 - 0x00007ff8b8375000 	C:\Users\prera\AppData\Local\Temp\jna-106931218\jna13066130544182136228.dll
0x00007ff8d1710000 - 0x00007ff8d1718000 	C:\WINDOWS\System32\PSAPI.DLL

dbghelp: loaded successfully - version: 4.0.5 - missing functions: none
symbol engine: initialized successfully - sym options: 0x614 - pdb path: .;c:\Users\prera\.vscode\extensions\redhat.java-1.17.0-win32-x64\jre\17.0.6-win32-x86_64\bin;C:\WINDOWS\SYSTEM32;C:\WINDOWS\WinSxS\amd64_microsoft.windows.common-controls_6595b64144ccf1df_6.0.22621.608_none_a9444ca7c10bb01d;c:\Users\prera\.vscode\extensions\redhat.java-1.17.0-win32-x64\jre\17.0.6-win32-x86_64\bin\server;C:\Users\prera\AppData\Roaming\Code\User\globalStorage\redhat.java\1.17.0\config_ss_win\org.eclipse.equinox.launcher\org.eclipse.equinox.launcher.win32.win32.x86_64_1.2.700.v20221108-1024;C:\Users\prera\AppData\Local\Temp\jna-106931218

VM Arguments:
jvm_args: --add-modules=ALL-SYSTEM --add-opens=java.base/java.util=ALL-UNNAMED --add-opens=java.base/java.lang=ALL-UNNAMED --add-opens=java.base/sun.nio.fs=ALL-UNNAMED -Declipse.application=org.eclipse.jdt.ls.core.id1 -Dosgi.bundles.defaultStartLevel=4 -Declipse.product=org.eclipse.jdt.ls.core.product -Djava.import.generatesMetadataFilesAtProjectRoot=false -Dfile.encoding=utf8 -XX:+UseParallelGC -XX:GCTimeRatio=4 -XX:AdaptiveSizePolicyWeight=90 -Dsun.zip.disableMemoryMapping=true -Xmx1G -Xms100m -Xlog:disable -javaagent:c:\Users\prera\.vscode\extensions\redhat.java-1.17.0-win32-x64\lombok\lombok-1.18.24.jar 
java_command: c:\Users\prera\.vscode\extensions\redhat.java-1.17.0-win32-x64\server\plugins\org.eclipse.equinox.launcher_1.6.400.v20210924-0641.jar -configuration c:\Users\prera\AppData\Roaming\Code\User\globalStorage\redhat.java\1.17.0\config_ss_win -data c:\Users\prera\AppData\Roaming\Code\User\workspaceStorage\17cf255be1d5e9daf9b49459649ceef1\redhat.java\ss_ws
java_class_path (initial): c:\Users\prera\.vscode\extensions\redhat.java-1.17.0-win32-x64\server\plugins\org.eclipse.equinox.launcher_1.6.400.v20210924-0641.jar
Launcher Type: SUN_STANDARD

[Global flags]
    uintx AdaptiveSizePolicyWeight                 = 90                                        {product} {command line}
     intx CICompilerCount                          = 12                                        {product} {ergonomic}
    uintx GCTimeRatio                              = 4                                         {product} {command line}
   size_t InitialHeapSize                          = 104857600                                 {product} {command line}
   size_t MaxHeapSize                              = 1073741824                                {product} {command line}
   size_t MaxNewSize                               = 357564416                                 {product} {ergonomic}
   size_t MinHeapDeltaBytes                        = 524288                                    {product} {ergonomic}
   size_t MinHeapSize                              = 104857600                                 {product} {command line}
   size_t NewSize                                  = 34603008                                  {product} {ergonomic}
    uintx NonNMethodCodeHeapSize                   = 7602480                                {pd product} {ergonomic}
    uintx NonProfiledCodeHeapSize                  = 122027880                              {pd product} {ergonomic}
   size_t OldSize                                  = 70254592                                  {product} {ergonomic}
    uintx ProfiledCodeHeapSize                     = 122027880                              {pd product} {ergonomic}
    uintx ReservedCodeCacheSize                    = 251658240                              {pd product} {ergonomic}
     bool SegmentedCodeCache                       = true                                      {product} {ergonomic}
   size_t SoftMaxHeapSize                          = 1073741824                             {manageable} {ergonomic}
     bool UseCompressedClassPointers               = true                           {product lp64_product} {ergonomic}
     bool UseCompressedOops                        = true                           {product lp64_product} {ergonomic}
     bool UseLargePagesIndividualAllocation        = false                                  {pd product} {ergonomic}
     bool UseParallelGC                            = true                                      {product} {command line}

Logging:
Log output configuration:
 #0: stdout all=off uptime,level,tags
 #1: stderr all=off uptime,level,tags

Environment Variables:
PATH=C:\Program Files\Common Files\Oracle\Java\javapath;C:\windows\system32;C:\windows;C:\windows\System32\Wbem;C:\windows\System32\WindowsPowerShell\v1.0\;C:\windows\System32\OpenSSH\;C:\Program Files (x86)\NVIDIA Corporation\PhysX\Common;C:\Program Files\nodejs\;C:\Program Files\Git\cmd;C:\Program Files\MongoDB\Server\6.0\bin\;C:\Program Files\mongosh-1.6.1-win32-x64\mongosh-1.6.1-win32-x64\bin;;C:\WINDOWS\system32;C:\WINDOWS;C:\WINDOWS\System32\Wbem;C:\WINDOWS\System32\WindowsPowerShell\v1.0\;C:\WINDOWS\System32\OpenSSH\;C:\Program Files\MySQL\MySQL Shell 8.0\bin\;C:\Users\prera\AppData\Local\Programs\Python\Python310\Scripts\;C:\Users\prera\AppData\Local\Programs\Python\Python310\;C:\Users\prera\AppData\Local\Programs\Python\Launcher\;C:\Users\prera\AppData\Local\Microsoft\WindowsApps;C:\Users\prera\AppData\Local\Programs\Microsoft VS Code\bin;C:\Users\prera\AppData\Roaming\npm;C:\Users\prera\AppData\Local\GitHubDesktop\bin;C:\Program Files\Java\jdk-19\bin;
USERNAME=prera
OS=Windows_NT
PROCESSOR_IDENTIFIER=AMD64 Family 25 Model 80 Stepping 0, AuthenticAMD
TMP=C:\Users\prera\AppData\Local\Temp
TEMP=C:\Users\prera\AppData\Local\Temp



---------------  S Y S T E M  ---------------

OS:
 Windows 11 , 64 bit Build 22621 (10.0.22621.1485)
OS uptime: 0 days 1:34 hours
Hyper-V role detected

CPU: total 16 (initial active 16) (16 cores per cpu, 2 threads per core) family 25 model 80 stepping 0 microcode 0x0, cx8, cmov, fxsr, ht, mmx, 3dnowpref, sse, sse2, sse3, ssse3, sse4a, sse4.1, sse4.2, popcnt, lzcnt, tsc, tscinvbit, avx, avx2, aes, erms, clmul, bmi1, bmi2, adx, sha, fma, vzeroupper, clflush, clflushopt, hv

Memory: 4k page, system-wide physical 15713M (5233M free)
TotalPageFile size 17761M (AvailPageFile size 215M)
current process WorkingSet (physical memory assigned to process): 146M, peak: 146M
current process commit charge ("private bytes"): 268M, peak: 269M

vm_info: OpenJDK 64-Bit Server VM (17.0.6+10) for windows-amd64 JRE (17.0.6+10), built on Jan 18 2023 10:08:59 by "temurin" with MS VC++ 16.7 (VS2019)

END.
