#
# There is insufficient memory for the Java Runtime Environment to continue.
# Native memory allocation (mmap) failed to map 65536 bytes for Failed to commit metaspace.
# Possible reasons:
#   The system is out of physical RAM or swap space
#   The process is running with CompressedOops enabled, and the Java Heap may be blocking the growth of the native heap
# Possible solutions:
#   Reduce memory load on the system
#   Increase physical memory or swap space
#   Check if swap backing store is full
#   Decrease Java heap size (-Xmx/-Xms)
#   Decrease number of Java threads
#   Decrease Java thread stack sizes (-Xss)
#   Set larger code cache with -XX:ReservedCodeCacheSize=
#   JVM is running with Unscaled Compressed Oops mode in which the Java heap is
#     placed in the first 4GB address space. The Java Heap base address is the
#     maximum limit for the native heap growth. Please use -XX:HeapBaseMinAddress
#     to set the Java Heap base and to place the Java Heap above 4GB virtual address.
# This output file may be truncated or incomplete.
#
#  Out of Memory Error (virtualSpaceNode.cpp:110), pid=7324, tid=8240
#
# JRE version: OpenJDK Runtime Environment Temurin-17.0.6+10 (17.0.6+10) (build 17.0.6+10)
# Java VM: OpenJDK 64-Bit Server VM Temurin-17.0.6+10 (17.0.6+10, mixed mode, tiered, compressed oops, compressed class ptrs, parallel gc, windows-amd64)
# No core dump will be written. Minidumps are not enabled by default on client versions of Windows
#

---------------  S U M M A R Y ------------

Command Line: --add-modules=ALL-SYSTEM --add-opens=java.base/java.util=ALL-UNNAMED --add-opens=java.base/java.lang=ALL-UNNAMED --add-opens=java.base/sun.nio.fs=ALL-UNNAMED -Declipse.application=org.eclipse.jdt.ls.core.id1 -Dosgi.bundles.defaultStartLevel=4 -Declipse.product=org.eclipse.jdt.ls.core.product -Djava.import.generatesMetadataFilesAtProjectRoot=false -Dfile.encoding=utf8 -XX:+UseParallelGC -XX:GCTimeRatio=4 -XX:AdaptiveSizePolicyWeight=90 -Dsun.zip.disableMemoryMapping=true -Xmx1G -Xms100m -Xlog:disable -javaagent:c:\Users\prera\.vscode\extensions\redhat.java-1.17.0-win32-x64\lombok\lombok-1.18.24.jar -XX:+HeapDumpOnOutOfMemoryError -XX:HeapDumpPath=c:\Users\prera\AppData\Roaming\Code\User\workspaceStorage\17cf255be1d5e9daf9b49459649ceef1\redhat.java -Daether.dependencyCollector.impl=bf c:\Users\prera\.vscode\extensions\redhat.java-1.17.0-win32-x64\server\plugins\org.eclipse.equinox.launcher_1.6.400.v20210924-0641.jar -configuration c:\Users\prera\AppData\Roaming\Code\User\globalStorage\redhat.java\1.17.0\config_win -data c:\Users\prera\AppData\Roaming\Code\User\workspaceStorage\17cf255be1d5e9daf9b49459649ceef1\redhat.java\jdt_ws

Host: AMD Ryzen 7 5800H with Radeon Graphics         , 16 cores, 15G,  Windows 11 , 64 bit Build 22621 (10.0.22621.1485)
Time: Sat Apr 15 10:56:33 2023 India Standard Time elapsed time: 2.110509 seconds (0d 0h 0m 2s)

---------------  T H R E A D  ---------------

Current thread (0x0000018873576bd0):  JavaThread "Start Level: Equinox Container: 80716dab-6503-4005-9f66-5e1bebb8a261" daemon [_thread_in_vm, id=8240, stack(0x00000055d2e00000,0x00000055d2f00000)]

Stack: [0x00000055d2e00000,0x00000055d2f00000]
Native frames: (J=compiled Java code, j=interpreted, Vv=VM code, C=native code)
V  [jvm.dll+0x67741a]
V  [jvm.dll+0x834434]
V  [jvm.dll+0x835bde]
V  [jvm.dll+0x836243]
V  [jvm.dll+0x2457b5]
V  [jvm.dll+0x8304cb]
V  [jvm.dll+0x61bca6]
V  [jvm.dll+0x1c05fe]
V  [jvm.dll+0x61e5f1]
V  [jvm.dll+0x61c646]
V  [jvm.dll+0x239e4f]
V  [jvm.dll+0x626445]
V  [jvm.dll+0x1ea42b]
V  [jvm.dll+0x1ea965]
V  [jvm.dll+0x1eb39f]
V  [jvm.dll+0x1e0841]
V  [jvm.dll+0x53c6d0]
V  [jvm.dll+0x7af5e8]
V  [jvm.dll+0x7af6d4]
V  [jvm.dll+0x40bc05]
V  [jvm.dll+0x411d58]
C  [java.dll+0x17ec]

Java frames: (J=compiled Java code, j=interpreted, Vv=VM code)
J 1138  java.lang.ClassLoader.defineClass1(Ljava/lang/ClassLoader;Ljava/lang/String;[BIILjava/security/ProtectionDomain;Ljava/lang/String;)Ljava/lang/Class; java.base@17.0.6 (0 bytes) @ 0x00000188652fa15b [0x00000188652fa0a0+0x00000000000000bb]
J 1786 c1 java.lang.ClassLoader.defineClass(Ljava/lang/String;[BIILjava/security/ProtectionDomain;)Ljava/lang/Class; java.base@17.0.6 (43 bytes) @ 0x000001885da3d0d4 [0x000001885da3cd80+0x0000000000000354]
J 1864 c1 org.eclipse.osgi.internal.loader.ModuleClassLoader.defineClass(Ljava/lang/String;[BLorg/eclipse/osgi/internal/loader/classpath/ClasspathEntry;)Lorg/eclipse/osgi/internal/loader/ModuleClassLoader$DefineClassResult; (138 bytes) @ 0x000001885da7a42c [0x000001885da7a1c0+0x000000000000026c]
J 2273 c1 org.eclipse.osgi.internal.loader.classpath.ClasspathManager.defineClass(Ljava/lang/String;[BLorg/eclipse/osgi/internal/loader/classpath/ClasspathEntry;Lorg/eclipse/osgi/storage/bundlefile/BundleEntry;Ljava/util/List;)Ljava/lang/Class; (636 bytes) @ 0x000001885db85834 [0x000001885db83e60+0x00000000000019d4]
J 1830 c1 org.eclipse.osgi.internal.loader.classpath.ClasspathManager.findClassImpl(Ljava/lang/String;Lorg/eclipse/osgi/internal/loader/classpath/ClasspathEntry;Ljava/util/List;)Ljava/lang/Class; (308 bytes) @ 0x000001885da6964c [0x000001885da66860+0x0000000000002dec]
J 1829 c1 org.eclipse.osgi.internal.loader.classpath.ClasspathManager.findLocalClassImpl(Ljava/lang/String;[Lorg/eclipse/osgi/internal/loader/classpath/ClasspathEntry;Ljava/util/List;)Ljava/lang/Class; (55 bytes) @ 0x000001885da619cc [0x000001885da61840+0x000000000000018c]
J 2261 c1 org.eclipse.osgi.internal.loader.classpath.ClasspathManager.findLocalClassImpl(Ljava/lang/String;Ljava/util/List;)Ljava/lang/Class; (132 bytes) @ 0x000001885db7c154 [0x000001885db7bc40+0x0000000000000514]
J 1820 c1 org.eclipse.osgi.internal.loader.classpath.ClasspathManager.findLocalClass(Ljava/lang/String;)Ljava/lang/Class; (210 bytes) @ 0x000001885da541bc [0x000001885da53520+0x0000000000000c9c]
J 1818 c1 org.eclipse.osgi.internal.loader.BundleLoader.findLocalClass(Ljava/lang/String;)Ljava/lang/Class; (152 bytes) @ 0x000001885da569d4 [0x000001885da561a0+0x0000000000000834]
J 1751 c1 org.eclipse.osgi.internal.loader.BundleLoader.findClass0(Ljava/lang/String;ZZ)Ljava/lang/Class; (466 bytes) @ 0x000001885da2c494 [0x000001885da29da0+0x00000000000026f4]
J 1750 c1 org.eclipse.osgi.internal.loader.BundleLoader.findClass(Ljava/lang/String;)Ljava/lang/Class; (8 bytes) @ 0x000001885da2789c [0x000001885da27820+0x000000000000007c]
J 1752 c1 org.eclipse.osgi.internal.loader.ModuleClassLoader.loadClass(Ljava/lang/String;Z)Ljava/lang/Class; (36 bytes) @ 0x000001885da282bc [0x000001885da280a0+0x000000000000021c]
J 839 c1 java.lang.ClassLoader.loadClass(Ljava/lang/String;)Ljava/lang/Class; java.base@17.0.6 (7 bytes) @ 0x000001885d8515bc [0x000001885d8514c0+0x00000000000000fc]
j  org.eclipse.osgi.internal.framework.EquinoxBundle.loadClass(Ljava/lang/String;)Ljava/lang/Class;+97
j  org.apache.felix.scr.impl.manager.AbstractComponentManager.initDependencyManagers(Lorg/apache/felix/scr/impl/manager/ComponentContextImpl;)V+55
j  org.apache.felix.scr.impl.manager.AbstractComponentManager.collectDependencies(Lorg/apache/felix/scr/impl/manager/ComponentContextImpl;)Z+2
j  org.apache.felix.scr.impl.manager.SingleComponentManager.getServiceInternal(Lorg/osgi/framework/ServiceRegistration;)Z+25
j  org.apache.felix.scr.impl.manager.SingleComponentManager.getService(Lorg/osgi/framework/Bundle;Lorg/osgi/framework/ServiceRegistration;)Ljava/lang/Object;+69
j  org.eclipse.osgi.internal.serviceregistry.ServiceFactoryUse$1.run()Ljava/lang/Object;+24
J 1903 c1 java.security.AccessController.doPrivileged(Ljava/security/PrivilegedAction;)Ljava/lang/Object; java.base@17.0.6 (9 bytes) @ 0x000001885da8a13c [0x000001885da89fe0+0x000000000000015c]
j  org.eclipse.osgi.internal.serviceregistry.ServiceFactoryUse.factoryGetService()Ljava/lang/Object;+8
j  org.eclipse.osgi.internal.serviceregistry.ServiceFactoryUse.getService()Ljava/lang/Object;+222
j  org.eclipse.osgi.internal.serviceregistry.ServiceConsumer$2.getService(Lorg/eclipse/osgi/internal/serviceregistry/ServiceUse;)Ljava/lang/Object;+1
j  org.eclipse.osgi.internal.serviceregistry.ServiceRegistrationImpl.getService(Lorg/eclipse/osgi/internal/framework/BundleContextImpl;Lorg/eclipse/osgi/internal/serviceregistry/ServiceConsumer;)Ljava/lang/Object;+432
j  org.eclipse.osgi.internal.serviceregistry.ServiceRegistry.getService(Lorg/eclipse/osgi/internal/framework/BundleContextImpl;Lorg/eclipse/osgi/internal/serviceregistry/ServiceReferenceImpl;)Ljava/lang/Object;+12
j  org.eclipse.osgi.internal.framework.BundleContextImpl.getService(Lorg/osgi/framework/ServiceReference;)Ljava/lang/Object;+35
j  org.apache.felix.scr.impl.manager.SingleRefPair.getServiceObject(Lorg/apache/felix/scr/impl/inject/ScrComponentContext;Lorg/osgi/framework/BundleContext;)Z+5
j  org.apache.felix.scr.impl.inject.methods.BindMethod.getServiceObject(Lorg/apache/felix/scr/impl/inject/BindParameters;Lorg/osgi/framework/BundleContext;)Z+84
j  org.apache.felix.scr.impl.manager.DependencyManager.getServiceObject(Lorg/apache/felix/scr/impl/manager/ComponentContextImpl;Lorg/apache/felix/scr/impl/inject/ReferenceMethod;Lorg/apache/felix/scr/impl/inject/RefPair;)Z+26
j  org.apache.felix.scr.impl.manager.DependencyManager$MultipleDynamicCustomizer.prebind(Lorg/apache/felix/scr/impl/manager/ComponentContextImpl;)Z+98
j  org.apache.felix.scr.impl.manager.DependencyManager.prebind(Lorg/apache/felix/scr/impl/manager/ComponentContextImpl;)Z+5
j  org.apache.felix.scr.impl.manager.AbstractComponentManager.collectDependencies(Lorg/apache/felix/scr/impl/manager/ComponentContextImpl;)Z+36
j  org.apache.felix.scr.impl.manager.SingleComponentManager.getServiceInternal(Lorg/osgi/framework/ServiceRegistration;)Z+25
j  org.apache.felix.scr.impl.manager.AbstractComponentManager.activateInternal()V+474
j  org.apache.felix.scr.impl.manager.DependencyManager$MultipleDynamicCustomizer.addedService(Lorg/osgi/framework/ServiceReference;Lorg/apache/felix/scr/impl/inject/RefPair;IILorg/apache/felix/scr/impl/manager/ExtendedServiceEvent;)V+233
j  org.apache.felix.scr.impl.manager.DependencyManager$MultipleDynamicCustomizer.addedService(Lorg/osgi/framework/ServiceReference;Ljava/lang/Object;IILorg/osgi/framework/ServiceEvent;)V+14
j  org.apache.felix.scr.impl.manager.ServiceTracker$Tracked.customizerAdded(Lorg/osgi/framework/ServiceReference;Lorg/osgi/framework/ServiceEvent;Ljava/lang/Object;II)V+14
j  org.apache.felix.scr.impl.manager.ServiceTracker$Tracked.customizerAdded(Ljava/lang/Object;Ljava/lang/Object;Ljava/lang/Object;II)V+14
j  org.apache.felix.scr.impl.manager.ServiceTracker$AbstractTracked.trackAdding(Ljava/lang/Object;Ljava/lang/Object;)V+207
j  org.apache.felix.scr.impl.manager.ServiceTracker$AbstractTracked.track(Ljava/lang/Object;Ljava/lang/Object;)V+104
j  org.apache.felix.scr.impl.manager.ServiceTracker$Tracked.serviceChanged(Lorg/osgi/framework/ServiceEvent;)V+67
j  org.apache.felix.scr.impl.BundleComponentActivator$ListenerInfo.serviceChanged(Lorg/osgi/framework/ServiceEvent;)V+66
J 1635 c1 org.eclipse.osgi.internal.serviceregistry.FilteredServiceListener.serviceChanged(Lorg/osgi/framework/ServiceEvent;)V (284 bytes) @ 0x000001885d9ff534 [0x000001885d9fd260+0x00000000000022d4]
J 1618 c1 org.eclipse.osgi.internal.framework.BundleContextImpl.dispatchEvent(Ljava/lang/Object;Ljava/lang/Object;ILjava/lang/Object;)V (558 bytes) @ 0x000001885d9ee56c [0x000001885d9eb4a0+0x00000000000030cc]
J 1944 c1 org.eclipse.osgi.framework.eventmgr.EventManager.dispatchEvent(Ljava/util/Set;Lorg/eclipse/osgi/framework/eventmgr/EventDispatcher;ILjava/lang/Object;)V (69 bytes) @ 0x000001885da9f374 [0x000001885da9eea0+0x00000000000004d4]
j  org.eclipse.osgi.framework.eventmgr.ListenerQueue.dispatchEventSynchronous(ILjava/lang/Object;)V+67
j  org.eclipse.osgi.internal.serviceregistry.ServiceRegistry.publishServiceEventPrivileged(Lorg/osgi/framework/ServiceEvent;)V+320
j  org.eclipse.osgi.internal.serviceregistry.ServiceRegistry.publishServiceEvent(Lorg/osgi/framework/ServiceEvent;)V+8
j  org.eclipse.osgi.internal.serviceregistry.ServiceRegistrationImpl.register(Ljava/util/Dictionary;)V+128
j  org.eclipse.osgi.internal.serviceregistry.ServiceRegistry.registerService(Lorg/eclipse/osgi/internal/framework/BundleContextImpl;[Ljava/lang/String;Ljava/lang/Object;Ljava/util/Dictionary;)Lorg/eclipse/osgi/internal/serviceregistry/ServiceRegistrationImpl;+298
j  org.eclipse.osgi.internal.framework.BundleContextImpl.registerService([Ljava/lang/String;Ljava/lang/Object;Ljava/util/Dictionary;)Lorg/osgi/framework/ServiceRegistration;+15
j  org.apache.felix.scr.impl.manager.AbstractComponentManager$3.register([Ljava/lang/String;)Lorg/osgi/framework/ServiceRegistration;+32
j  org.apache.felix.scr.impl.manager.AbstractComponentManager$3.register([Ljava/lang/String;)Ljava/lang/Object;+2
j  org.apache.felix.scr.impl.manager.RegistrationManager.changeRegistration(Lorg/apache/felix/scr/impl/manager/RegistrationManager$RegState;[Ljava/lang/String;)Z+697
j  org.apache.felix.scr.impl.manager.AbstractComponentManager.registerService()Z+17
j  org.apache.felix.scr.impl.manager.AbstractComponentManager.activateInternal()V+344
j  org.apache.felix.scr.impl.manager.DependencyManager$SingleStaticCustomizer.addedService(Lorg/osgi/framework/ServiceReference;Lorg/apache/felix/scr/impl/inject/RefPair;IILorg/apache/felix/scr/impl/manager/ExtendedServiceEvent;)V+267
j  org.apache.felix.scr.impl.manager.DependencyManager$SingleStaticCustomizer.addedService(Lorg/osgi/framework/ServiceReference;Ljava/lang/Object;IILorg/osgi/framework/ServiceEvent;)V+14
j  org.apache.felix.scr.impl.manager.ServiceTracker$Tracked.customizerAdded(Lorg/osgi/framework/ServiceReference;Lorg/osgi/framework/ServiceEvent;Ljava/lang/Object;II)V+14
j  org.apache.felix.scr.impl.manager.ServiceTracker$Tracked.customizerAdded(Ljava/lang/Object;Ljava/lang/Object;Ljava/lang/Object;II)V+14
j  org.apache.felix.scr.impl.manager.ServiceTracker$AbstractTracked.trackAdding(Ljava/lang/Object;Ljava/lang/Object;)V+207
j  org.apache.felix.scr.impl.manager.ServiceTracker$AbstractTracked.track(Ljava/lang/Object;Ljava/lang/Object;)V+104
j  org.apache.felix.scr.impl.manager.ServiceTracker$Tracked.serviceChanged(Lorg/osgi/framework/ServiceEvent;)V+67
j  org.apache.felix.scr.impl.BundleComponentActivator$ListenerInfo.serviceChanged(Lorg/osgi/framework/ServiceEvent;)V+66
J 1635 c1 org.eclipse.osgi.internal.serviceregistry.FilteredServiceListener.serviceChanged(Lorg/osgi/framework/ServiceEvent;)V (284 bytes) @ 0x000001885d9ff534 [0x000001885d9fd260+0x00000000000022d4]
J 1618 c1 org.eclipse.osgi.internal.framework.BundleContextImpl.dispatchEvent(Ljava/lang/Object;Ljava/lang/Object;ILjava/lang/Object;)V (558 bytes) @ 0x000001885d9ee56c [0x000001885d9eb4a0+0x00000000000030cc]
J 1944 c1 org.eclipse.osgi.framework.eventmgr.EventManager.dispatchEvent(Ljava/util/Set;Lorg/eclipse/osgi/framework/eventmgr/EventDispatcher;ILjava/lang/Object;)V (69 bytes) @ 0x000001885da9f374 [0x000001885da9eea0+0x00000000000004d4]
j  org.eclipse.osgi.framework.eventmgr.ListenerQueue.dispatchEventSynchronous(ILjava/lang/Object;)V+67
j  org.eclipse.osgi.internal.serviceregistry.ServiceRegistry.publishServiceEventPrivileged(Lorg/osgi/framework/ServiceEvent;)V+320
j  org.eclipse.osgi.internal.serviceregistry.ServiceRegistry.publishServiceEvent(Lorg/osgi/framework/ServiceEvent;)V+8
j  org.eclipse.osgi.internal.serviceregistry.ServiceRegistrationImpl.register(Ljava/util/Dictionary;)V+128
j  org.eclipse.osgi.internal.serviceregistry.ServiceRegistry.registerService(Lorg/eclipse/osgi/internal/framework/BundleContextImpl;[Ljava/lang/String;Ljava/lang/Object;Ljava/util/Dictionary;)Lorg/eclipse/osgi/internal/serviceregistry/ServiceRegistrationImpl;+298
j  org.eclipse.osgi.internal.framework.BundleContextImpl.registerService([Ljava/lang/String;Ljava/lang/Object;Ljava/util/Dictionary;)Lorg/osgi/framework/ServiceRegistration;+15
j  org.eclipse.osgi.internal.framework.BundleContextImpl.registerService(Ljava/lang/String;Ljava/lang/Object;Ljava/util/Dictionary;)Lorg/osgi/framework/ServiceRegistration;+15
j  org.eclipse.osgi.internal.framework.BundleContextImpl.registerService(Ljava/lang/Class;Ljava/lang/Object;Ljava/util/Dictionary;)Lorg/osgi/framework/ServiceRegistration;+7
j  org.eclipse.core.resources.ResourcesPlugin$WorkspaceInitCustomizer.addingService(Lorg/osgi/framework/ServiceReference;)Lorg/eclipse/core/internal/resources/Workspace;+83
j  org.eclipse.core.resources.ResourcesPlugin$WorkspaceInitCustomizer.addingService(Lorg/osgi/framework/ServiceReference;)Ljava/lang/Object;+5
j  org.osgi.util.tracker.ServiceTracker$Tracked.customizerAdding(Lorg/osgi/framework/ServiceReference;Lorg/osgi/framework/ServiceEvent;)Ljava/lang/Object;+8
j  org.osgi.util.tracker.ServiceTracker$Tracked.customizerAdding(Ljava/lang/Object;Ljava/lang/Object;)Ljava/lang/Object;+9
j  org.osgi.util.tracker.AbstractTracked.trackAdding(Ljava/lang/Object;Ljava/lang/Object;)V+8
j  org.osgi.util.tracker.AbstractTracked.trackInitial()V+90
j  org.osgi.util.tracker.ServiceTracker.open(Z)V+198
j  org.osgi.util.tracker.ServiceTracker.open()V+2
j  org.eclipse.core.resources.ResourcesPlugin.start(Lorg/osgi/framework/BundleContext;)V+106
j  org.eclipse.osgi.internal.framework.BundleContextImpl$2.run()Ljava/lang/Void;+23
j  org.eclipse.osgi.internal.framework.BundleContextImpl$2.run()Ljava/lang/Object;+1
J 1307 c1 java.security.AccessController.executePrivileged(Ljava/security/PrivilegedExceptionAction;Ljava/security/AccessControlContext;Ljava/lang/Class;)Ljava/lang/Object; java.base@17.0.6 (65 bytes) @ 0x000001885d93a5b4 [0x000001885d93a460+0x0000000000000154]
j  java.security.AccessController.doPrivileged(Ljava/security/PrivilegedExceptionAction;)Ljava/lang/Object;+9 java.base@17.0.6
j  org.eclipse.osgi.internal.framework.BundleContextImpl.startActivator(Lorg/osgi/framework/BundleActivator;)V+9
j  org.eclipse.osgi.internal.framework.BundleContextImpl.start()V+134
j  org.eclipse.osgi.internal.framework.EquinoxBundle.startWorker0()V+35
j  org.eclipse.osgi.internal.framework.EquinoxBundle$EquinoxModule.startWorker()V+4
j  org.eclipse.osgi.container.Module.doStart([Lorg/eclipse/osgi/container/Module$StartOptions;)Lorg/eclipse/osgi/container/ModuleContainerAdaptor$ModuleEvent;+190
j  org.eclipse.osgi.container.Module.start([Lorg/eclipse/osgi/container/Module$StartOptions;)V+460
j  org.eclipse.osgi.framework.util.SecureAction.start(Lorg/eclipse/osgi/container/Module;[Lorg/eclipse/osgi/container/Module$StartOptions;)V+8
J 1822 c1 org.eclipse.osgi.internal.hooks.EclipseLazyStarter.postFindLocalClass(Ljava/lang/String;Ljava/lang/Class;Lorg/eclipse/osgi/internal/loader/classpath/ClasspathManager;)V (394 bytes) @ 0x000001885da59ddc [0x000001885da58e60+0x0000000000000f7c]
J 1820 c1 org.eclipse.osgi.internal.loader.classpath.ClasspathManager.findLocalClass(Ljava/lang/String;)Ljava/lang/Class; (210 bytes) @ 0x000001885da544d4 [0x000001885da53520+0x0000000000000fb4]
J 1818 c1 org.eclipse.osgi.internal.loader.BundleLoader.findLocalClass(Ljava/lang/String;)Ljava/lang/Class; (152 bytes) @ 0x000001885da569d4 [0x000001885da561a0+0x0000000000000834]
J 1751 c1 org.eclipse.osgi.internal.loader.BundleLoader.findClass0(Ljava/lang/String;ZZ)Ljava/lang/Class; (466 bytes) @ 0x000001885da2c494 [0x000001885da29da0+0x00000000000026f4]
J 1750 c1 org.eclipse.osgi.internal.loader.BundleLoader.findClass(Ljava/lang/String;)Ljava/lang/Class; (8 bytes) @ 0x000001885da2789c [0x000001885da27820+0x000000000000007c]
J 1752 c1 org.eclipse.osgi.internal.loader.ModuleClassLoader.loadClass(Ljava/lang/String;Z)Ljava/lang/Class; (36 bytes) @ 0x000001885da282bc [0x000001885da280a0+0x000000000000021c]
J 839 c1 java.lang.ClassLoader.loadClass(Ljava/lang/String;)Ljava/lang/Class; java.base@17.0.6 (7 bytes) @ 0x000001885d8515bc [0x000001885d8514c0+0x00000000000000fc]
v  ~StubRoutines::call_stub
j  java.lang.Class.getDeclaredConstructors0(Z)[Ljava/lang/reflect/Constructor;+0 java.base@17.0.6
j  java.lang.Class.privateGetDeclaredConstructors(Z)[Ljava/lang/reflect/Constructor;+52 java.base@17.0.6
j  java.lang.Class.getConstructor0([Ljava/lang/Class;I)Ljava/lang/reflect/Constructor;+14 java.base@17.0.6
j  java.lang.Class.getConstructor([Ljava/lang/Class;)Ljava/lang/reflect/Constructor;+24 java.base@17.0.6
j  org.eclipse.osgi.internal.framework.BundleContextImpl.loadBundleActivator()Lorg/osgi/framework/BundleActivator;+105
j  org.eclipse.osgi.internal.framework.BundleContextImpl.start()V+18
j  org.eclipse.osgi.internal.framework.EquinoxBundle.startWorker0()V+35
j  org.eclipse.osgi.internal.framework.EquinoxBundle$EquinoxModule.startWorker()V+4
j  org.eclipse.osgi.container.Module.doStart([Lorg/eclipse/osgi/container/Module$StartOptions;)Lorg/eclipse/osgi/container/ModuleContainerAdaptor$ModuleEvent;+190
j  org.eclipse.osgi.container.Module.start([Lorg/eclipse/osgi/container/Module$StartOptions;)V+460
j  org.eclipse.osgi.container.ModuleContainer$ContainerStartLevel$2.run()V+71
j  org.eclipse.osgi.internal.framework.EquinoxContainerAdaptor$1$1.execute(Ljava/lang/Runnable;)V+1
j  org.eclipse.osgi.container.ModuleContainer$ContainerStartLevel.incStartLevel(ILjava/util/List;Z)V+192
j  org.eclipse.osgi.container.ModuleContainer$ContainerStartLevel.incStartLevel(ILjava/util/List;Ljava/util/List;Ljava/util/List;Ljava/util/List;)V+19
j  org.eclipse.osgi.container.ModuleContainer$ContainerStartLevel.doContainerStartLevel(Lorg/eclipse/osgi/container/Module;I[Lorg/osgi/framework/FrameworkListener;)V+349
j  org.eclipse.osgi.container.ModuleContainer$ContainerStartLevel.dispatchEvent(Lorg/eclipse/osgi/container/Module;[Lorg/osgi/framework/FrameworkListener;ILjava/lang/Integer;)V+32
j  org.eclipse.osgi.container.ModuleContainer$ContainerStartLevel.dispatchEvent(Ljava/lang/Object;Ljava/lang/Object;ILjava/lang/Object;)V+15
j  org.eclipse.osgi.framework.eventmgr.EventManager.dispatchEvent(Ljava/util/Set;Lorg/eclipse/osgi/framework/eventmgr/EventDispatcher;ILjava/lang/Object;)V+48
j  org.eclipse.osgi.framework.eventmgr.EventManager$EventThread.run()V+26
v  ~StubRoutines::call_stub

---------------  P R O C E S S  ---------------

Threads class SMR info:
_java_thread_list=0x0000018873e29cb0, length=24, elements={
0x000001885aa74710, 0x000001885ab2e4d0, 0x000001885ab2e9a0, 0x000001886e8ee1a0,
0x000001886e8eea60, 0x00000188705104f0, 0x0000018870511550, 0x00000188705130f0,
0x00000188705184a0, 0x000001887051b1a0, 0x000001885aad6720, 0x0000018870693f90,
0x00000188706b9880, 0x00000188706feb50, 0x000001887241d4a0, 0x00000188736cd020,
0x0000018873576150, 0x0000018873576bd0, 0x0000018873a37c10, 0x000001887360ed10,
0x00000188706fe130, 0x0000018873bff880, 0x0000018872ad4c70, 0x0000018872ad3930
}

Java Threads: ( => current thread )
  0x000001885aa74710 JavaThread "main" [_thread_blocked, id=26884, stack(0x00000055d1200000,0x00000055d1300000)]
  0x000001885ab2e4d0 JavaThread "Reference Handler" daemon [_thread_blocked, id=27300, stack(0x00000055d1500000,0x00000055d1600000)]
  0x000001885ab2e9a0 JavaThread "Finalizer" daemon [_thread_blocked, id=15792, stack(0x00000055d1600000,0x00000055d1700000)]
  0x000001886e8ee1a0 JavaThread "Signal Dispatcher" daemon [_thread_blocked, id=25128, stack(0x00000055d1700000,0x00000055d1800000)]
  0x000001886e8eea60 JavaThread "Attach Listener" daemon [_thread_blocked, id=21100, stack(0x00000055d1800000,0x00000055d1900000)]
  0x00000188705104f0 JavaThread "Service Thread" daemon [_thread_blocked, id=27216, stack(0x00000055d1900000,0x00000055d1a00000)]
  0x0000018870511550 JavaThread "Monitor Deflation Thread" daemon [_thread_blocked, id=11112, stack(0x00000055d1a00000,0x00000055d1b00000)]
  0x00000188705130f0 JavaThread "C2 CompilerThread0" daemon [_thread_blocked, id=7700, stack(0x00000055d1b00000,0x00000055d1c00000)]
  0x00000188705184a0 JavaThread "C1 CompilerThread0" daemon [_thread_blocked, id=26956, stack(0x00000055d1c00000,0x00000055d1d00000)]
  0x000001887051b1a0 JavaThread "Sweeper thread" daemon [_thread_blocked, id=10720, stack(0x00000055d1d00000,0x00000055d1e00000)]
  0x000001885aad6720 JavaThread "Common-Cleaner" daemon [_thread_blocked, id=3152, stack(0x00000055d1e00000,0x00000055d1f00000)]
  0x0000018870693f90 JavaThread "C1 CompilerThread1" daemon [_thread_blocked, id=9588, stack(0x00000055d1f00000,0x00000055d2000000)]
  0x00000188706b9880 JavaThread "C1 CompilerThread2" daemon [_thread_blocked, id=22744, stack(0x00000055d2000000,0x00000055d2100000)]
  0x00000188706feb50 JavaThread "C1 CompilerThread3" daemon [_thread_blocked, id=20424, stack(0x00000055d2300000,0x00000055d2400000)]
  0x000001887241d4a0 JavaThread "Notification Thread" daemon [_thread_blocked, id=16156, stack(0x00000055d2400000,0x00000055d2500000)]
  0x00000188736cd020 JavaThread "Active Thread: Equinox Container: 80716dab-6503-4005-9f66-5e1bebb8a261" [_thread_blocked, id=26972, stack(0x00000055d2700000,0x00000055d2800000)]
  0x0000018873576150 JavaThread "Framework Event Dispatcher: Equinox Container: 80716dab-6503-4005-9f66-5e1bebb8a261" daemon [_thread_blocked, id=23452, stack(0x00000055d2800000,0x00000055d2900000)]
=>0x0000018873576bd0 JavaThread "Start Level: Equinox Container: 80716dab-6503-4005-9f66-5e1bebb8a261" daemon [_thread_in_vm, id=8240, stack(0x00000055d2e00000,0x00000055d2f00000)]
  0x0000018873a37c10 JavaThread "SCR Component Actor" daemon [_thread_blocked, id=26904, stack(0x00000055d2f00000,0x00000055d3000000)]
  0x000001887360ed10 JavaThread "SCR Component Registry" daemon [_thread_blocked, id=26700, stack(0x00000055d3200000,0x00000055d3300000)]
  0x00000188706fe130 JavaThread "C2 CompilerThread1" daemon [_thread_blocked, id=22204, stack(0x00000055d2100000,0x00000055d2200000)]
  0x0000018873bff880 JavaThread "Worker-JM" [_thread_blocked, id=15160, stack(0x00000055d2200000,0x00000055d2300000)]
  0x0000018872ad4c70 JavaThread "Worker-0: Checking project encoding" [_thread_blocked, id=27632, stack(0x00000055d3600000,0x00000055d3700000)]
  0x0000018872ad3930 JavaThread "Worker-1" [_thread_blocked, id=22084, stack(0x00000055d3700000,0x00000055d3800000)]

Other Threads:
  0x000001885aaf8da0 VMThread "VM Thread" [stack: 0x00000055d1400000,0x00000055d1500000] [id=2724]
  0x000001887241e180 WatcherThread [stack: 0x00000055d2500000,0x00000055d2600000] [id=17900]
  0x000001885aa8a4a0 GCTaskThread "GC Thread#0" [stack: 0x00000055d1300000,0x00000055d1400000] [id=27040]
  0x00000188734332d0 GCTaskThread "GC Thread#1" [stack: 0x00000055d2900000,0x00000055d2a00000] [id=15808]
  0x000001887271e4e0 GCTaskThread "GC Thread#2" [stack: 0x00000055d2a00000,0x00000055d2b00000] [id=16544]
  0x0000018872720bb0 GCTaskThread "GC Thread#3" [stack: 0x00000055d2b00000,0x00000055d2c00000] [id=15904]
  0x00000188729f4f30 GCTaskThread "GC Thread#4" [stack: 0x00000055d2c00000,0x00000055d2d00000] [id=8964]
  0x00000188726c6ad0 GCTaskThread "GC Thread#5" [stack: 0x00000055d2d00000,0x00000055d2e00000] [id=9636]
  0x00000188726c7030 GCTaskThread "GC Thread#6" [stack: 0x00000055d3000000,0x00000055d3100000] [id=13368]
  0x00000188726c7da0 GCTaskThread "GC Thread#7" [stack: 0x00000055d3100000,0x00000055d3200000] [id=24264]
  0x00000188726c6820 GCTaskThread "GC Thread#8" [stack: 0x00000055d2600000,0x00000055d2700000] [id=15828]
  0x00000188726c6570 GCTaskThread "GC Thread#9" [stack: 0x00000055d3300000,0x00000055d3400000] [id=26016]
  0x00000188726c6d80 GCTaskThread "GC Thread#10" [stack: 0x00000055d3400000,0x00000055d3500000] [id=26896]
  0x0000018873e66010 GCTaskThread "GC Thread#11" [stack: 0x00000055d3500000,0x00000055d3600000] [id=27540]

Threads with active compile tasks:

VM state: not at safepoint (normal execution)

VM Mutex/Monitor currently owned by a thread:  ([mutex/lock_event])
[0x000001885aa6f040] Metaspace_lock - owner thread: 0x0000018873576bd0

Heap address: 0x00000000c0000000, size: 1024 MB, Compressed Oops mode: 32-bit

CDS archive(s) not mapped
Compressed class space mapped at: 0x0000000100000000-0x0000000140000000, reserved size: 1073741824
Narrow klass base: 0x0000000000000000, Narrow klass shift: 3, Narrow klass range: 0x140000000

GC Precious Log:
 CPUs: 16 total, 16 available
 Memory: 15713M
 Large Page Support: Disabled
 NUMA Support: Disabled
 Compressed Oops: Enabled (32-bit)
 Alignments: Space 512K, Generation 512K, Heap 2M
 Heap Min Capacity: 100M
 Heap Initial Capacity: 100M
 Heap Max Capacity: 1G
 Pre-touch: Disabled
 Parallel Workers: 13

Heap:
 PSYoungGen      total 29696K, used 2314K [0x00000000eab00000, 0x00000000ecc00000, 0x0000000100000000)
  eden space 25600K, 9% used [0x00000000eab00000,0x00000000ead42ba0,0x00000000ec400000)
  from space 4096K, 0% used [0x00000000ec800000,0x00000000ec800000,0x00000000ecc00000)
  to   space 4096K, 0% used [0x00000000ec400000,0x00000000ec400000,0x00000000ec800000)
 ParOldGen       total 68608K, used 7852K [0x00000000c0000000, 0x00000000c4300000, 0x00000000eab00000)
  object space 68608K, 11% used [0x00000000c0000000,0x00000000c07ab110,0x00000000c4300000)
 Metaspace       used 21267K, committed 21696K, reserved 1073152K
  class space    used 2146K, committed 2368K, reserved 1048576K

Card table byte_map: [0x000001885a440000,0x000001885a650000] _byte_map_base: 0x0000018859e40000

Marking Bits: (ParMarkBitMap*) 0x00007ff8194b3e70
 Begin Bits: [0x000001886c6f0000, 0x000001886d6f0000)
 End Bits:   [0x000001886d6f0000, 0x000001886e6f0000)

Polling page: 0x000001885a230000

Metaspace:

Usage:
  Non-class:     18.67 MB used.
      Class:      2.10 MB used.
       Both:     20.77 MB used.

Virtual space:
  Non-class space:       24.00 MB reserved,      18.88 MB ( 79%) committed,  3 nodes.
      Class space:        1.00 GB reserved,       2.31 MB ( <1%) committed,  1 nodes.
             Both:        1.02 GB reserved,      21.19 MB (  2%) committed. 

Chunk freelists:
   Non-Class:  816.00 KB
       Class:  1.71 MB
        Both:  2.51 MB

MaxMetaspaceSize: unlimited
CompressedClassSpaceSize: 1.00 GB
Initial GC threshold: 21.00 MB
Current GC threshold: 35.00 MB
CDS: off
MetaspaceReclaimPolicy: balanced
 - commit_granule_bytes: 65536.
 - commit_granule_words: 8192.
 - virtual_space_node_default_size: 1048576.
 - enlarge_chunks_in_place: 1.
 - new_chunks_are_fully_committed: 0.
 - uncommit_free_chunks: 1.
 - use_allocation_guard: 0.
 - handle_deallocations: 1.


Internal statistics:

num_allocs_failed_limit: 3.
num_arena_births: 194.
num_arena_deaths: 14.
num_vsnodes_births: 4.
num_vsnodes_deaths: 0.
num_space_committed: 339.
num_space_uncommitted: 0.
num_chunks_returned_to_freelist: 17.
num_chunks_taken_from_freelist: 676.
num_chunk_merges: 7.
num_chunk_splits: 439.
num_chunks_enlarged: 305.
num_purges: 2.
num_inconsistent_stats: 0.

CodeHeap 'non-profiled nmethods': size=119168Kb used=946Kb max_used=946Kb free=118221Kb
 bounds [0x0000018865290000, 0x0000018865500000, 0x000001886c6f0000]
CodeHeap 'profiled nmethods': size=119104Kb used=5073Kb max_used=5073Kb free=114030Kb
 bounds [0x000001885d6f0000, 0x000001885dbf0000, 0x0000018864b40000]
CodeHeap 'non-nmethods': size=7488Kb used=2878Kb max_used=2910Kb free=4609Kb
 bounds [0x0000018864b40000, 0x0000018864e20000, 0x0000018865290000]
 total_blobs=2984 nmethods=2488 adapters=407
 compilation: enabled
              stopped_count=0, restarted_count=0
 full_count=0

Compilation events (20 events):
Event: 2.103 Thread 0x00000188706feb50 nmethod 2473 0x0000018865379090 code [0x0000018865379220, 0x00000188653792f8]
Event: 2.103 Thread 0x00000188706fe130 2475       4       jdk.internal.org.objectweb.asm.ByteVector::putByte (39 bytes)
Event: 2.103 Thread 0x00000188705184a0 nmethod 2474 0x000001885dbdfa90 code [0x000001885dbdfc20, 0x000001885dbdfd18]
Event: 2.103 Thread 0x00000188705184a0 2476       3       sun.invoke.util.VerifyAccess::isMemberAccessible (338 bytes)
Event: 2.103 Thread 0x00000188706b9880 nmethod 2470 0x000001885dbdfd90 code [0x000001885dbe0060, 0x000001885dbe1238]
Event: 2.104 Thread 0x00000188705130f0 nmethod 2456% 0x0000018865379c90 code [0x0000018865379e40, 0x000001886537aac8]
Event: 2.105 Thread 0x00000188705184a0 nmethod 2476 0x000001885dbe1790 code [0x000001885dbe1b20, 0x000001885dbe2ec8]
Event: 2.105 Thread 0x00000188706fe130 nmethod 2475 0x000001886537b310 code [0x000001886537b4a0, 0x000001886537b5e8]
Event: 2.105 Thread 0x00000188706b9880 2481       1       java.util.ArrayList$ArrayListSpliterator::characteristics (4 bytes)
Event: 2.106 Thread 0x00000188706b9880 nmethod 2481 0x000001886537ba10 code [0x000001886537bba0, 0x000001886537bc78]
Event: 2.106 Thread 0x00000188706feb50 2482       3       sun.invoke.util.VerifyAccess::isTypeVisible (47 bytes)
Event: 2.106 Thread 0x00000188706fe130 2483       4       java.util.LinkedHashMap$LinkedHashIterator::nextNode (54 bytes)
Event: 2.106 Thread 0x00000188706feb50 nmethod 2482 0x000001885dbe3410 code [0x000001885dbe3600, 0x000001885dbe3a18]
Event: 2.107 Thread 0x00000188706feb50 2486       1       java.util.concurrent.atomic.AtomicLong::get (5 bytes)
Event: 2.107 Thread 0x00000188706feb50 nmethod 2486 0x000001886537c310 code [0x000001886537c4a0, 0x000001886537c578]
Event: 2.107 Thread 0x00000188706fe130 nmethod 2483 0x000001886537c610 code [0x000001886537c780, 0x000001886537c878]
Event: 2.107 Thread 0x00000188706feb50 2487       3       jdk.internal.reflect.ReflectionFactory::getExecutableSharedParameterTypes (11 bytes)
Event: 2.107 Thread 0x0000018870693f90 2488       3       java.lang.reflect.ReflectAccess::getExecutableSharedParameterTypes (5 bytes)
Event: 2.108 Thread 0x0000018870693f90 nmethod 2488 0x000001885dbe3c10 code [0x000001885dbe3dc0, 0x000001885dbe3f88]
Event: 2.108 Thread 0x00000188706feb50 nmethod 2487 0x000001885dbe4090 code [0x000001885dbe4240, 0x000001885dbe44a8]

GC Heap History (10 events):
Event: 0.822 GC heap before
{Heap before GC invocations=1 (full 0):
 PSYoungGen      total 29696K, used 25600K [0x00000000eab00000, 0x00000000ecc00000, 0x0000000100000000)
  eden space 25600K, 100% used [0x00000000eab00000,0x00000000ec400000,0x00000000ec400000)
  from space 4096K, 0% used [0x00000000ec800000,0x00000000ec800000,0x00000000ecc00000)
  to   space 4096K, 0% used [0x00000000ec400000,0x00000000ec400000,0x00000000ec800000)
 ParOldGen       total 68608K, used 0K [0x00000000c0000000, 0x00000000c4300000, 0x00000000eab00000)
  object space 68608K, 0% used [0x00000000c0000000,0x00000000c0000000,0x00000000c4300000)
 Metaspace       used 10697K, committed 10816K, reserved 1064960K
  class space    used 1053K, committed 1088K, reserved 1048576K
}
Event: 0.835 GC heap after
{Heap after GC invocations=1 (full 0):
 PSYoungGen      total 29696K, used 3080K [0x00000000eab00000, 0x00000000ecc00000, 0x0000000100000000)
  eden space 25600K, 0% used [0x00000000eab00000,0x00000000eab00000,0x00000000ec400000)
  from space 4096K, 75% used [0x00000000ec400000,0x00000000ec702228,0x00000000ec800000)
  to   space 4096K, 0% used [0x00000000ec800000,0x00000000ec800000,0x00000000ecc00000)
 ParOldGen       total 68608K, used 16K [0x00000000c0000000, 0x00000000c4300000, 0x00000000eab00000)
  object space 68608K, 0% used [0x00000000c0000000,0x00000000c0004000,0x00000000c4300000)
 Metaspace       used 10697K, committed 10816K, reserved 1064960K
  class space    used 1053K, committed 1088K, reserved 1048576K
}
Event: 1.363 GC heap before
{Heap before GC invocations=2 (full 0):
 PSYoungGen      total 29696K, used 28680K [0x00000000eab00000, 0x00000000ecc00000, 0x0000000100000000)
  eden space 25600K, 100% used [0x00000000eab00000,0x00000000ec400000,0x00000000ec400000)
  from space 4096K, 75% used [0x00000000ec400000,0x00000000ec702228,0x00000000ec800000)
  to   space 4096K, 0% used [0x00000000ec800000,0x00000000ec800000,0x00000000ecc00000)
 ParOldGen       total 68608K, used 16K [0x00000000c0000000, 0x00000000c4300000, 0x00000000eab00000)
  object space 68608K, 0% used [0x00000000c0000000,0x00000000c0004000,0x00000000c4300000)
 Metaspace       used 14453K, committed 14720K, reserved 1064960K
  class space    used 1444K, committed 1536K, reserved 1048576K
}
Event: 1.375 GC heap after
{Heap after GC invocations=2 (full 0):
 PSYoungGen      total 29696K, used 4077K [0x00000000eab00000, 0x00000000ecc00000, 0x0000000100000000)
  eden space 25600K, 0% used [0x00000000eab00000,0x00000000eab00000,0x00000000ec400000)
  from space 4096K, 99% used [0x00000000ec800000,0x00000000ecbfb708,0x00000000ecc00000)
  to   space 4096K, 0% used [0x00000000ec400000,0x00000000ec400000,0x00000000ec800000)
 ParOldGen       total 68608K, used 1288K [0x00000000c0000000, 0x00000000c4300000, 0x00000000eab00000)
  object space 68608K, 1% used [0x00000000c0000000,0x00000000c0142360,0x00000000c4300000)
 Metaspace       used 14453K, committed 14720K, reserved 1064960K
  class space    used 1444K, committed 1536K, reserved 1048576K
}
Event: 1.852 GC heap before
{Heap before GC invocations=3 (full 0):
 PSYoungGen      total 29696K, used 29677K [0x00000000eab00000, 0x00000000ecc00000, 0x0000000100000000)
  eden space 25600K, 100% used [0x00000000eab00000,0x00000000ec400000,0x00000000ec400000)
  from space 4096K, 99% used [0x00000000ec800000,0x00000000ecbfb708,0x00000000ecc00000)
  to   space 4096K, 0% used [0x00000000ec400000,0x00000000ec400000,0x00000000ec800000)
 ParOldGen       total 68608K, used 1288K [0x00000000c0000000, 0x00000000c4300000, 0x00000000eab00000)
  object space 68608K, 1% used [0x00000000c0000000,0x00000000c0142360,0x00000000c4300000)
 Metaspace       used 19713K, committed 20160K, reserved 1073152K
  class space    used 1977K, committed 2176K, reserved 1048576K
}
Event: 1.864 GC heap after
{Heap after GC invocations=3 (full 0):
 PSYoungGen      total 29696K, used 4093K [0x00000000eab00000, 0x00000000ecc00000, 0x0000000100000000)
  eden space 25600K, 0% used [0x00000000eab00000,0x00000000eab00000,0x00000000ec400000)
  from space 4096K, 99% used [0x00000000ec400000,0x00000000ec7ff4b0,0x00000000ec800000)
  to   space 4096K, 0% used [0x00000000ec800000,0x00000000ec800000,0x00000000ecc00000)
 ParOldGen       total 68608K, used 3628K [0x00000000c0000000, 0x00000000c4300000, 0x00000000eab00000)
  object space 68608K, 5% used [0x00000000c0000000,0x00000000c038b190,0x00000000c4300000)
 Metaspace       used 19713K, committed 20160K, reserved 1073152K
  class space    used 1977K, committed 2176K, reserved 1048576K
}
Event: 2.044 GC heap before
{Heap before GC invocations=4 (full 0):
 PSYoungGen      total 29696K, used 12528K [0x00000000eab00000, 0x00000000ecc00000, 0x0000000100000000)
  eden space 25600K, 32% used [0x00000000eab00000,0x00000000eb33cec0,0x00000000ec400000)
  from space 4096K, 99% used [0x00000000ec400000,0x00000000ec7ff4b0,0x00000000ec800000)
  to   space 4096K, 0% used [0x00000000ec800000,0x00000000ec800000,0x00000000ecc00000)
 ParOldGen       total 68608K, used 3628K [0x00000000c0000000, 0x00000000c4300000, 0x00000000eab00000)
  object space 68608K, 5% used [0x00000000c0000000,0x00000000c038b190,0x00000000c4300000)
 Metaspace       used 21048K, committed 21504K, reserved 1073152K
  class space    used 2118K, committed 2368K, reserved 1048576K
}
Event: 2.048 GC heap after
{Heap after GC invocations=4 (full 0):
 PSYoungGen      total 29696K, used 4084K [0x00000000eab00000, 0x00000000ecc00000, 0x0000000100000000)
  eden space 25600K, 0% used [0x00000000eab00000,0x00000000eab00000,0x00000000ec400000)
  from space 4096K, 99% used [0x00000000ec800000,0x00000000ecbfd058,0x00000000ecc00000)
  to   space 4096K, 0% used [0x00000000ec400000,0x00000000ec400000,0x00000000ec800000)
 ParOldGen       total 68608K, used 4004K [0x00000000c0000000, 0x00000000c4300000, 0x00000000eab00000)
  object space 68608K, 5% used [0x00000000c0000000,0x00000000c03e91a0,0x00000000c4300000)
 Metaspace       used 21048K, committed 21504K, reserved 1073152K
  class space    used 2118K, committed 2368K, reserved 1048576K
}
Event: 2.048 GC heap before
{Heap before GC invocations=5 (full 1):
 PSYoungGen      total 29696K, used 4084K [0x00000000eab00000, 0x00000000ecc00000, 0x0000000100000000)
  eden space 25600K, 0% used [0x00000000eab00000,0x00000000eab00000,0x00000000ec400000)
  from space 4096K, 99% used [0x00000000ec800000,0x00000000ecbfd058,0x00000000ecc00000)
  to   space 4096K, 0% used [0x00000000ec400000,0x00000000ec400000,0x00000000ec800000)
 ParOldGen       total 68608K, used 4004K [0x00000000c0000000, 0x00000000c4300000, 0x00000000eab00000)
  object space 68608K, 5% used [0x00000000c0000000,0x00000000c03e91a0,0x00000000c4300000)
 Metaspace       used 21048K, committed 21504K, reserved 1073152K
  class space    used 2118K, committed 2368K, reserved 1048576K
}
Event: 2.074 GC heap after
{Heap after GC invocations=5 (full 1):
 PSYoungGen      total 29696K, used 0K [0x00000000eab00000, 0x00000000ecc00000, 0x0000000100000000)
  eden space 25600K, 0% used [0x00000000eab00000,0x00000000eab00000,0x00000000ec400000)
  from space 4096K, 0% used [0x00000000ec800000,0x00000000ec800000,0x00000000ecc00000)
  to   space 4096K, 0% used [0x00000000ec400000,0x00000000ec400000,0x00000000ec800000)
 ParOldGen       total 68608K, used 7852K [0x00000000c0000000, 0x00000000c4300000, 0x00000000eab00000)
  object space 68608K, 11% used [0x00000000c0000000,0x00000000c07ab110,0x00000000c4300000)
 Metaspace       used 21035K, committed 21504K, reserved 1073152K
  class space    used 2114K, committed 2368K, reserved 1048576K
}

Dll operation events (9 events):
Event: 0.009 Loaded shared library c:\Users\prera\.vscode\extensions\redhat.java-1.17.0-win32-x64\jre\17.0.6-win32-x86_64\bin\java.dll
Event: 0.150 Loaded shared library c:\Users\prera\.vscode\extensions\redhat.java-1.17.0-win32-x64\jre\17.0.6-win32-x86_64\bin\zip.dll
Event: 0.153 Loaded shared library C:\Users\prera\.vscode\extensions\redhat.java-1.17.0-win32-x64\jre\17.0.6-win32-x86_64\bin\instrument.dll
Event: 0.166 Loaded shared library C:\Users\prera\.vscode\extensions\redhat.java-1.17.0-win32-x64\jre\17.0.6-win32-x86_64\bin\net.dll
Event: 0.168 Loaded shared library C:\Users\prera\.vscode\extensions\redhat.java-1.17.0-win32-x64\jre\17.0.6-win32-x86_64\bin\nio.dll
Event: 0.175 Loaded shared library C:\Users\prera\.vscode\extensions\redhat.java-1.17.0-win32-x64\jre\17.0.6-win32-x86_64\bin\zip.dll
Event: 0.189 Loaded shared library C:\Users\prera\.vscode\extensions\redhat.java-1.17.0-win32-x64\jre\17.0.6-win32-x86_64\bin\jimage.dll
Event: 0.246 Loaded shared library c:\Users\prera\.vscode\extensions\redhat.java-1.17.0-win32-x64\jre\17.0.6-win32-x86_64\bin\verify.dll
Event: 1.291 Loaded shared library C:\Users\prera\AppData\Roaming\Code\User\globalStorage\redhat.java\1.17.0\config_win\org.eclipse.equinox.launcher\org.eclipse.equinox.launcher.win32.win32.x86_64_1.2.700.v20221108-1024\eclipse_11801.dll

Deoptimization events (20 events):
Event: 1.970 Thread 0x0000018873576bd0 Uncommon trap: trap_request=0xffffffc6 fr.pc=0x0000018865359690 relative=0x0000000000001a70
Event: 1.970 Thread 0x0000018873576bd0 Uncommon trap: reason=bimorphic_or_optimized_type_check action=maybe_recompile pc=0x0000018865359690 method=java.io.DataInputStream.readUnsignedShort()I @ 4 c2
Event: 1.970 Thread 0x0000018873576bd0 DEOPT PACKING pc=0x0000018865359690 sp=0x00000055d2ef9930
Event: 1.970 Thread 0x0000018873576bd0 DEOPT UNPACKING pc=0x0000018864b966a3 sp=0x00000055d2ef98b8 mode 2
Event: 1.970 Thread 0x0000018873576bd0 Uncommon trap: trap_request=0xffffffc6 fr.pc=0x0000018865359690 relative=0x0000000000001a70
Event: 1.970 Thread 0x0000018873576bd0 Uncommon trap: reason=bimorphic_or_optimized_type_check action=maybe_recompile pc=0x0000018865359690 method=java.io.DataInputStream.readUnsignedShort()I @ 4 c2
Event: 1.970 Thread 0x0000018873576bd0 DEOPT PACKING pc=0x0000018865359690 sp=0x00000055d2ef9930
Event: 1.970 Thread 0x0000018873576bd0 DEOPT UNPACKING pc=0x0000018864b966a3 sp=0x00000055d2ef98b8 mode 2
Event: 1.972 Thread 0x0000018873576bd0 Uncommon trap: trap_request=0xffffffc6 fr.pc=0x0000018865359690 relative=0x0000000000001a70
Event: 1.972 Thread 0x0000018873576bd0 Uncommon trap: reason=bimorphic_or_optimized_type_check action=maybe_recompile pc=0x0000018865359690 method=java.io.DataInputStream.readUnsignedShort()I @ 4 c2
Event: 1.972 Thread 0x0000018873576bd0 DEOPT PACKING pc=0x0000018865359690 sp=0x00000055d2ef9680
Event: 1.972 Thread 0x0000018873576bd0 DEOPT UNPACKING pc=0x0000018864b966a3 sp=0x00000055d2ef9608 mode 2
Event: 1.972 Thread 0x0000018873576bd0 Uncommon trap: trap_request=0xffffffc6 fr.pc=0x0000018865359690 relative=0x0000000000001a70
Event: 1.972 Thread 0x0000018873576bd0 Uncommon trap: reason=bimorphic_or_optimized_type_check action=maybe_recompile pc=0x0000018865359690 method=java.io.DataInputStream.readUnsignedShort()I @ 4 c2
Event: 1.972 Thread 0x0000018873576bd0 DEOPT PACKING pc=0x0000018865359690 sp=0x00000055d2ef95c0
Event: 1.972 Thread 0x0000018873576bd0 DEOPT UNPACKING pc=0x0000018864b966a3 sp=0x00000055d2ef9548 mode 2
Event: 2.018 Thread 0x0000018873576bd0 Uncommon trap: trap_request=0xffffff45 fr.pc=0x0000018865326a40 relative=0x0000000000000040
Event: 2.018 Thread 0x0000018873576bd0 Uncommon trap: reason=unstable_if action=reinterpret pc=0x0000018865326a40 method=sun.nio.fs.WindowsPathParser.isSlash(C)Z @ 9 c2
Event: 2.018 Thread 0x0000018873576bd0 DEOPT PACKING pc=0x0000018865326a40 sp=0x00000055d2ef93b0
Event: 2.018 Thread 0x0000018873576bd0 DEOPT UNPACKING pc=0x0000018864b966a3 sp=0x00000055d2ef9338 mode 2

Classes unloaded (7 events):
Event: 2.051 Thread 0x000001885aaf8da0 Unloading class 0x000000010021a400 'java/lang/invoke/LambdaForm$MH+0x000000010021a400'
Event: 2.051 Thread 0x000001885aaf8da0 Unloading class 0x000000010021a000 'java/lang/invoke/LambdaForm$MH+0x000000010021a000'
Event: 2.051 Thread 0x000001885aaf8da0 Unloading class 0x0000000100219c00 'java/lang/invoke/LambdaForm$MH+0x0000000100219c00'
Event: 2.051 Thread 0x000001885aaf8da0 Unloading class 0x0000000100219400 'java/lang/invoke/LambdaForm$MH+0x0000000100219400'
Event: 2.051 Thread 0x000001885aaf8da0 Unloading class 0x0000000100219000 'java/lang/invoke/LambdaForm$BMH+0x0000000100219000'
Event: 2.051 Thread 0x000001885aaf8da0 Unloading class 0x0000000100218c00 'java/lang/invoke/LambdaForm$DMH+0x0000000100218c00'
Event: 2.051 Thread 0x000001885aaf8da0 Unloading class 0x0000000100216000 'java/lang/invoke/LambdaForm$DMH+0x0000000100216000'

Classes redefined (0 events):
No events

Internal exceptions (20 events):
Event: 1.847 Thread 0x0000018873576bd0 Exception <a 'java/lang/NoSuchMethodError'{0x00000000ec3c0350}: 'void java.lang.invoke.DirectMethodHandle$Holder.invokeStatic(java.lang.Object, java.lang.Object, int, java.lang.Object)'> (0x00000000ec3c0350) 
thrown [s\src\hotspot\share\interpreter\linkResolver.cpp, line 759]
Event: 1.847 Thread 0x0000018873576bd0 Exception <a 'java/lang/NoSuchMethodError'{0x00000000ec3c7a80}: 'void java.lang.invoke.DelegatingMethodHandle$Holder.delegate(java.lang.Object, java.lang.Object, int, java.lang.Object)'> (0x00000000ec3c7a80) 
thrown [s\src\hotspot\share\interpreter\linkResolver.cpp, line 759]
Event: 1.848 Thread 0x0000018873576bd0 Exception <a 'java/lang/NoSuchMethodError'{0x00000000ec3cbe68}: 'int java.lang.invoke.DirectMethodHandle$Holder.invokeSpecial(java.lang.Object, java.lang.Object, java.lang.Object)'> (0x00000000ec3cbe68) 
thrown [s\src\hotspot\share\interpreter\linkResolver.cpp, line 759]
Event: 1.849 Thread 0x0000018873576bd0 Exception <a 'java/lang/NoSuchMethodError'{0x00000000ec3dd6d8}: 'int java.lang.invoke.DirectMethodHandle$Holder.invokeStatic(java.lang.Object, java.lang.Object, int)'> (0x00000000ec3dd6d8) 
thrown [s\src\hotspot\share\interpreter\linkResolver.cpp, line 759]
Event: 1.849 Thread 0x0000018873576bd0 Exception <a 'java/lang/NoSuchMethodError'{0x00000000ec3e1ad0}: 'int java.lang.invoke.DirectMethodHandle$Holder.invokeSpecial(java.lang.Object, java.lang.Object, java.lang.Object, int)'> (0x00000000ec3e1ad0) 
thrown [s\src\hotspot\share\interpreter\linkResolver.cpp, line 759]
Event: 1.852 Thread 0x0000018873576bd0 Exception <a 'java/lang/NoSuchMethodError'{0x00000000ec3fd6c8}: 'java.lang.Object java.lang.invoke.DirectMethodHandle$Holder.invokeStatic(java.lang.Object, java.lang.Object, java.lang.Object, java.lang.Object, int)'> (0x00000000ec3fd6c8) 
thrown [s\src\hotspot\share\interpreter\linkResolver.cpp, line 759]
Event: 1.866 Thread 0x0000018873576bd0 Exception <a 'java/lang/NoSuchMethodError'{0x00000000eab09af0}: 'java.lang.Object java.lang.invoke.DelegatingMethodHandle$Holder.reinvoke_L(java.lang.Object, java.lang.Object, java.lang.Object, java.lang.Object, int, int)'> (0x00000000eab09af0) 
thrown [s\src\hotspot\share\interpreter\linkResolver.cpp, line 759]
Event: 1.868 Thread 0x0000018873576bd0 Exception <a 'java/lang/NoSuchMethodError'{0x00000000eab218b0}: 'java.lang.Object java.lang.invoke.Invokers$Holder.invokeExact_MT(java.lang.Object, java.lang.Object, java.lang.Object, java.lang.Object)'> (0x00000000eab218b0) 
thrown [s\src\hotspot\share\interpreter\linkResolver.cpp, line 759]
Event: 1.978 Thread 0x0000018873576bd0 Exception <a 'java/lang/NoSuchMethodError'{0x00000000eb03be90}: 'java.lang.Object java.lang.invoke.DirectMethodHandle$Holder.newInvokeSpecial(java.lang.Object, java.lang.Object, java.lang.Object, java.lang.Object, java.lang.Object)'> (0x00000000eb03be90) 
thrown [s\src\hotspot\share\interpreter\linkResolver.cpp, line 759]
Event: 2.079 Thread 0x0000018873576bd0 Exception <a 'java/lang/NoSuchMethodError'{0x00000000eab36500}: 'java.lang.Object java.lang.invoke.DirectMethodHandle$Holder.invokeSpecial(java.lang.Object, java.lang.Object, java.lang.Object, long, java.lang.Object)'> (0x00000000eab36500) 
thrown [s\src\hotspot\share\interpreter\linkResolver.cpp, line 759]
Event: 2.080 Thread 0x0000018873576bd0 Exception <a 'java/lang/NoSuchMethodError'{0x00000000eab3e8f8}: 'java.lang.Object java.lang.invoke.DirectMethodHandle$Holder.newInvokeSpecial(java.lang.Object, java.lang.Object, java.lang.Object, long)'> (0x00000000eab3e8f8) 
thrown [s\src\hotspot\share\interpreter\linkResolver.cpp, line 759]
Event: 2.080 Thread 0x0000018873576bd0 Exception <a 'java/lang/NoSuchMethodError'{0x00000000eab42e98}: 'java.lang.Object java.lang.invoke.DirectMethodHandle$Holder.invokeSpecial(java.lang.Object, java.lang.Object, java.lang.Object, java.lang.Object, long)'> (0x00000000eab42e98) 
thrown [s\src\hotspot\share\interpreter\linkResolver.cpp, line 759]
Event: 2.088 Thread 0x0000018873576bd0 Exception <a 'java/lang/NoSuchMethodError'{0x00000000eabaa798}: 'int java.lang.invoke.DirectMethodHandle$Holder.invokeStaticInit(java.lang.Object, java.lang.Object, java.lang.Object)'> (0x00000000eabaa798) 
thrown [s\src\hotspot\share\interpreter\linkResolver.cpp, line 759]
Event: 2.094 Thread 0x0000018873576bd0 Exception <a 'java/lang/IncompatibleClassChangeError'{0x00000000eac11e58}: Found class java.lang.Object, but interface was expected> (0x00000000eac11e58) 
thrown [s\src\hotspot\share\interpreter\linkResolver.cpp, line 826]
Event: 2.103 Thread 0x0000018873576bd0 Exception <a 'java/lang/NoSuchMethodError'{0x00000000eac2fc40}: 'java.lang.Object java.lang.invoke.DirectMethodHandle$Holder.invokeSpecial(java.lang.Object, java.lang.Object, java.lang.Object, int, java.lang.Object, java.lang.Object)'> (0x00000000eac2fc40) 
thrown [s\src\hotspot\share\interpreter\linkResolver.cpp, line 759]
Event: 2.104 Thread 0x0000018873576bd0 Exception <a 'java/lang/NoSuchMethodError'{0x00000000eac383c8}: 'java.lang.Object java.lang.invoke.DirectMethodHandle$Holder.newInvokeSpecial(java.lang.Object, java.lang.Object, java.lang.Object, int, java.lang.Object)'> (0x00000000eac383c8) 
thrown [s\src\hotspot\share\interpreter\linkResolver.cpp, line 759]
Event: 2.104 Thread 0x0000018873576bd0 Exception <a 'java/lang/NoSuchMethodError'{0x00000000eac3c820}: 'java.lang.Object java.lang.invoke.DirectMethodHandle$Holder.invokeSpecial(java.lang.Object, java.lang.Object, java.lang.Object, java.lang.Object, int, java.lang.Object)'> (0x00000000eac3c820) 
thrown [s\src\hotspot\share\interpreter\linkResolver.cpp, line 759]
Event: 2.105 Thread 0x0000018872ad4c70 Exception <a 'java/lang/NoSuchMethodError'{0x00000000eab76668}: 'java.lang.Object java.lang.invoke.DirectMethodHandle$Holder.invokeSpecial(java.lang.Object, java.lang.Object, int, java.lang.Object, java.lang.Object)'> (0x00000000eab76668) 
thrown [s\src\hotspot\share\interpreter\linkResolver.cpp, line 759]
Event: 2.106 Thread 0x0000018872ad4c70 Exception <a 'java/lang/NoSuchMethodError'{0x00000000eab7dd38}: 'java.lang.Object java.lang.invoke.DirectMethodHandle$Holder.newInvokeSpecial(java.lang.Object, java.lang.Object, int, java.lang.Object)'> (0x00000000eab7dd38) 
thrown [s\src\hotspot\share\interpreter\linkResolver.cpp, line 759]
Event: 2.106 Thread 0x0000018872ad4c70 Exception <a 'java/lang/NoSuchMethodError'{0x00000000eab81848}: 'java.lang.Object java.lang.invoke.DirectMethodHandle$Holder.invokeSpecial(java.lang.Object, java.lang.Object, java.lang.Object, int, java.lang.Object)'> (0x00000000eab81848) 
thrown [s\src\hotspot\share\interpreter\linkResolver.cpp, line 759]

VM Operations (20 events):
Event: 1.133 Executing VM operation: HandshakeAllThreads
Event: 1.133 Executing VM operation: HandshakeAllThreads done
Event: 1.187 Executing VM operation: ICBufferFull
Event: 1.188 Executing VM operation: ICBufferFull done
Event: 1.345 Executing VM operation: HandshakeAllThreads
Event: 1.345 Executing VM operation: HandshakeAllThreads done
Event: 1.363 Executing VM operation: ParallelGCFailedAllocation
Event: 1.375 Executing VM operation: ParallelGCFailedAllocation done
Event: 1.700 Executing VM operation: HandshakeAllThreads
Event: 1.700 Executing VM operation: HandshakeAllThreads done
Event: 1.752 Executing VM operation: HandshakeAllThreads
Event: 1.752 Executing VM operation: HandshakeAllThreads done
Event: 1.756 Executing VM operation: HandshakeAllThreads
Event: 1.756 Executing VM operation: HandshakeAllThreads done
Event: 1.846 Executing VM operation: HandshakeAllThreads
Event: 1.846 Executing VM operation: HandshakeAllThreads done
Event: 1.852 Executing VM operation: ParallelGCFailedAllocation
Event: 1.864 Executing VM operation: ParallelGCFailedAllocation done
Event: 2.044 Executing VM operation: CollectForMetadataAllocation
Event: 2.074 Executing VM operation: CollectForMetadataAllocation done

Events (20 events):
Event: 2.000 loading class java/nio/file/FileSystemException done
Event: 2.000 loading class java/nio/file/FileAlreadyExistsException done
Event: 2.000 loading class java/nio/file/AccessDeniedException
Event: 2.000 loading class java/nio/file/AccessDeniedException done
Event: 2.000 loading class java/nio/file/NoSuchFileException
Event: 2.000 loading class java/nio/file/NoSuchFileException done
Event: 2.000 loading class java/nio/file/DirectoryNotEmptyException
Event: 2.000 loading class java/nio/file/DirectoryNotEmptyException done
Event: 2.011 loading class java/nio/file/attribute/DosFileAttributeView
Event: 2.011 loading class java/nio/file/attribute/DosFileAttributeView done
Event: 2.011 loading class sun/nio/fs/WindowsFileAttributeViews$Dos
Event: 2.012 loading class sun/nio/fs/WindowsFileAttributeViews$Dos done
Event: 2.017 loading class sun/nio/fs/WindowsUriSupport
Event: 2.017 loading class sun/nio/fs/WindowsUriSupport done
Event: 2.032 loading class org/xml/sax/SAXParseException
Event: 2.032 loading class org/xml/sax/SAXParseException done
Event: 2.081 loading class java/util/function/LongUnaryOperator
Event: 2.081 loading class java/util/function/LongUnaryOperator done
Event: 2.082 Thread 0x0000018872ad4c70 Thread added: 0x0000018872ad4c70
Event: 2.106 Thread 0x0000018872ad3930 Thread added: 0x0000018872ad3930


Dynamic libraries:
0x00007ff63eb10000 - 0x00007ff63eb1e000 	c:\Users\prera\.vscode\extensions\redhat.java-1.17.0-win32-x64\jre\17.0.6-win32-x86_64\bin\java.exe
0x00007ff8d25d0000 - 0x00007ff8d27e4000 	C:\WINDOWS\SYSTEM32\ntdll.dll
0x00007ff8d1720000 - 0x00007ff8d17e2000 	C:\WINDOWS\System32\KERNEL32.DLL
0x00007ff8cfe30000 - 0x00007ff8d01cc000 	C:\WINDOWS\System32\KERNELBASE.dll
0x00007ff8d0240000 - 0x00007ff8d0351000 	C:\WINDOWS\System32\ucrtbase.dll
0x00007ff8bec70000 - 0x00007ff8bec87000 	c:\Users\prera\.vscode\extensions\redhat.java-1.17.0-win32-x64\jre\17.0.6-win32-x86_64\bin\jli.dll
0x00007ff8bec40000 - 0x00007ff8bec59000 	c:\Users\prera\.vscode\extensions\redhat.java-1.17.0-win32-x64\jre\17.0.6-win32-x86_64\bin\VCRUNTIME140.dll
0x00007ff8d17f0000 - 0x00007ff8d199b000 	C:\WINDOWS\System32\USER32.dll
0x00007ff8b6da0000 - 0x00007ff8b702e000 	C:\WINDOWS\WinSxS\amd64_microsoft.windows.common-controls_6595b64144ccf1df_6.0.22621.608_none_a9444ca7c10bb01d\COMCTL32.dll
0x00007ff8cfad0000 - 0x00007ff8cfaf6000 	C:\WINDOWS\System32\win32u.dll
0x00007ff8d24e0000 - 0x00007ff8d2587000 	C:\WINDOWS\System32\msvcrt.dll
0x00007ff8d1550000 - 0x00007ff8d1579000 	C:\WINDOWS\System32\GDI32.dll
0x00007ff8cfd10000 - 0x00007ff8cfe23000 	C:\WINDOWS\System32\gdi32full.dll
0x00007ff8cfc70000 - 0x00007ff8cfd0a000 	C:\WINDOWS\System32\msvcp_win.dll
0x00007ff8d16d0000 - 0x00007ff8d1701000 	C:\WINDOWS\System32\IMM32.DLL
0x00007ff8bec30000 - 0x00007ff8bec3c000 	c:\Users\prera\.vscode\extensions\redhat.java-1.17.0-win32-x64\jre\17.0.6-win32-x86_64\bin\vcruntime140_1.dll
0x00007ff8a7350000 - 0x00007ff8a73e1000 	c:\Users\prera\.vscode\extensions\redhat.java-1.17.0-win32-x64\jre\17.0.6-win32-x86_64\bin\msvcp140.dll
0x00007ff818930000 - 0x00007ff819577000 	c:\Users\prera\.vscode\extensions\redhat.java-1.17.0-win32-x64\jre\17.0.6-win32-x86_64\bin\server\jvm.dll
0x00007ff8d1580000 - 0x00007ff8d162e000 	C:\WINDOWS\System32\ADVAPI32.dll
0x00007ff8d19a0000 - 0x00007ff8d1a44000 	C:\WINDOWS\System32\sechost.dll
0x00007ff8d03e0000 - 0x00007ff8d04f7000 	C:\WINDOWS\System32\RPCRT4.dll
0x00007ff8bebf0000 - 0x00007ff8bebf9000 	C:\WINDOWS\SYSTEM32\WSOCK32.dll
0x00007ff8c8d60000 - 0x00007ff8c8d6a000 	C:\WINDOWS\SYSTEM32\VERSION.dll
0x00007ff8c95c0000 - 0x00007ff8c95f4000 	C:\WINDOWS\SYSTEM32\WINMM.dll
0x00007ff8d0550000 - 0x00007ff8d05c1000 	C:\WINDOWS\System32\WS2_32.dll
0x00007ff8ce990000 - 0x00007ff8ce9a8000 	C:\WINDOWS\SYSTEM32\kernel.appcore.dll
0x00007ff8bebe0000 - 0x00007ff8bebea000 	c:\Users\prera\.vscode\extensions\redhat.java-1.17.0-win32-x64\jre\17.0.6-win32-x86_64\bin\jimage.dll
0x00007ff8c0850000 - 0x00007ff8c0a7e000 	C:\WINDOWS\SYSTEM32\DBGHELP.DLL
0x00007ff8d0e00000 - 0x00007ff8d1189000 	C:\WINDOWS\System32\combase.dll
0x00007ff8d0630000 - 0x00007ff8d0707000 	C:\WINDOWS\System32\OLEAUT32.dll
0x00007ff8bf4d0000 - 0x00007ff8bf502000 	C:\WINDOWS\SYSTEM32\dbgcore.DLL
0x00007ff8d0360000 - 0x00007ff8d03db000 	C:\WINDOWS\System32\bcryptPrimitives.dll
0x00007ff8bebd0000 - 0x00007ff8bebde000 	c:\Users\prera\.vscode\extensions\redhat.java-1.17.0-win32-x64\jre\17.0.6-win32-x86_64\bin\instrument.dll
0x00007ff8beba0000 - 0x00007ff8bebc5000 	c:\Users\prera\.vscode\extensions\redhat.java-1.17.0-win32-x64\jre\17.0.6-win32-x86_64\bin\java.dll
0x00007ff8be850000 - 0x00007ff8be868000 	c:\Users\prera\.vscode\extensions\redhat.java-1.17.0-win32-x64\jre\17.0.6-win32-x86_64\bin\zip.dll
0x00007ff8d1b80000 - 0x00007ff8d2370000 	C:\WINDOWS\System32\SHELL32.dll
0x00007ff8cd9d0000 - 0x00007ff8ce29d000 	C:\WINDOWS\SYSTEM32\windows.storage.dll
0x00007ff8cd890000 - 0x00007ff8cd9ce000 	C:\WINDOWS\SYSTEM32\wintypes.dll
0x00007ff8d1190000 - 0x00007ff8d1281000 	C:\WINDOWS\System32\SHCORE.dll
0x00007ff8d0d60000 - 0x00007ff8d0dbe000 	C:\WINDOWS\System32\shlwapi.dll
0x00007ff8cf940000 - 0x00007ff8cf961000 	C:\WINDOWS\SYSTEM32\profapi.dll
0x00007ff8bd8e0000 - 0x00007ff8bd8f9000 	C:\Users\prera\.vscode\extensions\redhat.java-1.17.0-win32-x64\jre\17.0.6-win32-x86_64\bin\net.dll
0x00007ff8c9010000 - 0x00007ff8c9147000 	C:\WINDOWS\SYSTEM32\WINHTTP.dll
0x00007ff8cee90000 - 0x00007ff8ceef9000 	C:\WINDOWS\system32\mswsock.dll
0x00007ff8b8400000 - 0x00007ff8b8415000 	C:\Users\prera\.vscode\extensions\redhat.java-1.17.0-win32-x64\jre\17.0.6-win32-x86_64\bin\nio.dll
0x00007ff8beac0000 - 0x00007ff8bead0000 	c:\Users\prera\.vscode\extensions\redhat.java-1.17.0-win32-x64\jre\17.0.6-win32-x86_64\bin\verify.dll
0x00007ff8b8340000 - 0x00007ff8b837e000 	C:\Users\prera\AppData\Roaming\Code\User\globalStorage\redhat.java\1.17.0\config_win\org.eclipse.equinox.launcher\org.eclipse.equinox.launcher.win32.win32.x86_64_1.2.700.v20221108-1024\eclipse_11801.dll
0x00007ff8d13b0000 - 0x00007ff8d154c000 	C:\WINDOWS\System32\ole32.dll

dbghelp: loaded successfully - version: 4.0.5 - missing functions: none
symbol engine: initialized successfully - sym options: 0x614 - pdb path: .;c:\Users\prera\.vscode\extensions\redhat.java-1.17.0-win32-x64\jre\17.0.6-win32-x86_64\bin;C:\WINDOWS\SYSTEM32;C:\WINDOWS\WinSxS\amd64_microsoft.windows.common-controls_6595b64144ccf1df_6.0.22621.608_none_a9444ca7c10bb01d;c:\Users\prera\.vscode\extensions\redhat.java-1.17.0-win32-x64\jre\17.0.6-win32-x86_64\bin\server;C:\Users\prera\AppData\Roaming\Code\User\globalStorage\redhat.java\1.17.0\config_win\org.eclipse.equinox.launcher\org.eclipse.equinox.launcher.win32.win32.x86_64_1.2.700.v20221108-1024

VM Arguments:
jvm_args: --add-modules=ALL-SYSTEM --add-opens=java.base/java.util=ALL-UNNAMED --add-opens=java.base/java.lang=ALL-UNNAMED --add-opens=java.base/sun.nio.fs=ALL-UNNAMED -Declipse.application=org.eclipse.jdt.ls.core.id1 -Dosgi.bundles.defaultStartLevel=4 -Declipse.product=org.eclipse.jdt.ls.core.product -Djava.import.generatesMetadataFilesAtProjectRoot=false -Dfile.encoding=utf8 -XX:+UseParallelGC -XX:GCTimeRatio=4 -XX:AdaptiveSizePolicyWeight=90 -Dsun.zip.disableMemoryMapping=true -Xmx1G -Xms100m -Xlog:disable -javaagent:c:\Users\prera\.vscode\extensions\redhat.java-1.17.0-win32-x64\lombok\lombok-1.18.24.jar -XX:+HeapDumpOnOutOfMemoryError -XX:HeapDumpPath=c:\Users\prera\AppData\Roaming\Code\User\workspaceStorage\17cf255be1d5e9daf9b49459649ceef1\redhat.java -Daether.dependencyCollector.impl=bf 
java_command: c:\Users\prera\.vscode\extensions\redhat.java-1.17.0-win32-x64\server\plugins\org.eclipse.equinox.launcher_1.6.400.v20210924-0641.jar -configuration c:\Users\prera\AppData\Roaming\Code\User\globalStorage\redhat.java\1.17.0\config_win -data c:\Users\prera\AppData\Roaming\Code\User\workspaceStorage\17cf255be1d5e9daf9b49459649ceef1\redhat.java\jdt_ws
java_class_path (initial): c:\Users\prera\.vscode\extensions\redhat.java-1.17.0-win32-x64\server\plugins\org.eclipse.equinox.launcher_1.6.400.v20210924-0641.jar
Launcher Type: SUN_STANDARD

[Global flags]
    uintx AdaptiveSizePolicyWeight                 = 90                                        {product} {command line}
     intx CICompilerCount                          = 12                                        {product} {ergonomic}
    uintx GCTimeRatio                              = 4                                         {product} {command line}
     bool HeapDumpOnOutOfMemoryError               = true                                   {manageable} {command line}
    ccstr HeapDumpPath                             = c:\Users\prera\AppData\Roaming\Code\User\workspaceStorage\17cf255be1d5e9daf9b49459649ceef1\redhat.java         {manageable} {command line}
   size_t InitialHeapSize                          = 104857600                                 {product} {command line}
   size_t MaxHeapSize                              = 1073741824                                {product} {command line}
   size_t MaxNewSize                               = 357564416                                 {product} {ergonomic}
   size_t MinHeapDeltaBytes                        = 524288                                    {product} {ergonomic}
   size_t MinHeapSize                              = 104857600                                 {product} {command line}
   size_t NewSize                                  = 34603008                                  {product} {ergonomic}
    uintx NonNMethodCodeHeapSize                   = 7602480                                {pd product} {ergonomic}
    uintx NonProfiledCodeHeapSize                  = 122027880                              {pd product} {ergonomic}
   size_t OldSize                                  = 70254592                                  {product} {ergonomic}
    uintx ProfiledCodeHeapSize                     = 122027880                              {pd product} {ergonomic}
    uintx ReservedCodeCacheSize                    = 251658240                              {pd product} {ergonomic}
     bool SegmentedCodeCache                       = true                                      {product} {ergonomic}
   size_t SoftMaxHeapSize                          = 1073741824                             {manageable} {ergonomic}
     bool UseCompressedClassPointers               = true                           {product lp64_product} {ergonomic}
     bool UseCompressedOops                        = true                           {product lp64_product} {ergonomic}
     bool UseLargePagesIndividualAllocation        = false                                  {pd product} {ergonomic}
     bool UseParallelGC                            = true                                      {product} {command line}

Logging:
Log output configuration:
 #0: stdout all=off uptime,level,tags
 #1: stderr all=off uptime,level,tags

Environment Variables:
PATH=C:\Program Files\Common Files\Oracle\Java\javapath;C:\windows\system32;C:\windows;C:\windows\System32\Wbem;C:\windows\System32\WindowsPowerShell\v1.0\;C:\windows\System32\OpenSSH\;C:\Program Files (x86)\NVIDIA Corporation\PhysX\Common;C:\Program Files\nodejs\;C:\Program Files\Git\cmd;C:\Program Files\MongoDB\Server\6.0\bin\;C:\Program Files\mongosh-1.6.1-win32-x64\mongosh-1.6.1-win32-x64\bin;;C:\WINDOWS\system32;C:\WINDOWS;C:\WINDOWS\System32\Wbem;C:\WINDOWS\System32\WindowsPowerShell\v1.0\;C:\WINDOWS\System32\OpenSSH\;C:\Program Files\MySQL\MySQL Shell 8.0\bin\;C:\Users\prera\AppData\Local\Programs\Python\Python310\Scripts\;C:\Users\prera\AppData\Local\Programs\Python\Python310\;C:\Users\prera\AppData\Local\Programs\Python\Launcher\;C:\Users\prera\AppData\Local\Microsoft\WindowsApps;C:\Users\prera\AppData\Local\Programs\Microsoft VS Code\bin;C:\Users\prera\AppData\Roaming\npm;C:\Users\prera\AppData\Local\GitHubDesktop\bin;C:\Program Files\Java\jdk-19\bin;
USERNAME=prera
OS=Windows_NT
PROCESSOR_IDENTIFIER=AMD64 Family 25 Model 80 Stepping 0, AuthenticAMD
TMP=C:\Users\prera\AppData\Local\Temp
TEMP=C:\Users\prera\AppData\Local\Temp



---------------  S Y S T E M  ---------------

OS:
 Windows 11 , 64 bit Build 22621 (10.0.22621.1485)
OS uptime: 0 days 1:34 hours
Hyper-V role detected

CPU: total 16 (initial active 16) (16 cores per cpu, 2 threads per core) family 25 model 80 stepping 0 microcode 0x0, cx8, cmov, fxsr, ht, mmx, 3dnowpref, sse, sse2, sse3, ssse3, sse4a, sse4.1, sse4.2, popcnt, lzcnt, tsc, tscinvbit, avx, avx2, aes, erms, clmul, bmi1, bmi2, adx, sha, fma, vzeroupper, clflush, clflushopt, hv

Memory: 4k page, system-wide physical 15713M (5186M free)
TotalPageFile size 17761M (AvailPageFile size 5M)
current process WorkingSet (physical memory assigned to process): 117M, peak: 117M
current process commit charge ("private bytes"): 240M, peak: 240M

vm_info: OpenJDK 64-Bit Server VM (17.0.6+10) for windows-amd64 JRE (17.0.6+10), built on Jan 18 2023 10:08:59 by "temurin" with MS VC++ 16.7 (VS2019)

END.
