#
# There is insufficient memory for the Java Runtime Environment to continue.
# Native memory allocation (malloc) failed to allocate 32744 bytes for ChunkPool::allocate
# Possible reasons:
#   The system is out of physical RAM or swap space
#   The process is running with CompressedOops enabled, and the Java Heap may be blocking the growth of the native heap
# Possible solutions:
#   Reduce memory load on the system
#   Increase physical memory or swap space
#   Check if swap backing store is full
#   Decrease Java heap size (-Xmx/-Xms)
#   Decrease number of Java threads
#   Decrease Java thread stack sizes (-Xss)
#   Set larger code cache with -XX:ReservedCodeCacheSize=
#   JVM is running with Unscaled Compressed Oops mode in which the Java heap is
#     placed in the first 4GB address space. The Java Heap base address is the
#     maximum limit for the native heap growth. Please use -XX:HeapBaseMinAddress
#     to set the Java Heap base and to place the Java Heap above 4GB virtual address.
# This output file may be truncated or incomplete.
#
#  Out of Memory Error (arena.cpp:78), pid=25472, tid=24188
#
# JRE version: OpenJDK Runtime Environment Temurin-17.0.6+10 (17.0.6+10) (build 17.0.6+10)
# Java VM: OpenJDK 64-Bit Server VM Temurin-17.0.6+10 (17.0.6+10, mixed mode, tiered, compressed oops, compressed class ptrs, parallel gc, windows-amd64)
# No core dump will be written. Minidumps are not enabled by default on client versions of Windows
#

---------------  S U M M A R Y ------------

Command Line: --add-modules=ALL-SYSTEM --add-opens=java.base/java.util=ALL-UNNAMED --add-opens=java.base/java.lang=ALL-UNNAMED --add-opens=java.base/sun.nio.fs=ALL-UNNAMED -Declipse.application=org.eclipse.jdt.ls.core.id1 -Dosgi.bundles.defaultStartLevel=4 -Declipse.product=org.eclipse.jdt.ls.core.product -Djava.import.generatesMetadataFilesAtProjectRoot=false -Dfile.encoding=utf8 -XX:+UseParallelGC -XX:GCTimeRatio=4 -XX:AdaptiveSizePolicyWeight=90 -Dsun.zip.disableMemoryMapping=true -Xmx1G -Xms100m -Xlog:disable -javaagent:c:\Users\prera\.vscode\extensions\redhat.java-1.17.0-win32-x64\lombok\lombok-1.18.24.jar -XX:+HeapDumpOnOutOfMemoryError -XX:HeapDumpPath=c:\Users\prera\AppData\Roaming\Code\User\workspaceStorage\17cf255be1d5e9daf9b49459649ceef1\redhat.java -Daether.dependencyCollector.impl=bf c:\Users\prera\.vscode\extensions\redhat.java-1.17.0-win32-x64\server\plugins\org.eclipse.equinox.launcher_1.6.400.v20210924-0641.jar -configuration c:\Users\prera\AppData\Roaming\Code\User\globalStorage\redhat.java\1.17.0\config_win -data c:\Users\prera\AppData\Roaming\Code\User\workspaceStorage\17cf255be1d5e9daf9b49459649ceef1\redhat.java\jdt_ws

Host: AMD Ryzen 7 5800H with Radeon Graphics         , 16 cores, 15G,  Windows 11 , 64 bit Build 22621 (10.0.22621.1485)
Time: Sat Apr 15 10:56:43 2023 India Standard Time elapsed time: 0.858861 seconds (0d 0h 0m 0s)

---------------  T H R E A D  ---------------

Current thread (0x000001683f3ec650):  JavaThread "main" [_thread_in_vm, id=24188, stack(0x0000002657100000,0x0000002657200000)]

Stack: [0x0000002657100000,0x0000002657200000]
Native frames: (J=compiled Java code, j=interpreted, Vv=VM code, C=native code)
V  [jvm.dll+0x67741a]
V  [jvm.dll+0x834434]
V  [jvm.dll+0x835bde]
V  [jvm.dll+0x836243]
V  [jvm.dll+0x2457b5]
V  [jvm.dll+0xabd1c]
V  [jvm.dll+0xac0cc]
V  [jvm.dll+0x1e8625]
V  [jvm.dll+0x1eb353]
V  [jvm.dll+0x1e0841]
V  [jvm.dll+0x53c6d0]
V  [jvm.dll+0x7af76d]
V  [jvm.dll+0x7af6ca]
V  [jvm.dll+0x40c2a4]
V  [jvm.dll+0x41fa7b]
C  [java.dll+0x1657]

Java frames: (J=compiled Java code, j=interpreted, Vv=VM code)
j  java.lang.ClassLoader.defineClass0(Ljava/lang/ClassLoader;Ljava/lang/Class;Ljava/lang/String;[BIILjava/security/ProtectionDomain;ZILjava/lang/Object;)Ljava/lang/Class;+0 java.base@17.0.6
j  java.lang.System$2.defineClass(Ljava/lang/ClassLoader;Ljava/lang/Class;Ljava/lang/String;[BLjava/security/ProtectionDomain;ZILjava/lang/Object;)Ljava/lang/Class;+17 java.base@17.0.6
j  java.lang.invoke.MethodHandles$Lookup$ClassDefiner.defineClass(ZLjava/lang/Object;)Ljava/lang/Class;+54 java.base@17.0.6
j  java.lang.invoke.MethodHandles$Lookup$ClassDefiner.defineClassAsLookup(Z)Ljava/lang/invoke/MethodHandles$Lookup;+3 java.base@17.0.6
j  java.lang.invoke.MethodHandles$Lookup.defineHiddenClass([BZ[Ljava/lang/invoke/MethodHandles$Lookup$ClassOption;)Ljava/lang/invoke/MethodHandles$Lookup;+65 java.base@17.0.6
j  java.lang.invoke.InnerClassLambdaMetafactory.generateInnerClass()Ljava/lang/Class;+579 java.base@17.0.6
j  java.lang.invoke.InnerClassLambdaMetafactory.spinInnerClass()Ljava/lang/Class;+114 java.base@17.0.6
j  java.lang.invoke.InnerClassLambdaMetafactory.buildCallSite()Ljava/lang/invoke/CallSite;+1 java.base@17.0.6
j  java.lang.invoke.LambdaMetafactory.metafactory(Ljava/lang/invoke/MethodHandles$Lookup;Ljava/lang/String;Ljava/lang/invoke/MethodType;Ljava/lang/invoke/MethodType;Ljava/lang/invoke/MethodHandle;Ljava/lang/invoke/MethodType;)Ljava/lang/invoke/CallSite;+67 java.base@17.0.6
j  java.lang.invoke.DirectMethodHandle$Holder.invokeStatic(Ljava/lang/Object;Ljava/lang/Object;Ljava/lang/Object;Ljava/lang/Object;Ljava/lang/Object;Ljava/lang/Object;Ljava/lang/Object;)Ljava/lang/Object;+20 java.base@17.0.6
j  java.lang.invoke.Invokers$Holder.invokeExact_MT(Ljava/lang/Object;Ljava/lang/Object;Ljava/lang/Object;Ljava/lang/Object;Ljava/lang/Object;Ljava/lang/Object;Ljava/lang/Object;Ljava/lang/Object;)Ljava/lang/Object;+28 java.base@17.0.6
j  java.lang.invoke.BootstrapMethodInvoker.invoke(Ljava/lang/Class;Ljava/lang/invoke/MethodHandle;Ljava/lang/String;Ljava/lang/Object;Ljava/lang/Object;Ljava/lang/Class;)Ljava/lang/Object;+319 java.base@17.0.6
j  java.lang.invoke.CallSite.makeSite(Ljava/lang/invoke/MethodHandle;Ljava/lang/String;Ljava/lang/invoke/MethodType;Ljava/lang/Object;Ljava/lang/Class;)Ljava/lang/invoke/CallSite;+8 java.base@17.0.6
j  java.lang.invoke.MethodHandleNatives.linkCallSiteImpl(Ljava/lang/Class;Ljava/lang/invoke/MethodHandle;Ljava/lang/String;Ljava/lang/invoke/MethodType;Ljava/lang/Object;[Ljava/lang/Object;)Ljava/lang/invoke/MemberName;+6 java.base@17.0.6
j  java.lang.invoke.MethodHandleNatives.linkCallSite(Ljava/lang/Object;ILjava/lang/Object;Ljava/lang/Object;Ljava/lang/Object;Ljava/lang/Object;[Ljava/lang/Object;)Ljava/lang/invoke/MemberName;+46 java.base@17.0.6
v  ~StubRoutines::call_stub
j  org.eclipse.osgi.internal.framework.BundleContextImpl.notifyFindHooksPriviledged(Lorg/eclipse/osgi/internal/framework/BundleContextImpl;Ljava/util/Collection;)V+66
j  org.eclipse.osgi.internal.framework.BundleContextImpl.notifyFindHooks(Lorg/eclipse/osgi/internal/framework/BundleContextImpl;Ljava/util/List;)V+39
j  org.eclipse.osgi.internal.framework.BundleContextImpl.getBundles()[Lorg/osgi/framework/Bundle;+74
j  org.eclipse.core.runtime.adaptor.EclipseStarter.getCurrentBundles(Z)[Lorg/osgi/framework/Bundle;+3
j  org.eclipse.core.runtime.adaptor.EclipseStarter.loadBasicBundles()[Lorg/osgi/framework/Bundle;+75
j  org.eclipse.core.runtime.adaptor.EclipseStarter.startup([Ljava/lang/String;Ljava/lang/Runnable;)Lorg/osgi/framework/BundleContext;+153
j  org.eclipse.core.runtime.adaptor.EclipseStarter.run([Ljava/lang/String;Ljava/lang/Runnable;)Ljava/lang/Object;+21
v  ~StubRoutines::call_stub
j  jdk.internal.reflect.NativeMethodAccessorImpl.invoke0(Ljava/lang/reflect/Method;Ljava/lang/Object;[Ljava/lang/Object;)Ljava/lang/Object;+0 java.base@17.0.6
j  jdk.internal.reflect.NativeMethodAccessorImpl.invoke(Ljava/lang/Object;[Ljava/lang/Object;)Ljava/lang/Object;+133 java.base@17.0.6
j  jdk.internal.reflect.DelegatingMethodAccessorImpl.invoke(Ljava/lang/Object;[Ljava/lang/Object;)Ljava/lang/Object;+6 java.base@17.0.6
j  java.lang.reflect.Method.invoke(Ljava/lang/Object;[Ljava/lang/Object;)Ljava/lang/Object;+59 java.base@17.0.6
j  org.eclipse.equinox.launcher.Main.invokeFramework([Ljava/lang/String;[Ljava/net/URL;)V+201
j  org.eclipse.equinox.launcher.Main.basicRun([Ljava/lang/String;)V+159
j  org.eclipse.equinox.launcher.Main.run([Ljava/lang/String;)I+4
j  org.eclipse.equinox.launcher.Main.main([Ljava/lang/String;)V+10
v  ~StubRoutines::call_stub

---------------  P R O C E S S  ---------------

Threads class SMR info:
_java_thread_list=0x000001685717e940, length=19, elements={
0x000001683f3ec650, 0x0000016854de8010, 0x0000016854de9870, 0x0000016854e1d340,
0x0000016854e1de00, 0x0000016854e1e9b0, 0x0000016854e1f560, 0x0000016854e27c20,
0x0000016854e286c0, 0x0000016854e2a7b0, 0x000001683f44dc60, 0x0000016854fac730,
0x0000016854fee100, 0x0000016854ff7190, 0x00000168550d9ab0, 0x0000016856d06770,
0x0000016856d3b6a0, 0x0000016856e61020, 0x000001685754ea40
}

Java Threads: ( => current thread )
=>0x000001683f3ec650 JavaThread "main" [_thread_in_vm, id=24188, stack(0x0000002657100000,0x0000002657200000)]
  0x0000016854de8010 JavaThread "Reference Handler" daemon [_thread_blocked, id=27516, stack(0x0000002657400000,0x0000002657500000)]
  0x0000016854de9870 JavaThread "Finalizer" daemon [_thread_blocked, id=4784, stack(0x0000002657500000,0x0000002657600000)]
  0x0000016854e1d340 JavaThread "Signal Dispatcher" daemon [_thread_blocked, id=22560, stack(0x0000002657600000,0x0000002657700000)]
  0x0000016854e1de00 JavaThread "Attach Listener" daemon [_thread_blocked, id=17200, stack(0x0000002657700000,0x0000002657800000)]
  0x0000016854e1e9b0 JavaThread "Service Thread" daemon [_thread_blocked, id=19840, stack(0x0000002657800000,0x0000002657900000)]
  0x0000016854e1f560 JavaThread "Monitor Deflation Thread" daemon [_thread_blocked, id=27356, stack(0x0000002657900000,0x0000002657a00000)]
  0x0000016854e27c20 JavaThread "C2 CompilerThread0" daemon [_thread_blocked, id=13916, stack(0x0000002657a00000,0x0000002657b00000)]
  0x0000016854e286c0 JavaThread "C1 CompilerThread0" daemon [_thread_blocked, id=20080, stack(0x0000002657b00000,0x0000002657c00000)]
  0x0000016854e2a7b0 JavaThread "Sweeper thread" daemon [_thread_blocked, id=4060, stack(0x0000002657c00000,0x0000002657d00000)]
  0x000001683f44dc60 JavaThread "Common-Cleaner" daemon [_thread_blocked, id=27128, stack(0x0000002657d00000,0x0000002657e00000)]
  0x0000016854fac730 JavaThread "C1 CompilerThread1" daemon [_thread_blocked, id=22256, stack(0x0000002657e00000,0x0000002657f00000)]
  0x0000016854fee100 JavaThread "C2 CompilerThread1" daemon [_thread_in_native, id=4624, stack(0x0000002657f00000,0x0000002658000000)]
  0x0000016854ff7190 JavaThread "C2 CompilerThread2" daemon [_thread_in_native, id=20448, stack(0x0000002658000000,0x0000002658100000)]
  0x00000168550d9ab0 JavaThread "C1 CompilerThread2" daemon [_thread_in_native, id=18096, stack(0x0000002658100000,0x0000002658200000)]
  0x0000016856d06770 JavaThread "C1 CompilerThread3" daemon [_thread_in_native, id=11240, stack(0x0000002658200000,0x0000002658300000)]
  0x0000016856d3b6a0 JavaThread "Notification Thread" daemon [_thread_blocked, id=27092, stack(0x0000002658300000,0x0000002658400000)]
  0x0000016856e61020 JavaThread "C2 CompilerThread3" daemon [_thread_blocked, id=27164, stack(0x0000002658500000,0x0000002658600000)]
  0x000001685754ea40 JavaThread "Active Thread: Equinox Container: 09316b33-6597-4c6c-9e7b-bc03773c04d4" [_thread_blocked, id=25340, stack(0x0000002658b00000,0x0000002658c00000)]

Other Threads:
  0x0000016854dd3d60 VMThread "VM Thread" [stack: 0x0000002657300000,0x0000002657400000] [id=26112]
  0x0000016856d3bb70 WatcherThread [stack: 0x0000002658400000,0x0000002658500000] [id=24052]
  0x000001683f400ca0 GCTaskThread "GC Thread#0" [stack: 0x0000002657200000,0x0000002657300000] [id=27468]
  0x0000016857628c60 GCTaskThread "GC Thread#1" [stack: 0x0000002658600000,0x0000002658700000] [id=13396]
  0x000001685749ebc0 GCTaskThread "GC Thread#2" [stack: 0x0000002658700000,0x0000002658800000] [id=26280]
  0x000001685749ee70 GCTaskThread "GC Thread#3" [stack: 0x0000002658800000,0x0000002658900000] [id=27496]
  0x00000168573279e0 GCTaskThread "GC Thread#4" [stack: 0x0000002658900000,0x0000002658a00000] [id=21692]
  0x0000016857327c90 GCTaskThread "GC Thread#5" [stack: 0x0000002658a00000,0x0000002658b00000] [id=26232]

Threads with active compile tasks:
C2 CompilerThread1      871 1567       4       java.io.WinNTFileSystem::normalize (224 bytes)
C2 CompilerThread2      871 1542       4       java.io.WinNTFileSystem::normalize (143 bytes)
C1 CompilerThread2      871 1577       3       jdk.internal.loader.URLClassPath$JarLoader$2::getBytes (48 bytes)
C1 CompilerThread3      871 1569       3       java.net.URLStreamHandler::parseURL (1201 bytes)

VM state: not at safepoint (normal execution)

VM Mutex/Monitor currently owned by a thread: None

Heap address: 0x00000000c0000000, size: 1024 MB, Compressed Oops mode: 32-bit

CDS archive(s) not mapped
Compressed class space mapped at: 0x0000000100000000-0x0000000140000000, reserved size: 1073741824
Narrow klass base: 0x0000000000000000, Narrow klass shift: 3, Narrow klass range: 0x140000000

GC Precious Log:
 CPUs: 16 total, 16 available
 Memory: 15713M
 Large Page Support: Disabled
 NUMA Support: Disabled
 Compressed Oops: Enabled (32-bit)
 Alignments: Space 512K, Generation 512K, Heap 2M
 Heap Min Capacity: 100M
 Heap Initial Capacity: 100M
 Heap Max Capacity: 1G
 Pre-touch: Disabled
 Parallel Workers: 13

Heap:
 PSYoungGen      total 29696K, used 24207K [0x00000000eab00000, 0x00000000ecc00000, 0x0000000100000000)
  eden space 25600K, 82% used [0x00000000eab00000,0x00000000ebfa9bb0,0x00000000ec400000)
  from space 4096K, 74% used [0x00000000ec400000,0x00000000ec6fa208,0x00000000ec800000)
  to   space 4096K, 0% used [0x00000000ec800000,0x00000000ec800000,0x00000000ecc00000)
 ParOldGen       total 68608K, used 16K [0x00000000c0000000, 0x00000000c4300000, 0x00000000eab00000)
  object space 68608K, 0% used [0x00000000c0000000,0x00000000c0004000,0x00000000c4300000)
 Metaspace       used 13705K, committed 13952K, reserved 1064960K
  class space    used 1345K, committed 1472K, reserved 1048576K

Card table byte_map: [0x000001683edc0000,0x000001683efd0000] _byte_map_base: 0x000001683e7c0000

Marking Bits: (ParMarkBitMap*) 0x00007ff8194b3e70
 Begin Bits: [0x0000016851070000, 0x0000016852070000)
 End Bits:   [0x0000016852070000, 0x0000016853070000)

Polling page: 0x000001683ebb0000

Metaspace:

Usage:
  Non-class:     12.07 MB used.
      Class:      1.31 MB used.
       Both:     13.38 MB used.

Virtual space:
  Non-class space:       16.00 MB reserved,      12.19 MB ( 76%) committed,  2 nodes.
      Class space:        1.00 GB reserved,       1.44 MB ( <1%) committed,  1 nodes.
             Both:        1.02 GB reserved,      13.62 MB (  1%) committed. 

Chunk freelists:
   Non-Class:  3.34 MB
       Class:  2.48 MB
        Both:  5.83 MB

MaxMetaspaceSize: unlimited
CompressedClassSpaceSize: 1.00 GB
Initial GC threshold: 21.00 MB
Current GC threshold: 21.00 MB
CDS: off
MetaspaceReclaimPolicy: balanced
 - commit_granule_bytes: 65536.
 - commit_granule_words: 8192.
 - virtual_space_node_default_size: 1048576.
 - enlarge_chunks_in_place: 1.
 - new_chunks_are_fully_committed: 0.
 - uncommit_free_chunks: 1.
 - use_allocation_guard: 0.
 - handle_deallocations: 1.


Internal statistics:

num_allocs_failed_limit: 0.
num_arena_births: 56.
num_arena_deaths: 0.
num_vsnodes_births: 3.
num_vsnodes_deaths: 0.
num_space_committed: 218.
num_space_uncommitted: 0.
num_chunks_returned_to_freelist: 0.
num_chunks_taken_from_freelist: 215.
num_chunk_merges: 0.
num_chunk_splits: 147.
num_chunks_enlarged: 121.
num_purges: 0.
num_inconsistent_stats: 0.

CodeHeap 'non-profiled nmethods': size=119168Kb used=619Kb max_used=619Kb free=118548Kb
 bounds [0x0000016849c10000, 0x0000016849e80000, 0x0000016851070000]
CodeHeap 'profiled nmethods': size=119104Kb used=2937Kb max_used=2937Kb free=116166Kb
 bounds [0x0000016842070000, 0x0000016842350000, 0x00000168494c0000]
CodeHeap 'non-nmethods': size=7488Kb used=2847Kb max_used=2881Kb free=4640Kb
 bounds [0x00000168494c0000, 0x00000168497a0000, 0x0000016849c10000]
 total_blobs=2033 nmethods=1579 adapters=365
 compilation: enabled
              stopped_count=0, restarted_count=0
 full_count=0

Compilation events (20 events):
Event: 0.849 Thread 0x0000016854fac730 nmethod 1570 0x0000016842343790 code [0x0000016842343940, 0x0000016842343a88]
Event: 0.852 Thread 0x0000016854e286c0 1571       1       sun.nio.fs.NativeBuffer::size (5 bytes)
Event: 0.853 Thread 0x0000016854e286c0 nmethod 1571 0x0000016849caa690 code [0x0000016849caa820, 0x0000016849caa8f8]
Event: 0.853 Thread 0x0000016854fac730 1572       3       sun.nio.fs.WindowsPathParser::normalize (233 bytes)
Event: 0.854 Thread 0x0000016854e286c0 1573       1       org.eclipse.osgi.internal.framework.EquinoxBundle$EquinoxModule::getBundle (5 bytes)
Event: 0.854 Thread 0x0000016854e286c0 nmethod 1573 0x0000016849caa990 code [0x0000016849caab20, 0x0000016849caabf8]
Event: 0.854 Thread 0x00000168550d9ab0 1574       3       java.util.jar.JavaUtilJarAccessImpl::getTrustedAttributes (6 bytes)
Event: 0.854 Thread 0x0000016854e286c0 1575       3       java.util.jar.Manifest::getTrustedAttributes (57 bytes)
Event: 0.854 Thread 0x00000168550d9ab0 nmethod 1574 0x0000016842343b10 code [0x0000016842343cc0, 0x0000016842343e28]
Event: 0.854 Thread 0x00000168550d9ab0 1578   !   3       jdk.internal.loader.Resource::getBytes (244 bytes)
Event: 0.855 Thread 0x0000016854e286c0 nmethod 1575 0x0000016842343f10 code [0x0000016842344180, 0x0000016842344af8]
Event: 0.855 Thread 0x0000016854e286c0 1583       3       java.security.SecureClassLoader::getProtectionDomain (38 bytes)
Event: 0.856 Thread 0x0000016854e286c0 nmethod 1583 0x0000016842344e90 code [0x0000016842345080, 0x0000016842345608]
Event: 0.856 Thread 0x0000016854e286c0 1576       3       jdk.internal.loader.Resource::getByteBuffer (24 bytes)
Event: 0.856 Thread 0x00000168550d9ab0 nmethod 1578 0x0000016842345810 code [0x0000016842345b00, 0x0000016842346f98]
Event: 0.856 Thread 0x0000016854e286c0 nmethod 1576 0x0000016842347990 code [0x0000016842347b80, 0x0000016842348278]
Event: 0.856 Thread 0x00000168550d9ab0 1577       3       jdk.internal.loader.URLClassPath$JarLoader$2::getBytes (48 bytes)
Event: 0.856 Thread 0x0000016854e286c0 1579       3       jdk.internal.loader.URLClassPath$JarLoader$2::getContentLength (9 bytes)
Event: 0.856 Thread 0x0000016854e286c0 nmethod 1579 0x0000016842348490 code [0x0000016842348620, 0x00000168423487d8]
Event: 0.856 Thread 0x0000016854e286c0 1580       3       jdk.internal.loader.URLClassPath$JarLoader$2::getCodeSigners (8 bytes)

GC Heap History (2 events):
Event: 0.542 GC heap before
{Heap before GC invocations=1 (full 0):
 PSYoungGen      total 29696K, used 25600K [0x00000000eab00000, 0x00000000ecc00000, 0x0000000100000000)
  eden space 25600K, 100% used [0x00000000eab00000,0x00000000ec400000,0x00000000ec400000)
  from space 4096K, 0% used [0x00000000ec800000,0x00000000ec800000,0x00000000ecc00000)
  to   space 4096K, 0% used [0x00000000ec400000,0x00000000ec400000,0x00000000ec800000)
 ParOldGen       total 68608K, used 0K [0x00000000c0000000, 0x00000000c4300000, 0x00000000eab00000)
  object space 68608K, 0% used [0x00000000c0000000,0x00000000c0000000,0x00000000c4300000)
 Metaspace       used 10711K, committed 10816K, reserved 1064960K
  class space    used 1054K, committed 1088K, reserved 1048576K
}
Event: 0.546 GC heap after
{Heap after GC invocations=1 (full 0):
 PSYoungGen      total 29696K, used 3048K [0x00000000eab00000, 0x00000000ecc00000, 0x0000000100000000)
  eden space 25600K, 0% used [0x00000000eab00000,0x00000000eab00000,0x00000000ec400000)
  from space 4096K, 74% used [0x00000000ec400000,0x00000000ec6fa208,0x00000000ec800000)
  to   space 4096K, 0% used [0x00000000ec800000,0x00000000ec800000,0x00000000ecc00000)
 ParOldGen       total 68608K, used 16K [0x00000000c0000000, 0x00000000c4300000, 0x00000000eab00000)
  object space 68608K, 0% used [0x00000000c0000000,0x00000000c0004000,0x00000000c4300000)
 Metaspace       used 10711K, committed 10816K, reserved 1064960K
  class space    used 1054K, committed 1088K, reserved 1048576K
}

Dll operation events (8 events):
Event: 0.007 Loaded shared library c:\Users\prera\.vscode\extensions\redhat.java-1.17.0-win32-x64\jre\17.0.6-win32-x86_64\bin\java.dll
Event: 0.108 Loaded shared library c:\Users\prera\.vscode\extensions\redhat.java-1.17.0-win32-x64\jre\17.0.6-win32-x86_64\bin\zip.dll
Event: 0.111 Loaded shared library C:\Users\prera\.vscode\extensions\redhat.java-1.17.0-win32-x64\jre\17.0.6-win32-x86_64\bin\instrument.dll
Event: 0.120 Loaded shared library C:\Users\prera\.vscode\extensions\redhat.java-1.17.0-win32-x64\jre\17.0.6-win32-x86_64\bin\net.dll
Event: 0.121 Loaded shared library C:\Users\prera\.vscode\extensions\redhat.java-1.17.0-win32-x64\jre\17.0.6-win32-x86_64\bin\nio.dll
Event: 0.127 Loaded shared library C:\Users\prera\.vscode\extensions\redhat.java-1.17.0-win32-x64\jre\17.0.6-win32-x86_64\bin\zip.dll
Event: 0.138 Loaded shared library C:\Users\prera\.vscode\extensions\redhat.java-1.17.0-win32-x64\jre\17.0.6-win32-x86_64\bin\jimage.dll
Event: 0.177 Loaded shared library c:\Users\prera\.vscode\extensions\redhat.java-1.17.0-win32-x64\jre\17.0.6-win32-x86_64\bin\verify.dll

Deoptimization events (20 events):
Event: 0.654 Thread 0x000001683f3ec650 Uncommon trap: trap_request=0xffffffc6 fr.pc=0x0000016849c34928 relative=0x0000000000000288
Event: 0.654 Thread 0x000001683f3ec650 Uncommon trap: reason=bimorphic_or_optimized_type_check action=maybe_recompile pc=0x0000016849c34928 method=java.util.Collections$UnmodifiableCollection$1.next()Ljava/lang/Object; @ 4 c2
Event: 0.654 Thread 0x000001683f3ec650 DEOPT PACKING pc=0x0000016849c34928 sp=0x00000026571f8150
Event: 0.654 Thread 0x000001683f3ec650 DEOPT UNPACKING pc=0x00000168495166a3 sp=0x00000026571f8100 mode 2
Event: 0.715 Thread 0x000001683f3ec650 Uncommon trap: trap_request=0xffffff45 fr.pc=0x0000016849c5a064 relative=0x00000000000002a4
Event: 0.715 Thread 0x000001683f3ec650 Uncommon trap: reason=unstable_if action=reinterpret pc=0x0000016849c5a064 method=java.lang.invoke.VarHandle.checkExactAccessMode(Ljava/lang/invoke/VarHandle$AccessDescriptor;)V @ 4 c2
Event: 0.715 Thread 0x000001683f3ec650 DEOPT PACKING pc=0x0000016849c5a064 sp=0x00000026571fe530
Event: 0.715 Thread 0x000001683f3ec650 DEOPT UNPACKING pc=0x00000168495166a3 sp=0x00000026571fe500 mode 2
Event: 0.765 Thread 0x000001683f3ec650 Uncommon trap: trap_request=0xffffffde fr.pc=0x0000016849c6ba48 relative=0x0000000000000908
Event: 0.765 Thread 0x000001683f3ec650 Uncommon trap: reason=class_check action=maybe_recompile pc=0x0000016849c6ba48 method=java.util.HashMap.putVal(ILjava/lang/Object;Ljava/lang/Object;ZZ)Ljava/lang/Object; @ 253 c2
Event: 0.765 Thread 0x000001683f3ec650 DEOPT PACKING pc=0x0000016849c6ba48 sp=0x00000026571fdfc0
Event: 0.765 Thread 0x000001683f3ec650 DEOPT UNPACKING pc=0x00000168495166a3 sp=0x00000026571fdf40 mode 2
Event: 0.766 Thread 0x000001683f3ec650 Uncommon trap: trap_request=0xffffffde fr.pc=0x0000016849c6ba48 relative=0x0000000000000908
Event: 0.766 Thread 0x000001683f3ec650 Uncommon trap: reason=class_check action=maybe_recompile pc=0x0000016849c6ba48 method=java.util.HashMap.putVal(ILjava/lang/Object;Ljava/lang/Object;ZZ)Ljava/lang/Object; @ 253 c2
Event: 0.766 Thread 0x000001683f3ec650 DEOPT PACKING pc=0x0000016849c6ba48 sp=0x00000026571fdfc0
Event: 0.766 Thread 0x000001683f3ec650 DEOPT UNPACKING pc=0x00000168495166a3 sp=0x00000026571fdf40 mode 2
Event: 0.790 Thread 0x000001683f3ec650 DEOPT PACKING pc=0x000001684218f709 sp=0x00000026571fc970
Event: 0.790 Thread 0x000001683f3ec650 DEOPT UNPACKING pc=0x0000016849516e43 sp=0x00000026571fbdf8 mode 0
Event: 0.846 Thread 0x000001683f3ec650 DEOPT PACKING pc=0x0000016842152bc3 sp=0x00000026571fe570
Event: 0.846 Thread 0x000001683f3ec650 DEOPT UNPACKING pc=0x0000016849516e43 sp=0x00000026571fda90 mode 0

Classes unloaded (0 events):
No events

Classes redefined (0 events):
No events

Internal exceptions (20 events):
Event: 0.364 Thread 0x000001683f3ec650 Exception <a 'java/io/FileNotFoundException'{0x00000000eb919430}> (0x00000000eb919430) 
thrown [s\src\hotspot\share\prims\jni.cpp, line 516]
Event: 0.369 Thread 0x000001683f3ec650 Implicit null exception at 0x0000016849c32472 to 0x0000016849c32990
Event: 0.372 Thread 0x000001683f3ec650 Exception <a 'java/io/FileNotFoundException'{0x00000000eb959f40}> (0x00000000eb959f40) 
thrown [s\src\hotspot\share\prims\jni.cpp, line 516]
Event: 0.408 Thread 0x000001683f3ec650 Implicit null exception at 0x0000016849c44fde to 0x0000016849c450a0
Event: 0.490 Thread 0x000001683f3ec650 Exception <a 'java/lang/ClassNotFoundException'{0x00000000ec14f9e0}: sun/net/www/protocol/c/Handler> (0x00000000ec14f9e0) 
thrown [s\src\hotspot\share\classfile\systemDictionary.cpp, line 256]
Event: 0.490 Thread 0x000001683f3ec650 Exception <a 'java/lang/ClassNotFoundException'{0x00000000ec150d08}: sun/net/www/protocol/d/Handler> (0x00000000ec150d08) 
thrown [s\src\hotspot\share\classfile\systemDictionary.cpp, line 256]
Event: 0.490 Thread 0x000001683f3ec650 Exception <a 'java/lang/ClassNotFoundException'{0x00000000ec151e58}: sun/net/www/protocol/c/Handler> (0x00000000ec151e58) 
thrown [s\src\hotspot\share\classfile\systemDictionary.cpp, line 256]
Event: 0.495 Thread 0x000001683f3ec650 Exception <a 'java/io/FileNotFoundException'{0x00000000ec1783a0}> (0x00000000ec1783a0) 
thrown [s\src\hotspot\share\prims\jni.cpp, line 516]
Event: 0.519 Thread 0x000001683f3ec650 Implicit null exception at 0x0000016849c625fb to 0x0000016849c62f98
Event: 0.519 Thread 0x000001683f3ec650 Implicit null exception at 0x0000016849c5ddf1 to 0x0000016849c5dfe0
Event: 0.519 Thread 0x000001683f3ec650 Implicit null exception at 0x0000016849c5a8f1 to 0x0000016849c5aae0
Event: 0.519 Thread 0x000001683f3ec650 Implicit null exception at 0x0000016849c5000f to 0x0000016849c50085
Event: 0.554 Thread 0x000001683f3ec650 Exception <a 'java/lang/NoSuchMethodError'{0x00000000eab43528}: 'int java.lang.invoke.DirectMethodHandle$Holder.invokeStaticInit(java.lang.Object, java.lang.Object, java.lang.Object, java.lang.Object)'> (0x00000000eab43528) 
thrown [s\src\hotspot\share\interpreter\linkResolver.cpp, line 759]
Event: 0.555 Thread 0x000001683f3ec650 Exception <a 'java/lang/NoSuchMethodError'{0x00000000eab4dca0}: 'java.lang.Object java.lang.invoke.DirectMethodHandle$Holder.invokeInterface(java.lang.Object, java.lang.Object)'> (0x00000000eab4dca0) 
thrown [s\src\hotspot\share\interpreter\linkResolver.cpp, line 759]
Event: 0.555 Thread 0x000001683f3ec650 Exception <a 'java/lang/IncompatibleClassChangeError'{0x00000000eab51498}: Found class java.lang.Object, but interface was expected> (0x00000000eab51498) 
thrown [s\src\hotspot\share\interpreter\linkResolver.cpp, line 826]
Event: 0.556 Thread 0x000001683f3ec650 Exception <a 'java/lang/NoSuchMethodError'{0x00000000eab55990}: 'void java.lang.invoke.DirectMethodHandle$Holder.invokeStatic(java.lang.Object, java.lang.Object)'> (0x00000000eab55990) 
thrown [s\src\hotspot\share\interpreter\linkResolver.cpp, line 759]
Event: 0.556 Thread 0x000001683f3ec650 Exception <a 'java/lang/NoSuchMethodError'{0x00000000eab59190}: 'void java.lang.invoke.DirectMethodHandle$Holder.invokeStaticInit(java.lang.Object, java.lang.Object)'> (0x00000000eab59190) 
thrown [s\src\hotspot\share\interpreter\linkResolver.cpp, line 759]
Event: 0.557 Thread 0x000001683f3ec650 Exception <a 'java/lang/NoSuchMethodError'{0x00000000eab606a8}: 'int java.lang.invoke.DirectMethodHandle$Holder.invokeStaticInit(java.lang.Object, java.lang.Object)'> (0x00000000eab606a8) 
thrown [s\src\hotspot\share\interpreter\linkResolver.cpp, line 759]
Event: 0.582 Thread 0x000001683f3ec650 Exception <a 'java/lang/NoSuchMethodError'{0x00000000ead62dd0}: 'void java.lang.invoke.DirectMethodHandle$Holder.invokeSpecial(java.lang.Object, java.lang.Object, java.lang.Object)'> (0x00000000ead62dd0) 
thrown [s\src\hotspot\share\interpreter\linkResolver.cpp, line 759]
Event: 0.752 Thread 0x000001683f3ec650 Exception <a 'java/lang/NoSuchMethodError'{0x00000000eba4e5d8}: 'java.lang.Object java.lang.invoke.DirectMethodHandle$Holder.newInvokeSpecial(java.lang.Object, int, java.lang.Object)'> (0x00000000eba4e5d8) 
thrown [s\src\hotspot\share\interpreter\linkResolver.cpp, line 759]

VM Operations (20 events):
Event: 0.150 Executing VM operation: HandshakeAllThreads
Event: 0.150 Executing VM operation: HandshakeAllThreads done
Event: 0.342 Executing VM operation: HandshakeAllThreads
Event: 0.342 Executing VM operation: HandshakeAllThreads done
Event: 0.354 Executing VM operation: HandshakeAllThreads
Event: 0.354 Executing VM operation: HandshakeAllThreads done
Event: 0.526 Executing VM operation: ICBufferFull
Event: 0.527 Executing VM operation: ICBufferFull done
Event: 0.542 Executing VM operation: ParallelGCFailedAllocation
Event: 0.546 Executing VM operation: ParallelGCFailedAllocation done
Event: 0.737 Executing VM operation: HandshakeAllThreads
Event: 0.737 Executing VM operation: HandshakeAllThreads done
Event: 0.737 Executing VM operation: HandshakeAllThreads
Event: 0.737 Executing VM operation: HandshakeAllThreads done
Event: 0.741 Executing VM operation: HandshakeAllThreads
Event: 0.741 Executing VM operation: HandshakeAllThreads done
Event: 0.748 Executing VM operation: HandshakeAllThreads
Event: 0.748 Executing VM operation: HandshakeAllThreads done
Event: 0.788 Executing VM operation: ICBufferFull
Event: 0.788 Executing VM operation: ICBufferFull done

Events (20 events):
Event: 0.766 loading class java/util/ConcurrentModificationException
Event: 0.766 loading class java/util/ConcurrentModificationException done
Event: 0.770 loading class java/net/ContentHandlerFactory
Event: 0.770 loading class java/net/ContentHandlerFactory done
Event: 0.772 loading class java/net/ContentHandler
Event: 0.772 loading class java/net/ContentHandler done
Event: 0.785 loading class java/security/KeyStoreException
Event: 0.785 loading class java/security/KeyStoreException done
Event: 0.804 loading class java/util/LinkedList$Node
Event: 0.804 loading class java/util/LinkedList$Node done
Event: 0.804 loading class java/util/LinkedList$ListItr
Event: 0.804 loading class java/util/LinkedList$ListItr done
Event: 0.812 loading class sun/nio/fs/WindowsChannelFactory
Event: 0.812 loading class sun/nio/fs/WindowsChannelFactory done
Event: 0.812 loading class sun/nio/fs/WindowsChannelFactory$1
Event: 0.813 loading class sun/nio/fs/WindowsChannelFactory$1 done
Event: 0.813 loading class sun/nio/fs/WindowsChannelFactory$Flags
Event: 0.813 loading class sun/nio/fs/WindowsChannelFactory$Flags done
Event: 0.813 loading class sun/nio/ch/FileChannelImpl$Closer
Event: 0.813 loading class sun/nio/ch/FileChannelImpl$Closer done


Dynamic libraries:
0x00007ff63eb10000 - 0x00007ff63eb1e000 	c:\Users\prera\.vscode\extensions\redhat.java-1.17.0-win32-x64\jre\17.0.6-win32-x86_64\bin\java.exe
0x00007ff8d25d0000 - 0x00007ff8d27e4000 	C:\WINDOWS\SYSTEM32\ntdll.dll
0x00007ff8d1720000 - 0x00007ff8d17e2000 	C:\WINDOWS\System32\KERNEL32.DLL
0x00007ff8cfe30000 - 0x00007ff8d01cc000 	C:\WINDOWS\System32\KERNELBASE.dll
0x00007ff8d0240000 - 0x00007ff8d0351000 	C:\WINDOWS\System32\ucrtbase.dll
0x00007ff8bec70000 - 0x00007ff8bec87000 	c:\Users\prera\.vscode\extensions\redhat.java-1.17.0-win32-x64\jre\17.0.6-win32-x86_64\bin\jli.dll
0x00007ff8bec40000 - 0x00007ff8bec59000 	c:\Users\prera\.vscode\extensions\redhat.java-1.17.0-win32-x64\jre\17.0.6-win32-x86_64\bin\VCRUNTIME140.dll
0x00007ff8d17f0000 - 0x00007ff8d199b000 	C:\WINDOWS\System32\USER32.dll
0x00007ff8b6da0000 - 0x00007ff8b702e000 	C:\WINDOWS\WinSxS\amd64_microsoft.windows.common-controls_6595b64144ccf1df_6.0.22621.608_none_a9444ca7c10bb01d\COMCTL32.dll
0x00007ff8cfad0000 - 0x00007ff8cfaf6000 	C:\WINDOWS\System32\win32u.dll
0x00007ff8d24e0000 - 0x00007ff8d2587000 	C:\WINDOWS\System32\msvcrt.dll
0x00007ff8d1550000 - 0x00007ff8d1579000 	C:\WINDOWS\System32\GDI32.dll
0x00007ff8cfd10000 - 0x00007ff8cfe23000 	C:\WINDOWS\System32\gdi32full.dll
0x00007ff8cfc70000 - 0x00007ff8cfd0a000 	C:\WINDOWS\System32\msvcp_win.dll
0x00007ff8d16d0000 - 0x00007ff8d1701000 	C:\WINDOWS\System32\IMM32.DLL
0x00007ff8bec30000 - 0x00007ff8bec3c000 	c:\Users\prera\.vscode\extensions\redhat.java-1.17.0-win32-x64\jre\17.0.6-win32-x86_64\bin\vcruntime140_1.dll
0x00007ff8a7350000 - 0x00007ff8a73e1000 	c:\Users\prera\.vscode\extensions\redhat.java-1.17.0-win32-x64\jre\17.0.6-win32-x86_64\bin\msvcp140.dll
0x00007ff818930000 - 0x00007ff819577000 	c:\Users\prera\.vscode\extensions\redhat.java-1.17.0-win32-x64\jre\17.0.6-win32-x86_64\bin\server\jvm.dll
0x00007ff8d1580000 - 0x00007ff8d162e000 	C:\WINDOWS\System32\ADVAPI32.dll
0x00007ff8d19a0000 - 0x00007ff8d1a44000 	C:\WINDOWS\System32\sechost.dll
0x00007ff8d03e0000 - 0x00007ff8d04f7000 	C:\WINDOWS\System32\RPCRT4.dll
0x00007ff8c95c0000 - 0x00007ff8c95f4000 	C:\WINDOWS\SYSTEM32\WINMM.dll
0x00007ff8bebf0000 - 0x00007ff8bebf9000 	C:\WINDOWS\SYSTEM32\WSOCK32.dll
0x00007ff8c8d60000 - 0x00007ff8c8d6a000 	C:\WINDOWS\SYSTEM32\VERSION.dll
0x00007ff8d0550000 - 0x00007ff8d05c1000 	C:\WINDOWS\System32\WS2_32.dll
0x00007ff8ce990000 - 0x00007ff8ce9a8000 	C:\WINDOWS\SYSTEM32\kernel.appcore.dll
0x00007ff8bebe0000 - 0x00007ff8bebea000 	c:\Users\prera\.vscode\extensions\redhat.java-1.17.0-win32-x64\jre\17.0.6-win32-x86_64\bin\jimage.dll
0x00007ff8c0850000 - 0x00007ff8c0a7e000 	C:\WINDOWS\SYSTEM32\DBGHELP.DLL
0x00007ff8d0e00000 - 0x00007ff8d1189000 	C:\WINDOWS\System32\combase.dll
0x00007ff8d0630000 - 0x00007ff8d0707000 	C:\WINDOWS\System32\OLEAUT32.dll
0x00007ff8bf4d0000 - 0x00007ff8bf502000 	C:\WINDOWS\SYSTEM32\dbgcore.DLL
0x00007ff8d0360000 - 0x00007ff8d03db000 	C:\WINDOWS\System32\bcryptPrimitives.dll
0x00007ff8bebd0000 - 0x00007ff8bebde000 	c:\Users\prera\.vscode\extensions\redhat.java-1.17.0-win32-x64\jre\17.0.6-win32-x86_64\bin\instrument.dll
0x00007ff8beba0000 - 0x00007ff8bebc5000 	c:\Users\prera\.vscode\extensions\redhat.java-1.17.0-win32-x64\jre\17.0.6-win32-x86_64\bin\java.dll
0x00007ff8be850000 - 0x00007ff8be868000 	c:\Users\prera\.vscode\extensions\redhat.java-1.17.0-win32-x64\jre\17.0.6-win32-x86_64\bin\zip.dll
0x00007ff8d1b80000 - 0x00007ff8d2370000 	C:\WINDOWS\System32\SHELL32.dll
0x00007ff8cd9d0000 - 0x00007ff8ce29d000 	C:\WINDOWS\SYSTEM32\windows.storage.dll
0x00007ff8cd890000 - 0x00007ff8cd9ce000 	C:\WINDOWS\SYSTEM32\wintypes.dll
0x00007ff8d1190000 - 0x00007ff8d1281000 	C:\WINDOWS\System32\SHCORE.dll
0x00007ff8d0d60000 - 0x00007ff8d0dbe000 	C:\WINDOWS\System32\shlwapi.dll
0x00007ff8cf940000 - 0x00007ff8cf961000 	C:\WINDOWS\SYSTEM32\profapi.dll
0x00007ff8bd8e0000 - 0x00007ff8bd8f9000 	C:\Users\prera\.vscode\extensions\redhat.java-1.17.0-win32-x64\jre\17.0.6-win32-x86_64\bin\net.dll
0x00007ff8c9010000 - 0x00007ff8c9147000 	C:\WINDOWS\SYSTEM32\WINHTTP.dll
0x00007ff8cee90000 - 0x00007ff8ceef9000 	C:\WINDOWS\system32\mswsock.dll
0x00007ff8b8400000 - 0x00007ff8b8415000 	C:\Users\prera\.vscode\extensions\redhat.java-1.17.0-win32-x64\jre\17.0.6-win32-x86_64\bin\nio.dll
0x00007ff8beac0000 - 0x00007ff8bead0000 	c:\Users\prera\.vscode\extensions\redhat.java-1.17.0-win32-x64\jre\17.0.6-win32-x86_64\bin\verify.dll

dbghelp: loaded successfully - version: 4.0.5 - missing functions: none
symbol engine: initialized successfully - sym options: 0x614 - pdb path: .;c:\Users\prera\.vscode\extensions\redhat.java-1.17.0-win32-x64\jre\17.0.6-win32-x86_64\bin;C:\WINDOWS\SYSTEM32;C:\WINDOWS\WinSxS\amd64_microsoft.windows.common-controls_6595b64144ccf1df_6.0.22621.608_none_a9444ca7c10bb01d;c:\Users\prera\.vscode\extensions\redhat.java-1.17.0-win32-x64\jre\17.0.6-win32-x86_64\bin\server

VM Arguments:
jvm_args: --add-modules=ALL-SYSTEM --add-opens=java.base/java.util=ALL-UNNAMED --add-opens=java.base/java.lang=ALL-UNNAMED --add-opens=java.base/sun.nio.fs=ALL-UNNAMED -Declipse.application=org.eclipse.jdt.ls.core.id1 -Dosgi.bundles.defaultStartLevel=4 -Declipse.product=org.eclipse.jdt.ls.core.product -Djava.import.generatesMetadataFilesAtProjectRoot=false -Dfile.encoding=utf8 -XX:+UseParallelGC -XX:GCTimeRatio=4 -XX:AdaptiveSizePolicyWeight=90 -Dsun.zip.disableMemoryMapping=true -Xmx1G -Xms100m -Xlog:disable -javaagent:c:\Users\prera\.vscode\extensions\redhat.java-1.17.0-win32-x64\lombok\lombok-1.18.24.jar -XX:+HeapDumpOnOutOfMemoryError -XX:HeapDumpPath=c:\Users\prera\AppData\Roaming\Code\User\workspaceStorage\17cf255be1d5e9daf9b49459649ceef1\redhat.java -Daether.dependencyCollector.impl=bf 
java_command: c:\Users\prera\.vscode\extensions\redhat.java-1.17.0-win32-x64\server\plugins\org.eclipse.equinox.launcher_1.6.400.v20210924-0641.jar -configuration c:\Users\prera\AppData\Roaming\Code\User\globalStorage\redhat.java\1.17.0\config_win -data c:\Users\prera\AppData\Roaming\Code\User\workspaceStorage\17cf255be1d5e9daf9b49459649ceef1\redhat.java\jdt_ws
java_class_path (initial): c:\Users\prera\.vscode\extensions\redhat.java-1.17.0-win32-x64\server\plugins\org.eclipse.equinox.launcher_1.6.400.v20210924-0641.jar
Launcher Type: SUN_STANDARD

[Global flags]
    uintx AdaptiveSizePolicyWeight                 = 90                                        {product} {command line}
     intx CICompilerCount                          = 12                                        {product} {ergonomic}
    uintx GCTimeRatio                              = 4                                         {product} {command line}
     bool HeapDumpOnOutOfMemoryError               = true                                   {manageable} {command line}
    ccstr HeapDumpPath                             = c:\Users\prera\AppData\Roaming\Code\User\workspaceStorage\17cf255be1d5e9daf9b49459649ceef1\redhat.java         {manageable} {command line}
   size_t InitialHeapSize                          = 104857600                                 {product} {command line}
   size_t MaxHeapSize                              = 1073741824                                {product} {command line}
   size_t MaxNewSize                               = 357564416                                 {product} {ergonomic}
   size_t MinHeapDeltaBytes                        = 524288                                    {product} {ergonomic}
   size_t MinHeapSize                              = 104857600                                 {product} {command line}
   size_t NewSize                                  = 34603008                                  {product} {ergonomic}
    uintx NonNMethodCodeHeapSize                   = 7602480                                {pd product} {ergonomic}
    uintx NonProfiledCodeHeapSize                  = 122027880                              {pd product} {ergonomic}
   size_t OldSize                                  = 70254592                                  {product} {ergonomic}
    uintx ProfiledCodeHeapSize                     = 122027880                              {pd product} {ergonomic}
    uintx ReservedCodeCacheSize                    = 251658240                              {pd product} {ergonomic}
     bool SegmentedCodeCache                       = true                                      {product} {ergonomic}
   size_t SoftMaxHeapSize                          = 1073741824                             {manageable} {ergonomic}
     bool UseCompressedClassPointers               = true                           {product lp64_product} {ergonomic}
     bool UseCompressedOops                        = true                           {product lp64_product} {ergonomic}
     bool UseLargePagesIndividualAllocation        = false                                  {pd product} {ergonomic}
     bool UseParallelGC                            = true                                      {product} {command line}

Logging:
Log output configuration:
 #0: stdout all=off uptime,level,tags
 #1: stderr all=off uptime,level,tags

Environment Variables:
PATH=C:\Program Files\Common Files\Oracle\Java\javapath;C:\windows\system32;C:\windows;C:\windows\System32\Wbem;C:\windows\System32\WindowsPowerShell\v1.0\;C:\windows\System32\OpenSSH\;C:\Program Files (x86)\NVIDIA Corporation\PhysX\Common;C:\Program Files\nodejs\;C:\Program Files\Git\cmd;C:\Program Files\MongoDB\Server\6.0\bin\;C:\Program Files\mongosh-1.6.1-win32-x64\mongosh-1.6.1-win32-x64\bin;;C:\WINDOWS\system32;C:\WINDOWS;C:\WINDOWS\System32\Wbem;C:\WINDOWS\System32\WindowsPowerShell\v1.0\;C:\WINDOWS\System32\OpenSSH\;C:\Program Files\MySQL\MySQL Shell 8.0\bin\;C:\Users\prera\AppData\Local\Programs\Python\Python310\Scripts\;C:\Users\prera\AppData\Local\Programs\Python\Python310\;C:\Users\prera\AppData\Local\Programs\Python\Launcher\;C:\Users\prera\AppData\Local\Microsoft\WindowsApps;C:\Users\prera\AppData\Local\Programs\Microsoft VS Code\bin;C:\Users\prera\AppData\Roaming\npm;C:\Users\prera\AppData\Local\GitHubDesktop\bin;C:\Program Files\Java\jdk-19\bin;
USERNAME=prera
OS=Windows_NT
PROCESSOR_IDENTIFIER=AMD64 Family 25 Model 80 Stepping 0, AuthenticAMD
TMP=C:\Users\prera\AppData\Local\Temp
TEMP=C:\Users\prera\AppData\Local\Temp



---------------  S Y S T E M  ---------------

OS:
 Windows 11 , 64 bit Build 22621 (10.0.22621.1485)
OS uptime: 0 days 1:34 hours
Hyper-V role detected

CPU: total 16 (initial active 16) (16 cores per cpu, 2 threads per core) family 25 model 80 stepping 0 microcode 0x0, cx8, cmov, fxsr, ht, mmx, 3dnowpref, sse, sse2, sse3, ssse3, sse4a, sse4.1, sse4.2, popcnt, lzcnt, tsc, tscinvbit, avx, avx2, aes, erms, clmul, bmi1, bmi2, adx, sha, fma, vzeroupper, clflush, clflushopt, hv

Memory: 4k page, system-wide physical 15713M (5054M free)
TotalPageFile size 17761M (AvailPageFile size 0M)
current process WorkingSet (physical memory assigned to process): 86M, peak: 86M
current process commit charge ("private bytes"): 224M, peak: 224M

vm_info: OpenJDK 64-Bit Server VM (17.0.6+10) for windows-amd64 JRE (17.0.6+10), built on Jan 18 2023 10:08:59 by "temurin" with MS VC++ 16.7 (VS2019)

END.
