#
# There is insufficient memory for the Java Runtime Environment to continue.
# Native memory allocation (malloc) failed to allocate 1048576 bytes for AllocateHeap
# Possible reasons:
#   The system is out of physical RAM or swap space
#   The process is running with CompressedOops enabled, and the Java Heap may be blocking the growth of the native heap
# Possible solutions:
#   Reduce memory load on the system
#   Increase physical memory or swap space
#   Check if swap backing store is full
#   Decrease Java heap size (-Xmx/-Xms)
#   Decrease number of Java threads
#   Decrease Java thread stack sizes (-Xss)
#   Set larger code cache with -XX:ReservedCodeCacheSize=
#   JVM is running with Unscaled Compressed Oops mode in which the Java heap is
#     placed in the first 4GB address space. The Java Heap base address is the
#     maximum limit for the native heap growth. Please use -XX:HeapBaseMinAddress
#     to set the Java Heap base and to place the Java Heap above 4GB virtual address.
# This output file may be truncated or incomplete.
#
#  Out of Memory Error (allocation.cpp:44), pid=15160, tid=19552
#
# JRE version:  (17.0.6+10) (build )
# Java VM: OpenJDK 64-Bit Server VM (17.0.6+10, mixed mode, tiered, compressed oops, compressed class ptrs, parallel gc, windows-amd64)
# No core dump will be written. Minidumps are not enabled by default on client versions of Windows
#

---------------  S U M M A R Y ------------

Command Line: --add-modules=ALL-SYSTEM --add-opens=java.base/java.util=ALL-UNNAMED --add-opens=java.base/java.lang=ALL-UNNAMED --add-opens=java.base/sun.nio.fs=ALL-UNNAMED -Declipse.application=org.eclipse.jdt.ls.core.id1 -Dosgi.bundles.defaultStartLevel=4 -Declipse.product=org.eclipse.jdt.ls.core.product -Djava.import.generatesMetadataFilesAtProjectRoot=false -Dfile.encoding=utf8 -XX:+UseParallelGC -XX:GCTimeRatio=4 -XX:AdaptiveSizePolicyWeight=90 -Dsun.zip.disableMemoryMapping=true -Xmx1G -Xms100m -Xlog:disable -javaagent:c:\Users\prera\.vscode\extensions\redhat.java-1.17.0-win32-x64\lombok\lombok-1.18.24.jar -XX:+HeapDumpOnOutOfMemoryError -XX:HeapDumpPath=c:\Users\prera\AppData\Roaming\Code\User\workspaceStorage\17cf255be1d5e9daf9b49459649ceef1\redhat.java -Daether.dependencyCollector.impl=bf c:\Users\prera\.vscode\extensions\redhat.java-1.17.0-win32-x64\server\plugins\org.eclipse.equinox.launcher_1.6.400.v20210924-0641.jar -configuration c:\Users\prera\AppData\Roaming\Code\User\globalStorage\redhat.java\1.17.0\config_win -data c:\Users\prera\AppData\Roaming\Code\User\workspaceStorage\17cf255be1d5e9daf9b49459649ceef1\redhat.java\jdt_ws

Host: AMD Ryzen 7 5800H with Radeon Graphics         , 16 cores, 15G,  Windows 11 , 64 bit Build 22621 (10.0.22621.1485)
Time: Sat Apr 15 10:56:40 2023 India Standard Time elapsed time: 0.042267 seconds (0d 0h 0m 0s)

---------------  T H R E A D  ---------------

Current thread (0x000001e89f08c490):  JavaThread "Unknown thread" [_thread_in_vm, id=19552, stack(0x0000005889f00000,0x000000588a000000)]

Stack: [0x0000005889f00000,0x000000588a000000]
Native frames: (J=compiled Java code, j=interpreted, Vv=VM code, C=native code)
V  [jvm.dll+0x67741a]
V  [jvm.dll+0x834434]
V  [jvm.dll+0x835bde]
V  [jvm.dll+0x836243]
V  [jvm.dll+0x2457b5]
V  [jvm.dll+0xa626f]
V  [jvm.dll+0x6a9a96]
V  [jvm.dll+0x6aa63f]
V  [jvm.dll+0x683b13]
V  [jvm.dll+0x80684b]
V  [jvm.dll+0x3693b4]
V  [jvm.dll+0x7e56ac]
V  [jvm.dll+0x3eb35f]
V  [jvm.dll+0x3ecea1]
C  [jli.dll+0x5267]
C  [ucrtbase.dll+0x29363]
C  [KERNEL32.DLL+0x1269d]
C  [ntdll.dll+0x5a9f8]


---------------  P R O C E S S  ---------------

Threads class SMR info:
_java_thread_list=0x00007ff819445fd8, length=0, elements={
}

Java Threads: ( => current thread )

Other Threads:
  0x000001e89f0a1af0 GCTaskThread "GC Thread#0" [stack: 0x000000588a000000,0x000000588a100000] [id=24048]

=>0x000001e89f08c490 (exited) JavaThread "Unknown thread" [_thread_in_vm, id=19552, stack(0x0000005889f00000,0x000000588a000000)]

Threads with active compile tasks:

VM state: not at safepoint (normal execution)

VM Mutex/Monitor currently owned by a thread: None

Heap address: 0x00000000c0000000, size: 1024 MB, Compressed Oops mode: 32-bit

CDS archive(s) not mapped
Compressed class space mapped at: 0x0000000100000000-0x0000000140000000, reserved size: 1073741824
Narrow klass base: 0x0000000000000000, Narrow klass shift: 3, Narrow klass range: 0x140000000

GC Precious Log:
 CPUs: 16 total, 16 available
 Memory: 15713M
 Large Page Support: Disabled
 NUMA Support: Disabled
 Compressed Oops: Enabled (32-bit)
 Alignments: Space 512K, Generation 512K, Heap 2M
 Heap Min Capacity: 100M
 Heap Initial Capacity: 100M
 Heap Max Capacity: 1G
 Pre-touch: Disabled
 Parallel Workers: 13

Heap:
 PSYoungGen      total 29696K, used 512K [0x00000000eab00000, 0x00000000ecc00000, 0x0000000100000000)
  eden space 25600K, 2% used [0x00000000eab00000,0x00000000eab80070,0x00000000ec400000)
  from space 4096K, 0% used [0x00000000ec800000,0x00000000ec800000,0x00000000ecc00000)
  to   space 4096K, 0% used [0x00000000ec400000,0x00000000ec400000,0x00000000ec800000)
 ParOldGen       total 68608K, used 0K [0x00000000c0000000, 0x00000000c4300000, 0x00000000eab00000)
  object space 68608K, 0% used [0x00000000c0000000,0x00000000c0000000,0x00000000c4300000)
 Metaspace       used 1149K, committed 1216K, reserved 1056768K
  class space    used 101K, committed 128K, reserved 1048576K

Card table byte_map: [0x000001e89ea30000,0x000001e89ec40000] _byte_map_base: 0x000001e89e430000

Marking Bits: (ParMarkBitMap*) 0x00007ff8194b3e70
 Begin Bits: [0x000001e8b0d10000, 0x000001e8b1d10000)
 End Bits:   [0x000001e8b1d10000, 0x000001e8b2d10000)

Polling page: 0x000001e89cfd0000

Metaspace:

Usage:
  Non-class:      1.02 MB used.
      Class:    101.01 KB used.
       Both:      1.12 MB used.

Virtual space:
  Non-class space:        8.00 MB reserved,       1.06 MB ( 13%) committed,  1 nodes.
      Class space:        1.00 GB reserved,     128.00 KB ( <1%) committed,  1 nodes.
             Both:        1.01 GB reserved,       1.19 MB ( <1%) committed. 

Chunk freelists:
   Non-Class:  0 bytes
       Class:  3.75 MB
        Both:  3.75 MB

MaxMetaspaceSize: unlimited
CompressedClassSpaceSize: 1.00 GB
Initial GC threshold: 21.00 MB
Current GC threshold: 17179869184.00 GB
CDS: off
MetaspaceReclaimPolicy: balanced
 - commit_granule_bytes: 65536.
 - commit_granule_words: 8192.
 - virtual_space_node_default_size: 1048576.
 - enlarge_chunks_in_place: 1.
 - new_chunks_are_fully_committed: 0.
 - uncommit_free_chunks: 1.
 - use_allocation_guard: 0.
 - handle_deallocations: 1.


Internal statistics:

num_allocs_failed_limit: 0.
num_arena_births: 2.
num_arena_deaths: 0.
num_vsnodes_births: 2.
num_vsnodes_deaths: 0.
num_space_committed: 19.
num_space_uncommitted: 0.
num_chunks_returned_to_freelist: 0.
num_chunks_taken_from_freelist: 3.
num_chunk_merges: 0.
num_chunk_splits: 1.
num_chunks_enlarged: 0.
num_purges: 0.
num_inconsistent_stats: 0.

CodeHeap 'non-profiled nmethods': size=119168Kb used=0Kb max_used=0Kb free=119168Kb
 bounds [0x000001e8a98b0000, 0x000001e8a9b20000, 0x000001e8b0d10000]
CodeHeap 'profiled nmethods': size=119104Kb used=0Kb max_used=0Kb free=119104Kb
 bounds [0x000001e8a1d10000, 0x000001e8a1f80000, 0x000001e8a9160000]
CodeHeap 'non-nmethods': size=7488Kb used=202Kb max_used=353Kb free=7285Kb
 bounds [0x000001e8a9160000, 0x000001e8a93d0000, 0x000001e8a98b0000]
 total_blobs=66 nmethods=0 adapters=47
 compilation: enabled
              stopped_count=0, restarted_count=0
 full_count=0

Compilation events (0 events):
No events

GC Heap History (0 events):
No events

Dll operation events (1 events):
Event: 0.009 Loaded shared library c:\Users\prera\.vscode\extensions\redhat.java-1.17.0-win32-x64\jre\17.0.6-win32-x86_64\bin\java.dll

Deoptimization events (0 events):
No events

Classes unloaded (0 events):
No events

Classes redefined (0 events):
No events

Internal exceptions (0 events):
No events

VM Operations (0 events):
No events

Events (20 events):
Event: 0.031 loading class java/lang/Long
Event: 0.031 loading class java/lang/Long done
Event: 0.031 loading class java/util/Iterator
Event: 0.031 loading class java/util/Iterator done
Event: 0.031 loading class java/lang/reflect/RecordComponent
Event: 0.031 loading class java/lang/reflect/RecordComponent done
Event: 0.031 loading class jdk/internal/vm/vector/VectorSupport
Event: 0.031 loading class jdk/internal/vm/vector/VectorSupport done
Event: 0.032 loading class jdk/internal/vm/vector/VectorSupport$VectorPayload
Event: 0.032 loading class jdk/internal/vm/vector/VectorSupport$VectorPayload done
Event: 0.032 loading class jdk/internal/vm/vector/VectorSupport$Vector
Event: 0.032 loading class jdk/internal/vm/vector/VectorSupport$Vector done
Event: 0.032 loading class jdk/internal/vm/vector/VectorSupport$VectorMask
Event: 0.032 loading class jdk/internal/vm/vector/VectorSupport$VectorMask done
Event: 0.032 loading class jdk/internal/vm/vector/VectorSupport$VectorShuffle
Event: 0.032 loading class jdk/internal/vm/vector/VectorSupport$VectorShuffle done
Event: 0.034 loading class java/lang/NullPointerException
Event: 0.034 loading class java/lang/NullPointerException done
Event: 0.034 loading class java/lang/ArithmeticException
Event: 0.034 loading class java/lang/ArithmeticException done


Dynamic libraries:
0x00007ff63eb10000 - 0x00007ff63eb1e000 	c:\Users\prera\.vscode\extensions\redhat.java-1.17.0-win32-x64\jre\17.0.6-win32-x86_64\bin\java.exe
0x00007ff8d25d0000 - 0x00007ff8d27e4000 	C:\WINDOWS\SYSTEM32\ntdll.dll
0x00007ff8d1720000 - 0x00007ff8d17e2000 	C:\WINDOWS\System32\KERNEL32.DLL
0x00007ff8cfe30000 - 0x00007ff8d01cc000 	C:\WINDOWS\System32\KERNELBASE.dll
0x00007ff8d0240000 - 0x00007ff8d0351000 	C:\WINDOWS\System32\ucrtbase.dll
0x00007ff8bec70000 - 0x00007ff8bec87000 	c:\Users\prera\.vscode\extensions\redhat.java-1.17.0-win32-x64\jre\17.0.6-win32-x86_64\bin\jli.dll
0x00007ff8d17f0000 - 0x00007ff8d199b000 	C:\WINDOWS\System32\USER32.dll
0x00007ff8bec40000 - 0x00007ff8bec59000 	c:\Users\prera\.vscode\extensions\redhat.java-1.17.0-win32-x64\jre\17.0.6-win32-x86_64\bin\VCRUNTIME140.dll
0x00007ff8cfad0000 - 0x00007ff8cfaf6000 	C:\WINDOWS\System32\win32u.dll
0x00007ff8d1550000 - 0x00007ff8d1579000 	C:\WINDOWS\System32\GDI32.dll
0x00007ff8b6da0000 - 0x00007ff8b702e000 	C:\WINDOWS\WinSxS\amd64_microsoft.windows.common-controls_6595b64144ccf1df_6.0.22621.608_none_a9444ca7c10bb01d\COMCTL32.dll
0x00007ff8cfd10000 - 0x00007ff8cfe23000 	C:\WINDOWS\System32\gdi32full.dll
0x00007ff8d24e0000 - 0x00007ff8d2587000 	C:\WINDOWS\System32\msvcrt.dll
0x00007ff8cfc70000 - 0x00007ff8cfd0a000 	C:\WINDOWS\System32\msvcp_win.dll
0x00007ff8d16d0000 - 0x00007ff8d1701000 	C:\WINDOWS\System32\IMM32.DLL
0x00007ff8bec30000 - 0x00007ff8bec3c000 	c:\Users\prera\.vscode\extensions\redhat.java-1.17.0-win32-x64\jre\17.0.6-win32-x86_64\bin\vcruntime140_1.dll
0x00007ff8a7350000 - 0x00007ff8a73e1000 	c:\Users\prera\.vscode\extensions\redhat.java-1.17.0-win32-x64\jre\17.0.6-win32-x86_64\bin\msvcp140.dll
0x00007ff818930000 - 0x00007ff819577000 	c:\Users\prera\.vscode\extensions\redhat.java-1.17.0-win32-x64\jre\17.0.6-win32-x86_64\bin\server\jvm.dll
0x00007ff8d1580000 - 0x00007ff8d162e000 	C:\WINDOWS\System32\ADVAPI32.dll
0x00007ff8d19a0000 - 0x00007ff8d1a44000 	C:\WINDOWS\System32\sechost.dll
0x00007ff8d03e0000 - 0x00007ff8d04f7000 	C:\WINDOWS\System32\RPCRT4.dll
0x00007ff8c95c0000 - 0x00007ff8c95f4000 	C:\WINDOWS\SYSTEM32\WINMM.dll
0x00007ff8c8d60000 - 0x00007ff8c8d6a000 	C:\WINDOWS\SYSTEM32\VERSION.dll
0x00007ff8bebf0000 - 0x00007ff8bebf9000 	C:\WINDOWS\SYSTEM32\WSOCK32.dll
0x00007ff8d0550000 - 0x00007ff8d05c1000 	C:\WINDOWS\System32\WS2_32.dll
0x00007ff8ce990000 - 0x00007ff8ce9a8000 	C:\WINDOWS\SYSTEM32\kernel.appcore.dll
0x00007ff8bebe0000 - 0x00007ff8bebea000 	c:\Users\prera\.vscode\extensions\redhat.java-1.17.0-win32-x64\jre\17.0.6-win32-x86_64\bin\jimage.dll
0x00007ff8c0850000 - 0x00007ff8c0a7e000 	C:\WINDOWS\SYSTEM32\DBGHELP.DLL
0x00007ff8d0e00000 - 0x00007ff8d1189000 	C:\WINDOWS\System32\combase.dll
0x00007ff8d0630000 - 0x00007ff8d0707000 	C:\WINDOWS\System32\OLEAUT32.dll
0x00007ff8bf4d0000 - 0x00007ff8bf502000 	C:\WINDOWS\SYSTEM32\dbgcore.DLL
0x00007ff8d0360000 - 0x00007ff8d03db000 	C:\WINDOWS\System32\bcryptPrimitives.dll
0x00007ff8bebd0000 - 0x00007ff8bebde000 	c:\Users\prera\.vscode\extensions\redhat.java-1.17.0-win32-x64\jre\17.0.6-win32-x86_64\bin\instrument.dll
0x00007ff8beba0000 - 0x00007ff8bebc5000 	c:\Users\prera\.vscode\extensions\redhat.java-1.17.0-win32-x64\jre\17.0.6-win32-x86_64\bin\java.dll
0x00007ff8be850000 - 0x00007ff8be868000 	c:\Users\prera\.vscode\extensions\redhat.java-1.17.0-win32-x64\jre\17.0.6-win32-x86_64\bin\zip.dll

dbghelp: loaded successfully - version: 4.0.5 - missing functions: none
symbol engine: initialized successfully - sym options: 0x614 - pdb path: .;c:\Users\prera\.vscode\extensions\redhat.java-1.17.0-win32-x64\jre\17.0.6-win32-x86_64\bin;C:\WINDOWS\SYSTEM32;C:\WINDOWS\WinSxS\amd64_microsoft.windows.common-controls_6595b64144ccf1df_6.0.22621.608_none_a9444ca7c10bb01d;c:\Users\prera\.vscode\extensions\redhat.java-1.17.0-win32-x64\jre\17.0.6-win32-x86_64\bin\server

VM Arguments:
jvm_args: --add-modules=ALL-SYSTEM --add-opens=java.base/java.util=ALL-UNNAMED --add-opens=java.base/java.lang=ALL-UNNAMED --add-opens=java.base/sun.nio.fs=ALL-UNNAMED -Declipse.application=org.eclipse.jdt.ls.core.id1 -Dosgi.bundles.defaultStartLevel=4 -Declipse.product=org.eclipse.jdt.ls.core.product -Djava.import.generatesMetadataFilesAtProjectRoot=false -Dfile.encoding=utf8 -XX:+UseParallelGC -XX:GCTimeRatio=4 -XX:AdaptiveSizePolicyWeight=90 -Dsun.zip.disableMemoryMapping=true -Xmx1G -Xms100m -Xlog:disable -javaagent:c:\Users\prera\.vscode\extensions\redhat.java-1.17.0-win32-x64\lombok\lombok-1.18.24.jar -XX:+HeapDumpOnOutOfMemoryError -XX:HeapDumpPath=c:\Users\prera\AppData\Roaming\Code\User\workspaceStorage\17cf255be1d5e9daf9b49459649ceef1\redhat.java -Daether.dependencyCollector.impl=bf 
java_command: c:\Users\prera\.vscode\extensions\redhat.java-1.17.0-win32-x64\server\plugins\org.eclipse.equinox.launcher_1.6.400.v20210924-0641.jar -configuration c:\Users\prera\AppData\Roaming\Code\User\globalStorage\redhat.java\1.17.0\config_win -data c:\Users\prera\AppData\Roaming\Code\User\workspaceStorage\17cf255be1d5e9daf9b49459649ceef1\redhat.java\jdt_ws
java_class_path (initial): c:\Users\prera\.vscode\extensions\redhat.java-1.17.0-win32-x64\server\plugins\org.eclipse.equinox.launcher_1.6.400.v20210924-0641.jar
Launcher Type: SUN_STANDARD

[Global flags]
    uintx AdaptiveSizePolicyWeight                 = 90                                        {product} {command line}
     intx CICompilerCount                          = 12                                        {product} {ergonomic}
    uintx GCTimeRatio                              = 4                                         {product} {command line}
     bool HeapDumpOnOutOfMemoryError               = true                                   {manageable} {command line}
    ccstr HeapDumpPath                             = c:\Users\prera\AppData\Roaming\Code\User\workspaceStorage\17cf255be1d5e9daf9b49459649ceef1\redhat.java         {manageable} {command line}
   size_t InitialHeapSize                          = 104857600                                 {product} {command line}
   size_t MaxHeapSize                              = 1073741824                                {product} {command line}
   size_t MaxNewSize                               = 357564416                                 {product} {ergonomic}
   size_t MinHeapDeltaBytes                        = 524288                                    {product} {ergonomic}
   size_t MinHeapSize                              = 104857600                                 {product} {command line}
   size_t NewSize                                  = 34603008                                  {product} {ergonomic}
    uintx NonNMethodCodeHeapSize                   = 7602480                                {pd product} {ergonomic}
    uintx NonProfiledCodeHeapSize                  = 122027880                              {pd product} {ergonomic}
   size_t OldSize                                  = 70254592                                  {product} {ergonomic}
    uintx ProfiledCodeHeapSize                     = 122027880                              {pd product} {ergonomic}
    uintx ReservedCodeCacheSize                    = 251658240                              {pd product} {ergonomic}
     bool SegmentedCodeCache                       = true                                      {product} {ergonomic}
   size_t SoftMaxHeapSize                          = 1073741824                             {manageable} {ergonomic}
     bool UseCompressedClassPointers               = true                           {product lp64_product} {ergonomic}
     bool UseCompressedOops                        = true                           {product lp64_product} {ergonomic}
     bool UseLargePagesIndividualAllocation        = false                                  {pd product} {ergonomic}
     bool UseParallelGC                            = true                                      {product} {command line}

Logging:
Log output configuration:
 #0: stdout all=off uptime,level,tags
 #1: stderr all=off uptime,level,tags

Environment Variables:
PATH=C:\Program Files\Common Files\Oracle\Java\javapath;C:\windows\system32;C:\windows;C:\windows\System32\Wbem;C:\windows\System32\WindowsPowerShell\v1.0\;C:\windows\System32\OpenSSH\;C:\Program Files (x86)\NVIDIA Corporation\PhysX\Common;C:\Program Files\nodejs\;C:\Program Files\Git\cmd;C:\Program Files\MongoDB\Server\6.0\bin\;C:\Program Files\mongosh-1.6.1-win32-x64\mongosh-1.6.1-win32-x64\bin;;C:\WINDOWS\system32;C:\WINDOWS;C:\WINDOWS\System32\Wbem;C:\WINDOWS\System32\WindowsPowerShell\v1.0\;C:\WINDOWS\System32\OpenSSH\;C:\Program Files\MySQL\MySQL Shell 8.0\bin\;C:\Users\prera\AppData\Local\Programs\Python\Python310\Scripts\;C:\Users\prera\AppData\Local\Programs\Python\Python310\;C:\Users\prera\AppData\Local\Programs\Python\Launcher\;C:\Users\prera\AppData\Local\Microsoft\WindowsApps;C:\Users\prera\AppData\Local\Programs\Microsoft VS Code\bin;C:\Users\prera\AppData\Roaming\npm;C:\Users\prera\AppData\Local\GitHubDesktop\bin;C:\Program Files\Java\jdk-19\bin;
USERNAME=prera
OS=Windows_NT
PROCESSOR_IDENTIFIER=AMD64 Family 25 Model 80 Stepping 0, AuthenticAMD
TMP=C:\Users\prera\AppData\Local\Temp
TEMP=C:\Users\prera\AppData\Local\Temp



---------------  S Y S T E M  ---------------

OS:
 Windows 11 , 64 bit Build 22621 (10.0.22621.1485)
OS uptime: 0 days 1:34 hours
Hyper-V role detected

CPU: total 16 (initial active 16) (16 cores per cpu, 2 threads per core) family 25 model 80 stepping 0 microcode 0x0, cx8, cmov, fxsr, ht, mmx, 3dnowpref, sse, sse2, sse3, ssse3, sse4a, sse4.1, sse4.2, popcnt, lzcnt, tsc, tscinvbit, avx, avx2, aes, erms, clmul, bmi1, bmi2, adx, sha, fma, vzeroupper, clflush, clflushopt, hv

Memory: 4k page, system-wide physical 15713M (5203M free)
TotalPageFile size 17761M (AvailPageFile size 162M)
current process WorkingSet (physical memory assigned to process): 16M, peak: 16M
current process commit charge ("private bytes"): 153M, peak: 154M

vm_info: OpenJDK 64-Bit Server VM (17.0.6+10) for windows-amd64 JRE (17.0.6+10), built on Jan 18 2023 10:08:59 by "temurin" with MS VC++ 16.7 (VS2019)

END.
